{"numTotalTestSuites":120,"numPassedTestSuites":82,"numFailedTestSuites":38,"numPendingTestSuites":0,"numTotalTests":285,"numPassedTests":242,"numFailedTests":43,"numPendingTests":0,"numTodoTests":0,"snapshot":{"added":0,"failure":false,"filesAdded":0,"filesRemoved":0,"filesRemovedList":[],"filesUnmatched":0,"filesUpdated":0,"matched":0,"total":0,"unchecked":0,"uncheckedKeysByFile":[],"unmatched":0,"updated":0,"didUpdate":false},"startTime":1775068215574,"success":false,"testResults":[{"assertionResults":[],"startTime":1775068215574,"endTime":1775068215574,"status":"failed","message":"Cannot find module '../controllers/reviewController.js' imported from 'C:/Users/ASUS TUF GAMING/Desktop/FullStack 2024/Proyecto-Final/ecommerce-api/src/routes/productRoutes.js'","name":"C:/Users/ASUS TUF GAMING/Desktop/FullStack 2024/Proyecto-Final/ecommerce-api/src/__tests__/auth.integration.test.js"},{"assertionResults":[],"startTime":1775068215574,"endTime":1775068215574,"status":"failed","message":"Cannot find module '../controllers/reviewController.js' imported from 'C:/Users/ASUS TUF GAMING/Desktop/FullStack 2024/Proyecto-Final/ecommerce-api/src/routes/productRoutes.js'","name":"C:/Users/ASUS TUF GAMING/Desktop/FullStack 2024/Proyecto-Final/ecommerce-api/src/__tests__/cart.integration.test.js"},{"assertionResults":[],"startTime":1775068215574,"endTime":1775068215574,"status":"failed","message":"Cannot find module '../controllers/reviewController.js' imported from 'C:/Users/ASUS TUF GAMING/Desktop/FullStack 2024/Proyecto-Final/ecommerce-api/src/routes/productRoutes.js'","name":"C:/Users/ASUS TUF GAMING/Desktop/FullStack 2024/Proyecto-Final/ecommerce-api/src/__tests__/category.integration.test.js"},{"assertionResults":[],"startTime":1775068215574,"endTime":1775068215574,"status":"failed","message":"Cannot find module '../controllers/reviewController.js' imported from 'C:/Users/ASUS TUF GAMING/Desktop/FullStack 2024/Proyecto-Final/ecommerce-api/src/routes/productRoutes.js'","name":"C:/Users/ASUS TUF GAMING/Desktop/FullStack 2024/Proyecto-Final/ecommerce-api/src/__tests__/order.integration.test.js"},{"assertionResults":[],"startTime":1775068215574,"endTime":1775068215574,"status":"failed","message":"Cannot find module '../controllers/reviewController.js' imported from 'C:/Users/ASUS TUF GAMING/Desktop/FullStack 2024/Proyecto-Final/ecommerce-api/src/routes/productRoutes.js'","name":"C:/Users/ASUS TUF GAMING/Desktop/FullStack 2024/Proyecto-Final/ecommerce-api/src/__tests__/payments.integration.test.js"},{"assertionResults":[{"ancestorTitles":["Products integration (skeleton)"],"fullName":"Products integration (skeleton) placeholder","status":"passed","title":"placeholder","duration":2.5646999999999025,"failureMessages":[],"meta":{}}],"startTime":1775068223352,"endTime":1775068223354.5647,"status":"passed","message":"","name":"C:/Users/ASUS TUF GAMING/Desktop/FullStack 2024/Proyecto-Final/ecommerce-api/src/__tests__/products.integration.test.js"},{"assertionResults":[],"startTime":1775068215574,"endTime":1775068215574,"status":"failed","message":"Cannot find module '../controllers/reviewController.js' imported from 'C:/Users/ASUS TUF GAMING/Desktop/FullStack 2024/Proyecto-Final/ecommerce-api/src/routes/productRoutes.js'","name":"C:/Users/ASUS TUF GAMING/Desktop/FullStack 2024/Proyecto-Final/ecommerce-api/src/__tests__/reviews.integration.test.js"},{"assertionResults":[],"startTime":1775068215574,"endTime":1775068215574,"status":"failed","message":"Cannot find module '../controllers/reviewController.js' imported from 'C:/Users/ASUS TUF GAMING/Desktop/FullStack 2024/Proyecto-Final/ecommerce-api/src/routes/productRoutes.js'","name":"C:/Users/ASUS TUF GAMING/Desktop/FullStack 2024/Proyecto-Final/ecommerce-api/src/__tests__/security.idor.test.js"},{"assertionResults":[{"ancestorTitles":["Server.js configuration"],"fullName":"Server.js configuration should export app from server.js","status":"passed","title":"should export app from server.js","duration":2.363299999999981,"failureMessages":[],"meta":{}},{"ancestorTitles":["Server.js configuration"],"fullName":"Server.js configuration server.js exists and is valid module","status":"passed","title":"server.js exists and is valid module","duration":0.6517000000003463,"failureMessages":[],"meta":{}}],"startTime":1775068223422,"endTime":1775068223425.6516,"status":"passed","message":"","name":"C:/Users/ASUS TUF GAMING/Desktop/FullStack 2024/Proyecto-Final/ecommerce-api/src/__tests__/server.test.js"},{"assertionResults":[],"startTime":1775068215574,"endTime":1775068215574,"status":"failed","message":"Cannot find module '../controllers/reviewController.js' imported from 'C:/Users/ASUS TUF GAMING/Desktop/FullStack 2024/Proyecto-Final/ecommerce-api/src/routes/productRoutes.js'","name":"C:/Users/ASUS TUF GAMING/Desktop/FullStack 2024/Proyecto-Final/ecommerce-api/src/__tests__/shippingAddresses.integration.test.js"},{"assertionResults":[],"startTime":1775068215574,"endTime":1775068215574,"status":"failed","message":"Cannot find module '../controllers/reviewController.js' imported from 'C:/Users/ASUS TUF GAMING/Desktop/FullStack 2024/Proyecto-Final/ecommerce-api/src/routes/productRoutes.js'","name":"C:/Users/ASUS TUF GAMING/Desktop/FullStack 2024/Proyecto-Final/ecommerce-api/src/__tests__/user.integration.test.js"},{"assertionResults":[],"startTime":1775068215574,"endTime":1775068215574,"status":"failed","message":"Cannot find module '../controllers/reviewController.js' imported from 'C:/Users/ASUS TUF GAMING/Desktop/FullStack 2024/Proyecto-Final/ecommerce-api/src/routes/productRoutes.js'","name":"C:/Users/ASUS TUF GAMING/Desktop/FullStack 2024/Proyecto-Final/ecommerce-api/src/__tests__/wishlist.integration.test.js"},{"assertionResults":[{"ancestorTitles":["AuthController","register"],"fullName":"AuthController register should register a new user successfully","status":"passed","title":"should register a new user successfully","duration":41.73059999999987,"failureMessages":[],"meta":{}},{"ancestorTitles":["AuthController","register"],"fullName":"AuthController register should return 400 if user already exists","status":"passed","title":"should return 400 if user already exists","duration":18.259099999999762,"failureMessages":[],"meta":{}},{"ancestorTitles":["AuthController","register"],"fullName":"AuthController register should call next with error when database fails","status":"passed","title":"should call next with error when database fails","duration":9.185500000000047,"failureMessages":[],"meta":{}},{"ancestorTitles":["AuthController","register"],"fullName":"AuthController register should create user with guest role by default","status":"passed","title":"should create user with guest role by default","duration":9.274800000000141,"failureMessages":[],"meta":{}},{"ancestorTitles":["AuthController","login"],"fullName":"AuthController login should login user successfully and return token","status":"passed","title":"should login user successfully and return token","duration":4.589799999999741,"failureMessages":[],"meta":{}},{"ancestorTitles":["AuthController","login"],"fullName":"AuthController login should return 400 if user does not exist","status":"passed","title":"should return 400 if user does not exist","duration":4.119599999999991,"failureMessages":[],"meta":{}},{"ancestorTitles":["AuthController","login"],"fullName":"AuthController login should return 400 if password is incorrect","status":"passed","title":"should return 400 if password is incorrect","duration":3.9402000000000044,"failureMessages":[],"meta":{}},{"ancestorTitles":["AuthController","login"],"fullName":"AuthController login should call next with error when login fails","status":"passed","title":"should call next with error when login fails","duration":2.8948999999997795,"failureMessages":[],"meta":{}},{"ancestorTitles":["AuthController","checkEmail"],"fullName":"AuthController checkEmail should return taken: true if email exists","status":"passed","title":"should return taken: true if email exists","duration":3.4686000000001513,"failureMessages":[],"meta":{}},{"ancestorTitles":["AuthController","checkEmail"],"fullName":"AuthController checkEmail should return taken: false if email does not exist","status":"passed","title":"should return taken: false if email does not exist","duration":3.0537999999996828,"failureMessages":[],"meta":{}},{"ancestorTitles":["AuthController","checkEmail"],"fullName":"AuthController checkEmail should handle email with uppercase and spaces","status":"passed","title":"should handle email with uppercase and spaces","duration":2.4177999999997155,"failureMessages":[],"meta":{}},{"ancestorTitles":["AuthController","checkEmail"],"fullName":"AuthController checkEmail should return taken: false if email is empty","status":"passed","title":"should return taken: false if email is empty","duration":2.3877000000002226,"failureMessages":[],"meta":{}},{"ancestorTitles":["AuthController","checkEmail"],"fullName":"AuthController checkEmail should return taken: false if email query param is missing","status":"passed","title":"should return taken: false if email query param is missing","duration":2.472400000000107,"failureMessages":[],"meta":{}},{"ancestorTitles":["AuthController","checkEmail"],"fullName":"AuthController checkEmail should call next with error when database check fails","status":"passed","title":"should call next with error when database check fails","duration":2.418499999999767,"failureMessages":[],"meta":{}},{"ancestorTitles":["AuthController","refreshToken"],"fullName":"AuthController refreshToken AU-16 Token válido → responde con nuevo access + refresh token","status":"passed","title":"AU-16 Token válido → responde con nuevo access + refresh token","duration":3.1759000000001834,"failureMessages":[],"meta":{}},{"ancestorTitles":["AuthController","refreshToken"],"fullName":"AuthController refreshToken AU-17 Sin refreshToken en body → 401","status":"passed","title":"AU-17 Sin refreshToken en body → 401","duration":2.590400000000045,"failureMessages":[],"meta":{}},{"ancestorTitles":["AuthController","refreshToken"],"fullName":"AuthController refreshToken AU-18 Token inválido o expirado → 403","status":"passed","title":"AU-18 Token inválido o expirado → 403","duration":2.9809000000000196,"failureMessages":[],"meta":{}},{"ancestorTitles":["AuthController","refreshToken"],"fullName":"AuthController refreshToken AU-19 [DECISION] refreshToken no tiene ruta next(error) — jwt.verify es callback-based","status":"passed","title":"AU-19 [DECISION] refreshToken no tiene ruta next(error) — jwt.verify es callback-based","duration":2.3269000000000233,"failureMessages":[],"meta":{}}],"startTime":1775068223412,"endTime":1775068223535.327,"status":"passed","message":"","name":"C:/Users/ASUS TUF GAMING/Desktop/FullStack 2024/Proyecto-Final/ecommerce-api/src/controllers/__tests__/authController.test.js"},{"assertionResults":[{"ancestorTitles":["CartController","getCarts"],"fullName":"CartController getCarts CA-01 Obtener todos los carritos","status":"passed","title":"CA-01 Obtener todos los carritos","duration":6.928899999999885,"failureMessages":[],"meta":{}},{"ancestorTitles":["CartController","getCartById"],"fullName":"CartController getCartById CA-02 ID válido","status":"failed","title":"CA-02 ID válido","duration":17.332500000000437,"failureMessages":["AssertionError: expected \"vi.fn()\" to be called with arguments: [ { _id: 'c1' } ]\u001b[90m\n\nNumber of calls: \u001b[1m0\u001b[22m\n\u001b[39m\n    at Proxy.<anonymous> (file:///C:/Users/ASUS%20TUF%20GAMING/Desktop/FullStack%202024/Proyecto-Final/ecommerce-api/node_modules/@vitest/expect/dist/index.js:1420:10)\n    at Proxy.<anonymous> (file:///C:/Users/ASUS%20TUF%20GAMING/Desktop/FullStack%202024/Proyecto-Final/ecommerce-api/node_modules/@vitest/expect/dist/index.js:1090:14)\n    at Proxy.methodWrapper (file:///C:/Users/ASUS%20TUF%20GAMING/Desktop/FullStack%202024/Proyecto-Final/ecommerce-api/node_modules/chai/index.js:1700:25)\n    at C:/Users/ASUS TUF GAMING/Desktop/FullStack 2024/Proyecto-Final/ecommerce-api/src/controllers/__tests__/cartController.test.js:89:12\n    at processTicksAndRejections (node:internal/process/task_queues:105:5)\n    at file:///C:/Users/ASUS%20TUF%20GAMING/Desktop/FullStack%202024/Proyecto-Final/ecommerce-api/node_modules/@vitest/runner/dist/index.js:915:20"],"meta":{}},{"ancestorTitles":["CartController","getCartByUser"],"fullName":"CartController getCartByUser CA-04 Usuario con carrito","status":"failed","title":"CA-04 Usuario con carrito","duration":3.215299999999843,"failureMessages":["AssertionError: expected \"vi.fn()\" to be called with arguments: [ { …(2) } ]\u001b[90m\n\nNumber of calls: \u001b[1m0\u001b[22m\n\u001b[39m\n    at Proxy.<anonymous> (file:///C:/Users/ASUS%20TUF%20GAMING/Desktop/FullStack%202024/Proyecto-Final/ecommerce-api/node_modules/@vitest/expect/dist/index.js:1420:10)\n    at Proxy.<anonymous> (file:///C:/Users/ASUS%20TUF%20GAMING/Desktop/FullStack%202024/Proyecto-Final/ecommerce-api/node_modules/@vitest/expect/dist/index.js:1090:14)\n    at Proxy.methodWrapper (file:///C:/Users/ASUS%20TUF%20GAMING/Desktop/FullStack%202024/Proyecto-Final/ecommerce-api/node_modules/chai/index.js:1700:25)\n    at C:/Users/ASUS TUF GAMING/Desktop/FullStack 2024/Proyecto-Final/ecommerce-api/src/controllers/__tests__/cartController.test.js:100:56\n    at processTicksAndRejections (node:internal/process/task_queues:105:5)\n    at file:///C:/Users/ASUS%20TUF%20GAMING/Desktop/FullStack%202024/Proyecto-Final/ecommerce-api/node_modules/@vitest/runner/dist/index.js:915:20"],"meta":{}},{"ancestorTitles":["CartController","getCartByUser"],"fullName":"CartController getCartByUser CA-05 Usuario sin carrito","status":"failed","title":"CA-05 Usuario sin carrito","duration":3.7533000000003085,"failureMessages":["AssertionError: expected \"vi.fn()\" to be called with arguments: [ { …(2) } ]\u001b[90m\n\nNumber of calls: \u001b[1m0\u001b[22m\n\u001b[39m\n    at Proxy.<anonymous> (file:///C:/Users/ASUS%20TUF%20GAMING/Desktop/FullStack%202024/Proyecto-Final/ecommerce-api/node_modules/@vitest/expect/dist/index.js:1420:10)\n    at Proxy.<anonymous> (file:///C:/Users/ASUS%20TUF%20GAMING/Desktop/FullStack%202024/Proyecto-Final/ecommerce-api/node_modules/@vitest/expect/dist/index.js:1090:14)\n    at Proxy.methodWrapper (file:///C:/Users/ASUS%20TUF%20GAMING/Desktop/FullStack%202024/Proyecto-Final/ecommerce-api/node_modules/chai/index.js:1700:25)\n    at C:/Users/ASUS TUF GAMING/Desktop/FullStack 2024/Proyecto-Final/ecommerce-api/src/controllers/__tests__/cartController.test.js:111:55\n    at processTicksAndRejections (node:internal/process/task_queues:105:5)\n    at file:///C:/Users/ASUS%20TUF%20GAMING/Desktop/FullStack%202024/Proyecto-Final/ecommerce-api/node_modules/@vitest/runner/dist/index.js:915:20"],"meta":{}},{"ancestorTitles":["CartController","getCartByUser"],"fullName":"CartController getCartByUser CA-03b BD falla → next(error) en getCartByUser","status":"failed","title":"CA-03b BD falla → next(error) en getCartByUser","duration":11.040299999999661,"failureMessages":["AssertionError: expected \"vi.fn()\" to be called with arguments: [ Error: DB error ]\u001b[90m\n\nReceived: \n\n\u001b[1m  1st vi.fn() call:\n\n\u001b[22m\u001b[2m  [\u001b[22m\n\u001b[32m-   Error {\u001b[90m\n\u001b[32m-     \"message\": \"DB error\",\u001b[90m\n\u001b[31m+   TypeError {\u001b[90m\n\u001b[31m+     \"message\": \"Cannot read properties of undefined (reading 'userId')\",\u001b[90m\n\u001b[2m    },\u001b[22m\n\u001b[2m  ]\u001b[22m\n\u001b[39m\u001b[90m\n\nNumber of calls: \u001b[1m1\u001b[22m\n\u001b[39m\n    at Proxy.<anonymous> (file:///C:/Users/ASUS%20TUF%20GAMING/Desktop/FullStack%202024/Proyecto-Final/ecommerce-api/node_modules/@vitest/expect/dist/index.js:1420:10)\n    at Proxy.<anonymous> (file:///C:/Users/ASUS%20TUF%20GAMING/Desktop/FullStack%202024/Proyecto-Final/ecommerce-api/node_modules/@vitest/expect/dist/index.js:1090:14)\n    at Proxy.methodWrapper (file:///C:/Users/ASUS%20TUF%20GAMING/Desktop/FullStack%202024/Proyecto-Final/ecommerce-api/node_modules/chai/index.js:1700:25)\n    at C:/Users/ASUS TUF GAMING/Desktop/FullStack 2024/Proyecto-Final/ecommerce-api/src/controllers/__tests__/cartController.test.js:126:24\n    at processTicksAndRejections (node:internal/process/task_queues:105:5)\n    at file:///C:/Users/ASUS%20TUF%20GAMING/Desktop/FullStack%202024/Proyecto-Final/ecommerce-api/node_modules/@vitest/runner/dist/index.js:915:20"],"meta":{}},{"ancestorTitles":["CartController","getCartByUser"],"fullName":"CartController getCartByUser CA-21 BD falla → next(error) en updateCartItem","status":"failed","title":"CA-21 BD falla → next(error) en updateCartItem","duration":4.201199999999517,"failureMessages":["AssertionError: expected \"vi.fn()\" to be called with arguments: [ Error: DB failure ]\u001b[90m\n\nReceived: \n\n\u001b[1m  1st vi.fn() call:\n\n\u001b[22m\u001b[2m  [\u001b[22m\n\u001b[32m-   Error {\u001b[90m\n\u001b[32m-     \"message\": \"DB failure\",\u001b[90m\n\u001b[31m+   TypeError {\u001b[90m\n\u001b[31m+     \"message\": \"Cannot read properties of undefined (reading 'userId')\",\u001b[90m\n\u001b[2m    },\u001b[22m\n\u001b[2m  ]\u001b[22m\n\u001b[39m\u001b[90m\n\nNumber of calls: \u001b[1m1\u001b[22m\n\u001b[39m\n    at Proxy.<anonymous> (file:///C:/Users/ASUS%20TUF%20GAMING/Desktop/FullStack%202024/Proyecto-Final/ecommerce-api/node_modules/@vitest/expect/dist/index.js:1420:10)\n    at Proxy.<anonymous> (file:///C:/Users/ASUS%20TUF%20GAMING/Desktop/FullStack%202024/Proyecto-Final/ecommerce-api/node_modules/@vitest/expect/dist/index.js:1090:14)\n    at Proxy.methodWrapper (file:///C:/Users/ASUS%20TUF%20GAMING/Desktop/FullStack%202024/Proyecto-Final/ecommerce-api/node_modules/chai/index.js:1700:25)\n    at C:/Users/ASUS TUF GAMING/Desktop/FullStack 2024/Proyecto-Final/ecommerce-api/src/controllers/__tests__/cartController.test.js:134:11\n    at processTicksAndRejections (node:internal/process/task_queues:105:5)\n    at file:///C:/Users/ASUS%20TUF%20GAMING/Desktop/FullStack%202024/Proyecto-Final/ecommerce-api/node_modules/@vitest/runner/dist/index.js:915:20"],"meta":{}},{"ancestorTitles":["CartController","addProductToCart"],"fullName":"CartController addProductToCart CA-07 Nuevo carrito para el usuario","status":"failed","title":"CA-07 Nuevo carrito para el usuario","duration":1.6412000000000262,"failureMessages":["AssertionError: expected \"vi.fn()\" to be called at least once\n    at Proxy.<anonymous> (file:///C:/Users/ASUS%20TUF%20GAMING/Desktop/FullStack%202024/Proyecto-Final/ecommerce-api/node_modules/@vitest/expect/dist/index.js:1400:10)\n    at Proxy.<anonymous> (file:///C:/Users/ASUS%20TUF%20GAMING/Desktop/FullStack%202024/Proyecto-Final/ecommerce-api/node_modules/@vitest/expect/dist/index.js:1090:14)\n    at Proxy.methodWrapper (file:///C:/Users/ASUS%20TUF%20GAMING/Desktop/FullStack%202024/Proyecto-Final/ecommerce-api/node_modules/chai/index.js:1700:25)\n    at C:/Users/ASUS TUF GAMING/Desktop/FullStack 2024/Proyecto-Final/ecommerce-api/src/controllers/__tests__/cartController.test.js:156:30\n    at processTicksAndRejections (node:internal/process/task_queues:105:5)\n    at file:///C:/Users/ASUS%20TUF%20GAMING/Desktop/FullStack%202024/Proyecto-Final/ecommerce-api/node_modules/@vitest/runner/dist/index.js:915:20"],"meta":{}},{"ancestorTitles":["CartController","addProductToCart"],"fullName":"CartController addProductToCart CA-08 Añadir a carrito existente","status":"failed","title":"CA-08 Añadir a carrito existente","duration":3.840800000000854,"failureMessages":["AssertionError: expected 1 to be 2 // Object.is equality\n    at C:/Users/ASUS TUF GAMING/Desktop/FullStack 2024/Proyecto-Final/ecommerce-api/src/controllers/__tests__/cartController.test.js:177:55\n    at processTicksAndRejections (node:internal/process/task_queues:105:5)\n    at file:///C:/Users/ASUS%20TUF%20GAMING/Desktop/FullStack%202024/Proyecto-Final/ecommerce-api/node_modules/@vitest/runner/dist/index.js:915:20"],"meta":{}},{"ancestorTitles":["CartController","updateCartItem"],"fullName":"CartController updateCartItem CA-12 Actualiza cantidad","status":"failed","title":"CA-12 Actualiza cantidad","duration":2.1947000000000116,"failureMessages":["AssertionError: expected 1 to be 5 // Object.is equality\n    at C:/Users/ASUS TUF GAMING/Desktop/FullStack 2024/Proyecto-Final/ecommerce-api/src/controllers/__tests__/cartController.test.js:196:51\n    at processTicksAndRejections (node:internal/process/task_queues:105:5)\n    at file:///C:/Users/ASUS%20TUF%20GAMING/Desktop/FullStack%202024/Proyecto-Final/ecommerce-api/node_modules/@vitest/runner/dist/index.js:915:20"],"meta":{}},{"ancestorTitles":["CartController","clearCartItems"],"fullName":"CartController clearCartItems CA-18 Vacía el carrito","status":"failed","title":"CA-18 Vacía el carrito","duration":16.33690000000024,"failureMessages":["AssertionError: expected [ { product: 'p1' } ] to have a length of +0 but got 1\n    at Proxy.<anonymous> (file:///C:/Users/ASUS%20TUF%20GAMING/Desktop/FullStack%202024/Proyecto-Final/ecommerce-api/node_modules/@vitest/expect/dist/index.js:1322:20)\n    at Proxy.<anonymous> (file:///C:/Users/ASUS%20TUF%20GAMING/Desktop/FullStack%202024/Proyecto-Final/ecommerce-api/node_modules/@vitest/expect/dist/index.js:1090:14)\n    at Proxy.methodWrapper (file:///C:/Users/ASUS%20TUF%20GAMING/Desktop/FullStack%202024/Proyecto-Final/ecommerce-api/node_modules/chai/index.js:1700:25)\n    at C:/Users/ASUS TUF GAMING/Desktop/FullStack 2024/Proyecto-Final/ecommerce-api/src/controllers/__tests__/cartController.test.js:213:30\n    at processTicksAndRejections (node:internal/process/task_queues:105:5)\n    at file:///C:/Users/ASUS%20TUF%20GAMING/Desktop/FullStack%202024/Proyecto-Final/ecommerce-api/node_modules/@vitest/runner/dist/index.js:915:20"],"meta":{}},{"ancestorTitles":["CartController","clearCartItems"],"fullName":"CartController clearCartItems CA-19 Carrito no encontrado → 404","status":"failed","title":"CA-19 Carrito no encontrado → 404","duration":2.9155000000000655,"failureMessages":["AssertionError: expected \"vi.fn()\" to be called with arguments: [ 404 ]\u001b[90m\n\nNumber of calls: \u001b[1m0\u001b[22m\n\u001b[39m\n    at Proxy.<anonymous> (file:///C:/Users/ASUS%20TUF%20GAMING/Desktop/FullStack%202024/Proyecto-Final/ecommerce-api/node_modules/@vitest/expect/dist/index.js:1420:10)\n    at Proxy.<anonymous> (file:///C:/Users/ASUS%20TUF%20GAMING/Desktop/FullStack%202024/Proyecto-Final/ecommerce-api/node_modules/@vitest/expect/dist/index.js:1090:14)\n    at Proxy.methodWrapper (file:///C:/Users/ASUS%20TUF%20GAMING/Desktop/FullStack%202024/Proyecto-Final/ecommerce-api/node_modules/chai/index.js:1700:25)\n    at C:/Users/ASUS TUF GAMING/Desktop/FullStack 2024/Proyecto-Final/ecommerce-api/src/controllers/__tests__/cartController.test.js:223:30\n    at processTicksAndRejections (node:internal/process/task_queues:105:5)\n    at file:///C:/Users/ASUS%20TUF%20GAMING/Desktop/FullStack%202024/Proyecto-Final/ecommerce-api/node_modules/@vitest/runner/dist/index.js:915:20"],"meta":{}},{"ancestorTitles":["CartController","removeCartItem"],"fullName":"CartController removeCartItem CA-20 Elimina producto del carrito → 200","status":"failed","title":"CA-20 Elimina producto del carrito → 200","duration":2.660399999999754,"failureMessages":["AssertionError: expected [ { product: { …(1) }, quantity: 1 } ] to have a length of +0 but got 1\n    at Proxy.<anonymous> (file:///C:/Users/ASUS%20TUF%20GAMING/Desktop/FullStack%202024/Proyecto-Final/ecommerce-api/node_modules/@vitest/expect/dist/index.js:1322:20)\n    at Proxy.<anonymous> (file:///C:/Users/ASUS%20TUF%20GAMING/Desktop/FullStack%202024/Proyecto-Final/ecommerce-api/node_modules/@vitest/expect/dist/index.js:1090:14)\n    at Proxy.methodWrapper (file:///C:/Users/ASUS%20TUF%20GAMING/Desktop/FullStack%202024/Proyecto-Final/ecommerce-api/node_modules/chai/index.js:1700:25)\n    at C:/Users/ASUS TUF GAMING/Desktop/FullStack 2024/Proyecto-Final/ecommerce-api/src/controllers/__tests__/cartController.test.js:243:30\n    at processTicksAndRejections (node:internal/process/task_queues:105:5)\n    at file:///C:/Users/ASUS%20TUF%20GAMING/Desktop/FullStack%202024/Proyecto-Final/ecommerce-api/node_modules/@vitest/runner/dist/index.js:915:20"],"meta":{}},{"ancestorTitles":["CartController","removeCartItem"],"fullName":"CartController removeCartItem CA-21 Carrito no encontrado → 404","status":"failed","title":"CA-21 Carrito no encontrado → 404","duration":3.001800000000003,"failureMessages":["AssertionError: expected \"vi.fn()\" to be called with arguments: [ 404 ]\u001b[90m\n\nNumber of calls: \u001b[1m0\u001b[22m\n\u001b[39m\n    at Proxy.<anonymous> (file:///C:/Users/ASUS%20TUF%20GAMING/Desktop/FullStack%202024/Proyecto-Final/ecommerce-api/node_modules/@vitest/expect/dist/index.js:1420:10)\n    at Proxy.<anonymous> (file:///C:/Users/ASUS%20TUF%20GAMING/Desktop/FullStack%202024/Proyecto-Final/ecommerce-api/node_modules/@vitest/expect/dist/index.js:1090:14)\n    at Proxy.methodWrapper (file:///C:/Users/ASUS%20TUF%20GAMING/Desktop/FullStack%202024/Proyecto-Final/ecommerce-api/node_modules/chai/index.js:1700:25)\n    at C:/Users/ASUS TUF GAMING/Desktop/FullStack 2024/Proyecto-Final/ecommerce-api/src/controllers/__tests__/cartController.test.js:256:12\n    at processTicksAndRejections (node:internal/process/task_queues:105:5)\n    at file:///C:/Users/ASUS%20TUF%20GAMING/Desktop/FullStack%202024/Proyecto-Final/ecommerce-api/node_modules/@vitest/runner/dist/index.js:915:20"],"meta":{}},{"ancestorTitles":["CartController","getCartById — error path"],"fullName":"CartController getCartById — error path CA-22 ID no encontrado → 404","status":"failed","title":"CA-22 ID no encontrado → 404","duration":1.4286000000001877,"failureMessages":["AssertionError: expected \"vi.fn()\" to be called with arguments: [ 404 ]\u001b[90m\n\nNumber of calls: \u001b[1m0\u001b[22m\n\u001b[39m\n    at Proxy.<anonymous> (file:///C:/Users/ASUS%20TUF%20GAMING/Desktop/FullStack%202024/Proyecto-Final/ecommerce-api/node_modules/@vitest/expect/dist/index.js:1420:10)\n    at Proxy.<anonymous> (file:///C:/Users/ASUS%20TUF%20GAMING/Desktop/FullStack%202024/Proyecto-Final/ecommerce-api/node_modules/@vitest/expect/dist/index.js:1090:14)\n    at Proxy.methodWrapper (file:///C:/Users/ASUS%20TUF%20GAMING/Desktop/FullStack%202024/Proyecto-Final/ecommerce-api/node_modules/chai/index.js:1700:25)\n    at C:/Users/ASUS TUF GAMING/Desktop/FullStack 2024/Proyecto-Final/ecommerce-api/src/controllers/__tests__/cartController.test.js:267:30\n    at processTicksAndRejections (node:internal/process/task_queues:105:5)\n    at file:///C:/Users/ASUS%20TUF%20GAMING/Desktop/FullStack%202024/Proyecto-Final/ecommerce-api/node_modules/@vitest/runner/dist/index.js:915:20"],"meta":{}},{"ancestorTitles":["CartController","updateCartItem — error paths"],"fullName":"CartController updateCartItem — error paths CA-23 Carrito no encontrado → 404","status":"failed","title":"CA-23 Carrito no encontrado → 404","duration":1.2786999999998443,"failureMessages":["AssertionError: expected \"vi.fn()\" to be called with arguments: [ 404 ]\u001b[90m\n\nNumber of calls: \u001b[1m0\u001b[22m\n\u001b[39m\n    at Proxy.<anonymous> (file:///C:/Users/ASUS%20TUF%20GAMING/Desktop/FullStack%202024/Proyecto-Final/ecommerce-api/node_modules/@vitest/expect/dist/index.js:1420:10)\n    at Proxy.<anonymous> (file:///C:/Users/ASUS%20TUF%20GAMING/Desktop/FullStack%202024/Proyecto-Final/ecommerce-api/node_modules/@vitest/expect/dist/index.js:1090:14)\n    at Proxy.methodWrapper (file:///C:/Users/ASUS%20TUF%20GAMING/Desktop/FullStack%202024/Proyecto-Final/ecommerce-api/node_modules/chai/index.js:1700:25)\n    at C:/Users/ASUS TUF GAMING/Desktop/FullStack 2024/Proyecto-Final/ecommerce-api/src/controllers/__tests__/cartController.test.js:279:30\n    at processTicksAndRejections (node:internal/process/task_queues:105:5)\n    at file:///C:/Users/ASUS%20TUF%20GAMING/Desktop/FullStack%202024/Proyecto-Final/ecommerce-api/node_modules/@vitest/runner/dist/index.js:915:20"],"meta":{}},{"ancestorTitles":["CartController","updateCartItem — error paths"],"fullName":"CartController updateCartItem — error paths CA-24 Producto no en carrito → 404","status":"failed","title":"CA-24 Producto no en carrito → 404","duration":1.3948999999993248,"failureMessages":["AssertionError: expected \"vi.fn()\" to be called with arguments: [ 404 ]\u001b[90m\n\nNumber of calls: \u001b[1m0\u001b[22m\n\u001b[39m\n    at Proxy.<anonymous> (file:///C:/Users/ASUS%20TUF%20GAMING/Desktop/FullStack%202024/Proyecto-Final/ecommerce-api/node_modules/@vitest/expect/dist/index.js:1420:10)\n    at Proxy.<anonymous> (file:///C:/Users/ASUS%20TUF%20GAMING/Desktop/FullStack%202024/Proyecto-Final/ecommerce-api/node_modules/@vitest/expect/dist/index.js:1090:14)\n    at Proxy.methodWrapper (file:///C:/Users/ASUS%20TUF%20GAMING/Desktop/FullStack%202024/Proyecto-Final/ecommerce-api/node_modules/chai/index.js:1700:25)\n    at C:/Users/ASUS TUF GAMING/Desktop/FullStack 2024/Proyecto-Final/ecommerce-api/src/controllers/__tests__/cartController.test.js:291:30\n    at processTicksAndRejections (node:internal/process/task_queues:105:5)\n    at file:///C:/Users/ASUS%20TUF%20GAMING/Desktop/FullStack%202024/Proyecto-Final/ecommerce-api/node_modules/@vitest/runner/dist/index.js:915:20"],"meta":{}},{"ancestorTitles":["CartController","updateCart"],"fullName":"CartController updateCart CA-25 Sin campos en body → 400","status":"failed","title":"CA-25 Sin campos en body → 400","duration":1.7335999999995693,"failureMessages":["AssertionError: expected \"vi.fn()\" to be called with arguments: [ 400 ]\u001b[90m\n\nNumber of calls: \u001b[1m0\u001b[22m\n\u001b[39m\n    at Proxy.<anonymous> (file:///C:/Users/ASUS%20TUF%20GAMING/Desktop/FullStack%202024/Proyecto-Final/ecommerce-api/node_modules/@vitest/expect/dist/index.js:1420:10)\n    at Proxy.<anonymous> (file:///C:/Users/ASUS%20TUF%20GAMING/Desktop/FullStack%202024/Proyecto-Final/ecommerce-api/node_modules/@vitest/expect/dist/index.js:1090:14)\n    at Proxy.methodWrapper (file:///C:/Users/ASUS%20TUF%20GAMING/Desktop/FullStack%202024/Proyecto-Final/ecommerce-api/node_modules/chai/index.js:1700:25)\n    at C:/Users/ASUS TUF GAMING/Desktop/FullStack 2024/Proyecto-Final/ecommerce-api/src/controllers/__tests__/cartController.test.js:302:12\n    at processTicksAndRejections (node:internal/process/task_queues:105:5)\n    at file:///C:/Users/ASUS%20TUF%20GAMING/Desktop/FullStack%202024/Proyecto-Final/ecommerce-api/node_modules/@vitest/runner/dist/index.js:915:20"],"meta":{}},{"ancestorTitles":["CartController","updateCart"],"fullName":"CartController updateCart CA-26 Actualización exitosa → 200","status":"failed","title":"CA-26 Actualización exitosa → 200","duration":1.300000000000182,"failureMessages":["AssertionError: expected \"vi.fn()\" to be called with arguments: [ 200 ]\u001b[90m\n\nNumber of calls: \u001b[1m0\u001b[22m\n\u001b[39m\n    at Proxy.<anonymous> (file:///C:/Users/ASUS%20TUF%20GAMING/Desktop/FullStack%202024/Proyecto-Final/ecommerce-api/node_modules/@vitest/expect/dist/index.js:1420:10)\n    at Proxy.<anonymous> (file:///C:/Users/ASUS%20TUF%20GAMING/Desktop/FullStack%202024/Proyecto-Final/ecommerce-api/node_modules/@vitest/expect/dist/index.js:1090:14)\n    at Proxy.methodWrapper (file:///C:/Users/ASUS%20TUF%20GAMING/Desktop/FullStack%202024/Proyecto-Final/ecommerce-api/node_modules/chai/index.js:1700:25)\n    at C:/Users/ASUS TUF GAMING/Desktop/FullStack 2024/Proyecto-Final/ecommerce-api/src/controllers/__tests__/cartController.test.js:314:12\n    at processTicksAndRejections (node:internal/process/task_queues:105:5)\n    at file:///C:/Users/ASUS%20TUF%20GAMING/Desktop/FullStack%202024/Proyecto-Final/ecommerce-api/node_modules/@vitest/runner/dist/index.js:915:20"],"meta":{}},{"ancestorTitles":["CartController","updateCart"],"fullName":"CartController updateCart CA-27 Carrito no encontrado → 404","status":"failed","title":"CA-27 Carrito no encontrado → 404","duration":1.3503000000000611,"failureMessages":["AssertionError: expected \"vi.fn()\" to be called with arguments: [ 404 ]\u001b[90m\n\nNumber of calls: \u001b[1m0\u001b[22m\n\u001b[39m\n    at Proxy.<anonymous> (file:///C:/Users/ASUS%20TUF%20GAMING/Desktop/FullStack%202024/Proyecto-Final/ecommerce-api/node_modules/@vitest/expect/dist/index.js:1420:10)\n    at Proxy.<anonymous> (file:///C:/Users/ASUS%20TUF%20GAMING/Desktop/FullStack%202024/Proyecto-Final/ecommerce-api/node_modules/@vitest/expect/dist/index.js:1090:14)\n    at Proxy.methodWrapper (file:///C:/Users/ASUS%20TUF%20GAMING/Desktop/FullStack%202024/Proyecto-Final/ecommerce-api/node_modules/chai/index.js:1700:25)\n    at C:/Users/ASUS TUF GAMING/Desktop/FullStack 2024/Proyecto-Final/ecommerce-api/src/controllers/__tests__/cartController.test.js:326:12\n    at processTicksAndRejections (node:internal/process/task_queues:105:5)\n    at file:///C:/Users/ASUS%20TUF%20GAMING/Desktop/FullStack%202024/Proyecto-Final/ecommerce-api/node_modules/@vitest/runner/dist/index.js:915:20"],"meta":{}},{"ancestorTitles":["CartController","deleteCart"],"fullName":"CartController deleteCart CA-28 Eliminación exitosa → 204","status":"failed","title":"CA-28 Eliminación exitosa → 204","duration":1.3118999999996959,"failureMessages":["AssertionError: expected \"vi.fn()\" to be called with arguments: [ 204 ]\u001b[90m\n\nNumber of calls: \u001b[1m0\u001b[22m\n\u001b[39m\n    at Proxy.<anonymous> (file:///C:/Users/ASUS%20TUF%20GAMING/Desktop/FullStack%202024/Proyecto-Final/ecommerce-api/node_modules/@vitest/expect/dist/index.js:1420:10)\n    at Proxy.<anonymous> (file:///C:/Users/ASUS%20TUF%20GAMING/Desktop/FullStack%202024/Proyecto-Final/ecommerce-api/node_modules/@vitest/expect/dist/index.js:1090:14)\n    at Proxy.methodWrapper (file:///C:/Users/ASUS%20TUF%20GAMING/Desktop/FullStack%202024/Proyecto-Final/ecommerce-api/node_modules/chai/index.js:1700:25)\n    at C:/Users/ASUS TUF GAMING/Desktop/FullStack 2024/Proyecto-Final/ecommerce-api/src/controllers/__tests__/cartController.test.js:337:11\n    at processTicksAndRejections (node:internal/process/task_queues:105:5)\n    at file:///C:/Users/ASUS%20TUF%20GAMING/Desktop/FullStack%202024/Proyecto-Final/ecommerce-api/node_modules/@vitest/runner/dist/index.js:915:20"],"meta":{}},{"ancestorTitles":["CartController","deleteCart"],"fullName":"CartController deleteCart CA-29 Carrito no encontrado → 404","status":"failed","title":"CA-29 Carrito no encontrado → 404","duration":1.2851000000000568,"failureMessages":["AssertionError: expected \"vi.fn()\" to be called with arguments: [ 404 ]\u001b[90m\n\nNumber of calls: \u001b[1m0\u001b[22m\n\u001b[39m\n    at Proxy.<anonymous> (file:///C:/Users/ASUS%20TUF%20GAMING/Desktop/FullStack%202024/Proyecto-Final/ecommerce-api/node_modules/@vitest/expect/dist/index.js:1420:10)\n    at Proxy.<anonymous> (file:///C:/Users/ASUS%20TUF%20GAMING/Desktop/FullStack%202024/Proyecto-Final/ecommerce-api/node_modules/@vitest/expect/dist/index.js:1090:14)\n    at Proxy.methodWrapper (file:///C:/Users/ASUS%20TUF%20GAMING/Desktop/FullStack%202024/Proyecto-Final/ecommerce-api/node_modules/chai/index.js:1700:25)\n    at C:/Users/ASUS TUF GAMING/Desktop/FullStack 2024/Proyecto-Final/ecommerce-api/src/controllers/__tests__/cartController.test.js:346:11\n    at processTicksAndRejections (node:internal/process/task_queues:105:5)\n    at file:///C:/Users/ASUS%20TUF%20GAMING/Desktop/FullStack%202024/Proyecto-Final/ecommerce-api/node_modules/@vitest/runner/dist/index.js:915:20"],"meta":{}},{"ancestorTitles":["CartController","deleteCart"],"fullName":"CartController deleteCart CA-22 BD falla → next(error) en deleteCart","status":"failed","title":"CA-22 BD falla → next(error) en deleteCart","duration":3.321799999999712,"failureMessages":["AssertionError: expected \"vi.fn()\" to be called with arguments: [ Error: DB error ]\u001b[90m\n\nReceived: \n\n\u001b[1m  1st vi.fn() call:\n\n\u001b[22m\u001b[2m  [\u001b[22m\n\u001b[32m-   Error {\u001b[90m\n\u001b[32m-     \"message\": \"DB error\",\u001b[90m\n\u001b[31m+   TypeError {\u001b[90m\n\u001b[31m+     \"message\": \"Cannot read properties of undefined (reading 'userId')\",\u001b[90m\n\u001b[2m    },\u001b[22m\n\u001b[2m  ]\u001b[22m\n\u001b[39m\u001b[90m\n\nNumber of calls: \u001b[1m1\u001b[22m\n\u001b[39m\n    at Proxy.<anonymous> (file:///C:/Users/ASUS%20TUF%20GAMING/Desktop/FullStack%202024/Proyecto-Final/ecommerce-api/node_modules/@vitest/expect/dist/index.js:1420:10)\n    at Proxy.<anonymous> (file:///C:/Users/ASUS%20TUF%20GAMING/Desktop/FullStack%202024/Proyecto-Final/ecommerce-api/node_modules/@vitest/expect/dist/index.js:1090:14)\n    at Proxy.methodWrapper (file:///C:/Users/ASUS%20TUF%20GAMING/Desktop/FullStack%202024/Proyecto-Final/ecommerce-api/node_modules/chai/index.js:1700:25)\n    at C:/Users/ASUS TUF GAMING/Desktop/FullStack 2024/Proyecto-Final/ecommerce-api/src/controllers/__tests__/cartController.test.js:354:11\n    at processTicksAndRejections (node:internal/process/task_queues:105:5)\n    at file:///C:/Users/ASUS%20TUF%20GAMING/Desktop/FullStack%202024/Proyecto-Final/ecommerce-api/node_modules/@vitest/runner/dist/index.js:915:20"],"meta":{}},{"ancestorTitles":["CartController","createCart"],"fullName":"CartController createCart CA-30 Crea carrito con productos → 201","status":"failed","title":"CA-30 Crea carrito con productos → 201","duration":1.7389000000002852,"failureMessages":["AssertionError: expected \"vi.fn()\" to be called with arguments: [ 201 ]\u001b[90m\n\nNumber of calls: \u001b[1m0\u001b[22m\n\u001b[39m\n    at Proxy.<anonymous> (file:///C:/Users/ASUS%20TUF%20GAMING/Desktop/FullStack%202024/Proyecto-Final/ecommerce-api/node_modules/@vitest/expect/dist/index.js:1420:10)\n    at Proxy.<anonymous> (file:///C:/Users/ASUS%20TUF%20GAMING/Desktop/FullStack%202024/Proyecto-Final/ecommerce-api/node_modules/@vitest/expect/dist/index.js:1090:14)\n    at Proxy.methodWrapper (file:///C:/Users/ASUS%20TUF%20GAMING/Desktop/FullStack%202024/Proyecto-Final/ecommerce-api/node_modules/chai/index.js:1700:25)\n    at C:/Users/ASUS TUF GAMING/Desktop/FullStack 2024/Proyecto-Final/ecommerce-api/src/controllers/__tests__/cartController.test.js:371:30\n    at processTicksAndRejections (node:internal/process/task_queues:105:5)\n    at file:///C:/Users/ASUS%20TUF%20GAMING/Desktop/FullStack%202024/Proyecto-Final/ecommerce-api/node_modules/@vitest/runner/dist/index.js:915:20"],"meta":{}},{"ancestorTitles":["CartController","createCart"],"fullName":"CartController createCart CA-31 BD falla → next(error)","status":"failed","title":"CA-31 BD falla → next(error)","duration":5.332699999999932,"failureMessages":["AssertionError: expected \"vi.fn()\" to be called with arguments: [ Error: DB down ]\u001b[90m\n\nReceived: \n\n\u001b[1m  1st vi.fn() call:\n\n\u001b[22m\u001b[2m  [\u001b[22m\n\u001b[32m-   Error {\u001b[90m\n\u001b[32m-     \"message\": \"DB down\",\u001b[90m\n\u001b[31m+   TypeError {\u001b[90m\n\u001b[31m+     \"message\": \"Cannot read properties of undefined (reading 'userId')\",\u001b[90m\n\u001b[2m    },\u001b[22m\n\u001b[2m  ]\u001b[22m\n\u001b[39m\u001b[90m\n\nNumber of calls: \u001b[1m1\u001b[22m\n\u001b[39m\n    at Proxy.<anonymous> (file:///C:/Users/ASUS%20TUF%20GAMING/Desktop/FullStack%202024/Proyecto-Final/ecommerce-api/node_modules/@vitest/expect/dist/index.js:1420:10)\n    at Proxy.<anonymous> (file:///C:/Users/ASUS%20TUF%20GAMING/Desktop/FullStack%202024/Proyecto-Final/ecommerce-api/node_modules/@vitest/expect/dist/index.js:1090:14)\n    at Proxy.methodWrapper (file:///C:/Users/ASUS%20TUF%20GAMING/Desktop/FullStack%202024/Proyecto-Final/ecommerce-api/node_modules/chai/index.js:1700:25)\n    at C:/Users/ASUS TUF GAMING/Desktop/FullStack 2024/Proyecto-Final/ecommerce-api/src/controllers/__tests__/cartController.test.js:382:12\n    at processTicksAndRejections (node:internal/process/task_queues:105:5)\n    at file:///C:/Users/ASUS%20TUF%20GAMING/Desktop/FullStack%202024/Proyecto-Final/ecommerce-api/node_modules/@vitest/runner/dist/index.js:915:20"],"meta":{}}],"startTime":1775068220495,"endTime":1775068220598.3328,"status":"failed","message":"","name":"C:/Users/ASUS TUF GAMING/Desktop/FullStack 2024/Proyecto-Final/ecommerce-api/src/controllers/__tests__/cartController.test.js"},{"assertionResults":[{"ancestorTitles":["CategoryController","getCategories"],"fullName":"CategoryController getCategories CT-01 Lista completa de categorías → 200","status":"passed","title":"CT-01 Lista completa de categorías → 200","duration":7.3740999999999985,"failureMessages":[],"meta":{}},{"ancestorTitles":["CategoryController","getCategories"],"fullName":"CategoryController getCategories CT-02 BD falla → next(error)","status":"passed","title":"CT-02 BD falla → next(error)","duration":1.9355000000000473,"failureMessages":[],"meta":{}},{"ancestorTitles":["CategoryController","getCategoryById"],"fullName":"CategoryController getCategoryById CT-03 Categoría encontrada → 200","status":"passed","title":"CT-03 Categoría encontrada → 200","duration":1.951600000000326,"failureMessages":[],"meta":{}},{"ancestorTitles":["CategoryController","getCategoryById"],"fullName":"CategoryController getCategoryById CT-04 Categoría no encontrada → 404","status":"passed","title":"CT-04 Categoría no encontrada → 404","duration":4.463999999999942,"failureMessages":[],"meta":{}},{"ancestorTitles":["CategoryController","createCategory"],"fullName":"CategoryController createCategory CT-05 Creación exitosa → 201","status":"passed","title":"CT-05 Creación exitosa → 201","duration":1.6894999999999527,"failureMessages":[],"meta":{}},{"ancestorTitles":["CategoryController","createCategory"],"fullName":"CategoryController createCategory CT-06 BD falla en save → next(error)","status":"passed","title":"CT-06 BD falla en save → next(error)","duration":1.985700000000179,"failureMessages":[],"meta":{}},{"ancestorTitles":["CategoryController","updateCategory"],"fullName":"CategoryController updateCategory CT-07 Actualización exitosa → 200","status":"passed","title":"CT-07 Actualización exitosa → 200","duration":0.9517000000000735,"failureMessages":[],"meta":{}},{"ancestorTitles":["CategoryController","updateCategory"],"fullName":"CategoryController updateCategory CT-08 Sin campos en body → 400","status":"passed","title":"CT-08 Sin campos en body → 400","duration":0.8360999999999876,"failureMessages":[],"meta":{}},{"ancestorTitles":["CategoryController","updateCategory"],"fullName":"CategoryController updateCategory CT-09 Categoría no encontrada → 404","status":"passed","title":"CT-09 Categoría no encontrada → 404","duration":1.563499999999749,"failureMessages":[],"meta":{}},{"ancestorTitles":["CategoryController","updateCategory"],"fullName":"CategoryController updateCategory CT-10 BD falla → next(error) en updateCategory","status":"passed","title":"CT-10 BD falla → next(error) en updateCategory","duration":1.1991999999995642,"failureMessages":[],"meta":{}},{"ancestorTitles":["CategoryController","deleteCategory"],"fullName":"CategoryController deleteCategory CT-10 Eliminación exitosa → 204","status":"passed","title":"CT-10 Eliminación exitosa → 204","duration":0.7777999999998428,"failureMessages":[],"meta":{}},{"ancestorTitles":["CategoryController","deleteCategory"],"fullName":"CategoryController deleteCategory CT-11 Categoría no encontrada → 404","status":"passed","title":"CT-11 Categoría no encontrada → 404","duration":0.7024000000001251,"failureMessages":[],"meta":{}},{"ancestorTitles":["CategoryController","deleteCategory"],"fullName":"CategoryController deleteCategory CT-12 BD falla → next(error) en deleteCategory","status":"passed","title":"CT-12 BD falla → next(error) en deleteCategory","duration":0.9115000000001601,"failureMessages":[],"meta":{}},{"ancestorTitles":["CategoryController","searchCategory"],"fullName":"CategoryController searchCategory CT-12 Búsqueda por nombre con resultados → 200 + paginación","status":"passed","title":"CT-12 Búsqueda por nombre con resultados → 200 + paginación","duration":6.906700000000001,"failureMessages":[],"meta":{}},{"ancestorTitles":["CategoryController","searchCategory"],"fullName":"CategoryController searchCategory CT-13b Sin resultados → 200 con categorías vacías","status":"passed","title":"CT-13b Sin resultados → 200 con categorías vacías","duration":3.1340000000000146,"failureMessages":[],"meta":{}},{"ancestorTitles":["CategoryController","searchCategory"],"fullName":"CategoryController searchCategory CT-13 Sin filtros → todos los resultados","status":"passed","title":"CT-13 Sin filtros → todos los resultados","duration":0.8808999999996558,"failureMessages":[],"meta":{}}],"startTime":1775068223413,"endTime":1775068223451.8809,"status":"passed","message":"","name":"C:/Users/ASUS TUF GAMING/Desktop/FullStack 2024/Proyecto-Final/ecommerce-api/src/controllers/__tests__/categoryController.test.js"},{"assertionResults":[{"ancestorTitles":["AuthController - Simple Tests"],"fullName":"AuthController - Simple Tests should export register function","status":"passed","title":"should export register function","duration":136.98000000000047,"failureMessages":[],"meta":{}},{"ancestorTitles":["AuthController - Simple Tests"],"fullName":"AuthController - Simple Tests should export login function","status":"passed","title":"should export login function","duration":11.718899999999849,"failureMessages":[],"meta":{}},{"ancestorTitles":["AuthController - Simple Tests"],"fullName":"AuthController - Simple Tests should export checkEmail function","status":"passed","title":"should export checkEmail function","duration":21.4363000000003,"failureMessages":[],"meta":{}},{"ancestorTitles":["UserController - Simple Tests"],"fullName":"UserController - Simple Tests should export getUserProfile function","status":"passed","title":"should export getUserProfile function","duration":21.605599999999868,"failureMessages":[],"meta":{}},{"ancestorTitles":["UserController - Simple Tests"],"fullName":"UserController - Simple Tests should export getAllUsers function","status":"passed","title":"should export getAllUsers function","duration":3.97859999999946,"failureMessages":[],"meta":{}},{"ancestorTitles":["UserController - Simple Tests"],"fullName":"UserController - Simple Tests should export getUserById function","status":"passed","title":"should export getUserById function","duration":3.8337000000001353,"failureMessages":[],"meta":{}},{"ancestorTitles":["UserController - Simple Tests"],"fullName":"UserController - Simple Tests should export updateUserProfile function","status":"passed","title":"should export updateUserProfile function","duration":3.6197999999994863,"failureMessages":[],"meta":{}},{"ancestorTitles":["UserController - Simple Tests"],"fullName":"UserController - Simple Tests should export changePassword function","status":"passed","title":"should export changePassword function","duration":3.6672000000007756,"failureMessages":[],"meta":{}},{"ancestorTitles":["UserController - Simple Tests"],"fullName":"UserController - Simple Tests should export updateUser function","status":"passed","title":"should export updateUser function","duration":4.333000000000538,"failureMessages":[],"meta":{}},{"ancestorTitles":["UserController - Simple Tests"],"fullName":"UserController - Simple Tests should export deactivateUser function","status":"passed","title":"should export deactivateUser function","duration":3.88550000000032,"failureMessages":[],"meta":{}},{"ancestorTitles":["UserController - Simple Tests"],"fullName":"UserController - Simple Tests should export toggleUserStatus function","status":"passed","title":"should export toggleUserStatus function","duration":3.8308999999999287,"failureMessages":[],"meta":{}},{"ancestorTitles":["UserController - Simple Tests"],"fullName":"UserController - Simple Tests should export deleteUser function","status":"passed","title":"should export deleteUser function","duration":3.5627000000004045,"failureMessages":[],"meta":{}},{"ancestorTitles":["UserController - Simple Tests"],"fullName":"UserController - Simple Tests should export searchUser function","status":"passed","title":"should export searchUser function","duration":3.4772000000002663,"failureMessages":[],"meta":{}},{"ancestorTitles":["UserController - Simple Tests"],"fullName":"UserController - Simple Tests should export createUser function","status":"passed","title":"should export createUser function","duration":3.2242999999998574,"failureMessages":[],"meta":{}},{"ancestorTitles":["ProductController - Simple Tests"],"fullName":"ProductController - Simple Tests should export getProducts function","status":"passed","title":"should export getProducts function","duration":26.91439999999966,"failureMessages":[],"meta":{}},{"ancestorTitles":["ProductController - Simple Tests"],"fullName":"ProductController - Simple Tests should export getProductById function","status":"passed","title":"should export getProductById function","duration":6.127500000000509,"failureMessages":[],"meta":{}},{"ancestorTitles":["ProductController - Simple Tests"],"fullName":"ProductController - Simple Tests should export getProductByCategory function","status":"passed","title":"should export getProductByCategory function","duration":6.350800000000163,"failureMessages":[],"meta":{}},{"ancestorTitles":["ProductController - Simple Tests"],"fullName":"ProductController - Simple Tests should export createProduct function","status":"passed","title":"should export createProduct function","duration":5.84940000000006,"failureMessages":[],"meta":{}},{"ancestorTitles":["ProductController - Simple Tests"],"fullName":"ProductController - Simple Tests should export updateProduct function","status":"passed","title":"should export updateProduct function","duration":6.377800000000207,"failureMessages":[],"meta":{}},{"ancestorTitles":["ProductController - Simple Tests"],"fullName":"ProductController - Simple Tests should export deleteProduct function","status":"passed","title":"should export deleteProduct function","duration":6.626200000000608,"failureMessages":[],"meta":{}},{"ancestorTitles":["ProductController - Simple Tests"],"fullName":"ProductController - Simple Tests should export searchProducts function","status":"passed","title":"should export searchProducts function","duration":6.600900000000365,"failureMessages":[],"meta":{}},{"ancestorTitles":["CategoryController - Simple Tests"],"fullName":"CategoryController - Simple Tests should export getCategories function","status":"passed","title":"should export getCategories function","duration":8.488800000000083,"failureMessages":[],"meta":{}},{"ancestorTitles":["CategoryController - Simple Tests"],"fullName":"CategoryController - Simple Tests should export getCategoryById function","status":"passed","title":"should export getCategoryById function","duration":6.6185999999997875,"failureMessages":[],"meta":{}},{"ancestorTitles":["CategoryController - Simple Tests"],"fullName":"CategoryController - Simple Tests should export createCategory function","status":"passed","title":"should export createCategory function","duration":6.453599999999824,"failureMessages":[],"meta":{}},{"ancestorTitles":["CategoryController - Simple Tests"],"fullName":"CategoryController - Simple Tests should export updateCategory function","status":"passed","title":"should export updateCategory function","duration":6.86699999999928,"failureMessages":[],"meta":{}},{"ancestorTitles":["CategoryController - Simple Tests"],"fullName":"CategoryController - Simple Tests should export deleteCategory function","status":"passed","title":"should export deleteCategory function","duration":6.342399999999543,"failureMessages":[],"meta":{}},{"ancestorTitles":["CategoryController - Simple Tests"],"fullName":"CategoryController - Simple Tests should export searchCategory function","status":"passed","title":"should export searchCategory function","duration":6.758499999999913,"failureMessages":[],"meta":{}},{"ancestorTitles":["CartController - Simple Tests"],"fullName":"CartController - Simple Tests should export getCarts function","status":"passed","title":"should export getCarts function","duration":16.49330000000009,"failureMessages":[],"meta":{}},{"ancestorTitles":["CartController - Simple Tests"],"fullName":"CartController - Simple Tests should export getCartById function","status":"passed","title":"should export getCartById function","duration":7.660399999999754,"failureMessages":[],"meta":{}},{"ancestorTitles":["CartController - Simple Tests"],"fullName":"CartController - Simple Tests should export getCartByUser function","status":"passed","title":"should export getCartByUser function","duration":8.548400000000584,"failureMessages":[],"meta":{}},{"ancestorTitles":["CartController - Simple Tests"],"fullName":"CartController - Simple Tests should export createCart function","status":"passed","title":"should export createCart function","duration":8.434599999999591,"failureMessages":[],"meta":{}},{"ancestorTitles":["CartController - Simple Tests"],"fullName":"CartController - Simple Tests should export updateCart function","status":"passed","title":"should export updateCart function","duration":8.085000000000036,"failureMessages":[],"meta":{}},{"ancestorTitles":["CartController - Simple Tests"],"fullName":"CartController - Simple Tests should export deleteCart function","status":"passed","title":"should export deleteCart function","duration":8.092400000000453,"failureMessages":[],"meta":{}},{"ancestorTitles":["CartController - Simple Tests"],"fullName":"CartController - Simple Tests should export addProductToCart function","status":"passed","title":"should export addProductToCart function","duration":7.678199999999379,"failureMessages":[],"meta":{}},{"ancestorTitles":["PaymentMethodController - Simple Tests"],"fullName":"PaymentMethodController - Simple Tests should export getPaymentMethods function","status":"passed","title":"should export getPaymentMethods function","duration":17.14639999999963,"failureMessages":[],"meta":{}},{"ancestorTitles":["PaymentMethodController - Simple Tests"],"fullName":"PaymentMethodController - Simple Tests should export getPaymentMethodById function","status":"passed","title":"should export getPaymentMethodById function","duration":9.375599999999395,"failureMessages":[],"meta":{}},{"ancestorTitles":["PaymentMethodController - Simple Tests"],"fullName":"PaymentMethodController - Simple Tests should export getPaymentMethodsByUser function","status":"passed","title":"should export getPaymentMethodsByUser function","duration":9.737300000000687,"failureMessages":[],"meta":{}},{"ancestorTitles":["PaymentMethodController - Simple Tests"],"fullName":"PaymentMethodController - Simple Tests should export createPaymentMethod function","status":"passed","title":"should export createPaymentMethod function","duration":9.570600000000013,"failureMessages":[],"meta":{}},{"ancestorTitles":["PaymentMethodController - Simple Tests"],"fullName":"PaymentMethodController - Simple Tests should export updatePaymentMethod function","status":"passed","title":"should export updatePaymentMethod function","duration":10.027799999999843,"failureMessages":[],"meta":{}},{"ancestorTitles":["PaymentMethodController - Simple Tests"],"fullName":"PaymentMethodController - Simple Tests should export setDefaultPaymentMethod function","status":"passed","title":"should export setDefaultPaymentMethod function","duration":11.275099999999838,"failureMessages":[],"meta":{}},{"ancestorTitles":["PaymentMethodController - Simple Tests"],"fullName":"PaymentMethodController - Simple Tests should export deactivatePaymentMethod function","status":"passed","title":"should export deactivatePaymentMethod function","duration":9.42280000000028,"failureMessages":[],"meta":{}},{"ancestorTitles":["PaymentMethodController - Simple Tests"],"fullName":"PaymentMethodController - Simple Tests should export deletePaymentMethod function","status":"passed","title":"should export deletePaymentMethod function","duration":9.659099999999853,"failureMessages":[],"meta":{}},{"ancestorTitles":["PaymentMethodController - Simple Tests"],"fullName":"PaymentMethodController - Simple Tests should export getDefaultPaymentMethod function","status":"passed","title":"should export getDefaultPaymentMethod function","duration":11.108099999999467,"failureMessages":[],"meta":{}},{"ancestorTitles":["ShippingAddressController - Simple Tests"],"fullName":"ShippingAddressController - Simple Tests should export createShippingAddress function","status":"passed","title":"should export createShippingAddress function","duration":30.57259999999951,"failureMessages":[],"meta":{}},{"ancestorTitles":["ShippingAddressController - Simple Tests"],"fullName":"ShippingAddressController - Simple Tests should export getUserAddresses function","status":"passed","title":"should export getUserAddresses function","duration":11.176800000000185,"failureMessages":[],"meta":{}},{"ancestorTitles":["ShippingAddressController - Simple Tests"],"fullName":"ShippingAddressController - Simple Tests should export getAddressById function","status":"passed","title":"should export getAddressById function","duration":11.646499999999833,"failureMessages":[],"meta":{}},{"ancestorTitles":["ShippingAddressController - Simple Tests"],"fullName":"ShippingAddressController - Simple Tests should export getDefaultAddress function","status":"passed","title":"should export getDefaultAddress function","duration":11.09900000000016,"failureMessages":[],"meta":{}},{"ancestorTitles":["ShippingAddressController - Simple Tests"],"fullName":"ShippingAddressController - Simple Tests should export updateShippingAddress function","status":"passed","title":"should export updateShippingAddress function","duration":9.912199999999757,"failureMessages":[],"meta":{}},{"ancestorTitles":["ShippingAddressController - Simple Tests"],"fullName":"ShippingAddressController - Simple Tests should export setDefaultAddress function","status":"passed","title":"should export setDefaultAddress function","duration":12.355900000000474,"failureMessages":[],"meta":{}},{"ancestorTitles":["ShippingAddressController - Simple Tests"],"fullName":"ShippingAddressController - Simple Tests should export deleteShippingAddress function","status":"passed","title":"should export deleteShippingAddress function","duration":11.167900000000373,"failureMessages":[],"meta":{}},{"ancestorTitles":["ReviewController - Simple Tests"],"fullName":"ReviewController - Simple Tests should export createReview function","status":"failed","title":"should export createReview function","duration":27.70850000000064,"failureMessages":["Error: Cannot find module '/src/controllers/reviewController.js' imported from 'C:/Users/ASUS TUF GAMING/Desktop/FullStack 2024/Proyecto-Final/ecommerce-api/src/controllers/__tests__/controllers.test.js'\n    at reviveInvokeError (file:///C:/Users/ASUS%20TUF%20GAMING/Desktop/FullStack%202024/Proyecto-Final/ecommerce-api/node_modules/vite/dist/node/module-runner.js:475:14)\n    at Object.invoke (file:///C:/Users/ASUS%20TUF%20GAMING/Desktop/FullStack%202024/Proyecto-Final/ecommerce-api/node_modules/vite/dist/node/module-runner.js:491:33)\n    at processTicksAndRejections (node:internal/process/task_queues:105:5)\n    at VitestModuleRunner.getModuleInformation (file:///C:/Users/ASUS%20TUF%20GAMING/Desktop/FullStack%202024/Proyecto-Final/ecommerce-api/node_modules/vite/dist/node/module-runner.js:1086:7)\n    at request (file:///C:/Users/ASUS%20TUF%20GAMING/Desktop/FullStack%202024/Proyecto-Final/ecommerce-api/node_modules/vite/dist/node/module-runner.js:1103:83)\n    at C:/Users/ASUS TUF GAMING/Desktop/FullStack 2024/Proyecto-Final/ecommerce-api/src/controllers/__tests__/controllers.test.js:269:30\n    at file:///C:/Users/ASUS%20TUF%20GAMING/Desktop/FullStack%202024/Proyecto-Final/ecommerce-api/node_modules/@vitest/runner/dist/index.js:915:20"],"meta":{}},{"ancestorTitles":["ReviewController - Simple Tests"],"fullName":"ReviewController - Simple Tests should export getProductReviews function","status":"failed","title":"should export getProductReviews function","duration":14.014199999999619,"failureMessages":["Error: Cannot find module '/src/controllers/reviewController.js' imported from 'C:/Users/ASUS TUF GAMING/Desktop/FullStack 2024/Proyecto-Final/ecommerce-api/src/controllers/__tests__/controllers.test.js'\n    at reviveInvokeError (file:///C:/Users/ASUS%20TUF%20GAMING/Desktop/FullStack%202024/Proyecto-Final/ecommerce-api/node_modules/vite/dist/node/module-runner.js:475:14)\n    at Object.invoke (file:///C:/Users/ASUS%20TUF%20GAMING/Desktop/FullStack%202024/Proyecto-Final/ecommerce-api/node_modules/vite/dist/node/module-runner.js:491:33)\n    at processTicksAndRejections (node:internal/process/task_queues:105:5)\n    at VitestModuleRunner.getModuleInformation (file:///C:/Users/ASUS%20TUF%20GAMING/Desktop/FullStack%202024/Proyecto-Final/ecommerce-api/node_modules/vite/dist/node/module-runner.js:1086:7)\n    at request (file:///C:/Users/ASUS%20TUF%20GAMING/Desktop/FullStack%202024/Proyecto-Final/ecommerce-api/node_modules/vite/dist/node/module-runner.js:1103:83)\n    at C:/Users/ASUS TUF GAMING/Desktop/FullStack 2024/Proyecto-Final/ecommerce-api/src/controllers/__tests__/controllers.test.js:274:35\n    at file:///C:/Users/ASUS%20TUF%20GAMING/Desktop/FullStack%202024/Proyecto-Final/ecommerce-api/node_modules/@vitest/runner/dist/index.js:915:20"],"meta":{}},{"ancestorTitles":["ReviewController - Simple Tests"],"fullName":"ReviewController - Simple Tests should export getUserReviews function","status":"failed","title":"should export getUserReviews function","duration":13.96180000000004,"failureMessages":["Error: Cannot find module '/src/controllers/reviewController.js' imported from 'C:/Users/ASUS TUF GAMING/Desktop/FullStack 2024/Proyecto-Final/ecommerce-api/src/controllers/__tests__/controllers.test.js'\n    at reviveInvokeError (file:///C:/Users/ASUS%20TUF%20GAMING/Desktop/FullStack%202024/Proyecto-Final/ecommerce-api/node_modules/vite/dist/node/module-runner.js:475:14)\n    at Object.invoke (file:///C:/Users/ASUS%20TUF%20GAMING/Desktop/FullStack%202024/Proyecto-Final/ecommerce-api/node_modules/vite/dist/node/module-runner.js:491:33)\n    at processTicksAndRejections (node:internal/process/task_queues:105:5)\n    at VitestModuleRunner.getModuleInformation (file:///C:/Users/ASUS%20TUF%20GAMING/Desktop/FullStack%202024/Proyecto-Final/ecommerce-api/node_modules/vite/dist/node/module-runner.js:1086:7)\n    at request (file:///C:/Users/ASUS%20TUF%20GAMING/Desktop/FullStack%202024/Proyecto-Final/ecommerce-api/node_modules/vite/dist/node/module-runner.js:1103:83)\n    at C:/Users/ASUS TUF GAMING/Desktop/FullStack 2024/Proyecto-Final/ecommerce-api/src/controllers/__tests__/controllers.test.js:279:32\n    at file:///C:/Users/ASUS%20TUF%20GAMING/Desktop/FullStack%202024/Proyecto-Final/ecommerce-api/node_modules/@vitest/runner/dist/index.js:915:20"],"meta":{}},{"ancestorTitles":["ReviewController - Simple Tests"],"fullName":"ReviewController - Simple Tests should export updateReview function","status":"failed","title":"should export updateReview function","duration":13.365200000000186,"failureMessages":["Error: Cannot find module '/src/controllers/reviewController.js' imported from 'C:/Users/ASUS TUF GAMING/Desktop/FullStack 2024/Proyecto-Final/ecommerce-api/src/controllers/__tests__/controllers.test.js'\n    at reviveInvokeError (file:///C:/Users/ASUS%20TUF%20GAMING/Desktop/FullStack%202024/Proyecto-Final/ecommerce-api/node_modules/vite/dist/node/module-runner.js:475:14)\n    at Object.invoke (file:///C:/Users/ASUS%20TUF%20GAMING/Desktop/FullStack%202024/Proyecto-Final/ecommerce-api/node_modules/vite/dist/node/module-runner.js:491:33)\n    at processTicksAndRejections (node:internal/process/task_queues:105:5)\n    at VitestModuleRunner.getModuleInformation (file:///C:/Users/ASUS%20TUF%20GAMING/Desktop/FullStack%202024/Proyecto-Final/ecommerce-api/node_modules/vite/dist/node/module-runner.js:1086:7)\n    at request (file:///C:/Users/ASUS%20TUF%20GAMING/Desktop/FullStack%202024/Proyecto-Final/ecommerce-api/node_modules/vite/dist/node/module-runner.js:1103:83)\n    at C:/Users/ASUS TUF GAMING/Desktop/FullStack 2024/Proyecto-Final/ecommerce-api/src/controllers/__tests__/controllers.test.js:284:30\n    at file:///C:/Users/ASUS%20TUF%20GAMING/Desktop/FullStack%202024/Proyecto-Final/ecommerce-api/node_modules/@vitest/runner/dist/index.js:915:20"],"meta":{}},{"ancestorTitles":["ReviewController - Simple Tests"],"fullName":"ReviewController - Simple Tests should export deleteReview function","status":"failed","title":"should export deleteReview function","duration":13.258199999999306,"failureMessages":["Error: Cannot find module '/src/controllers/reviewController.js' imported from 'C:/Users/ASUS TUF GAMING/Desktop/FullStack 2024/Proyecto-Final/ecommerce-api/src/controllers/__tests__/controllers.test.js'\n    at reviveInvokeError (file:///C:/Users/ASUS%20TUF%20GAMING/Desktop/FullStack%202024/Proyecto-Final/ecommerce-api/node_modules/vite/dist/node/module-runner.js:475:14)\n    at Object.invoke (file:///C:/Users/ASUS%20TUF%20GAMING/Desktop/FullStack%202024/Proyecto-Final/ecommerce-api/node_modules/vite/dist/node/module-runner.js:491:33)\n    at processTicksAndRejections (node:internal/process/task_queues:105:5)\n    at VitestModuleRunner.getModuleInformation (file:///C:/Users/ASUS%20TUF%20GAMING/Desktop/FullStack%202024/Proyecto-Final/ecommerce-api/node_modules/vite/dist/node/module-runner.js:1086:7)\n    at request (file:///C:/Users/ASUS%20TUF%20GAMING/Desktop/FullStack%202024/Proyecto-Final/ecommerce-api/node_modules/vite/dist/node/module-runner.js:1103:83)\n    at C:/Users/ASUS TUF GAMING/Desktop/FullStack 2024/Proyecto-Final/ecommerce-api/src/controllers/__tests__/controllers.test.js:289:30\n    at file:///C:/Users/ASUS%20TUF%20GAMING/Desktop/FullStack%202024/Proyecto-Final/ecommerce-api/node_modules/@vitest/runner/dist/index.js:915:20"],"meta":{}},{"ancestorTitles":["OrderController - Simple Tests"],"fullName":"OrderController - Simple Tests should export getOrders function","status":"passed","title":"should export getOrders function","duration":22.831600000000435,"failureMessages":[],"meta":{}},{"ancestorTitles":["OrderController - Simple Tests"],"fullName":"OrderController - Simple Tests should export getOrderById function","status":"passed","title":"should export getOrderById function","duration":13.317600000000311,"failureMessages":[],"meta":{}},{"ancestorTitles":["OrderController - Simple Tests"],"fullName":"OrderController - Simple Tests should export getOrdersByUser function","status":"passed","title":"should export getOrdersByUser function","duration":13.602799999999661,"failureMessages":[],"meta":{}},{"ancestorTitles":["OrderController - Simple Tests"],"fullName":"OrderController - Simple Tests should export createOrder function","status":"passed","title":"should export createOrder function","duration":12.407400000000052,"failureMessages":[],"meta":{}},{"ancestorTitles":["OrderController - Simple Tests"],"fullName":"OrderController - Simple Tests should export updateOrder function","status":"passed","title":"should export updateOrder function","duration":12.79240000000027,"failureMessages":[],"meta":{}},{"ancestorTitles":["OrderController - Simple Tests"],"fullName":"OrderController - Simple Tests should export updateOrderStatus function","status":"passed","title":"should export updateOrderStatus function","duration":12.143600000000333,"failureMessages":[],"meta":{}},{"ancestorTitles":["OrderController - Simple Tests"],"fullName":"OrderController - Simple Tests should export updatePaymentStatus function","status":"passed","title":"should export updatePaymentStatus function","duration":11.668499999999767,"failureMessages":[],"meta":{}},{"ancestorTitles":["OrderController - Simple Tests"],"fullName":"OrderController - Simple Tests should export cancelOrder function","status":"passed","title":"should export cancelOrder function","duration":12.076399999999921,"failureMessages":[],"meta":{}},{"ancestorTitles":["OrderController - Simple Tests"],"fullName":"OrderController - Simple Tests should export deleteOrder function","status":"passed","title":"should export deleteOrder function","duration":12.08349999999973,"failureMessages":[],"meta":{}},{"ancestorTitles":["NotificationController - Simple Tests"],"fullName":"NotificationController - Simple Tests should export getNotifications function","status":"passed","title":"should export getNotifications function","duration":23.21520000000055,"failureMessages":[],"meta":{}},{"ancestorTitles":["NotificationController - Simple Tests"],"fullName":"NotificationController - Simple Tests should export getNotificationById function","status":"passed","title":"should export getNotificationById function","duration":13.459799999999632,"failureMessages":[],"meta":{}},{"ancestorTitles":["NotificationController - Simple Tests"],"fullName":"NotificationController - Simple Tests should export getNotificationByUser function","status":"passed","title":"should export getNotificationByUser function","duration":13.427700000000186,"failureMessages":[],"meta":{}},{"ancestorTitles":["NotificationController - Simple Tests"],"fullName":"NotificationController - Simple Tests should export createNotification function","status":"passed","title":"should export createNotification function","duration":13.72230000000036,"failureMessages":[],"meta":{}},{"ancestorTitles":["NotificationController - Simple Tests"],"fullName":"NotificationController - Simple Tests should export updateNotification function","status":"passed","title":"should export updateNotification function","duration":13.769599999999627,"failureMessages":[],"meta":{}},{"ancestorTitles":["NotificationController - Simple Tests"],"fullName":"NotificationController - Simple Tests should export deleteNotification function","status":"passed","title":"should export deleteNotification function","duration":13.88799999999992,"failureMessages":[],"meta":{}},{"ancestorTitles":["NotificationController - Simple Tests"],"fullName":"NotificationController - Simple Tests should export markAsRead function","status":"passed","title":"should export markAsRead function","duration":13.45010000000002,"failureMessages":[],"meta":{}},{"ancestorTitles":["NotificationController - Simple Tests"],"fullName":"NotificationController - Simple Tests should export getUnreadNotificationsByUser function","status":"passed","title":"should export getUnreadNotificationsByUser function","duration":14.578999999999724,"failureMessages":[],"meta":{}},{"ancestorTitles":["NotificationController - Simple Tests"],"fullName":"NotificationController - Simple Tests should export markAllAsReadByUser function","status":"passed","title":"should export markAllAsReadByUser function","duration":12.648199999999633,"failureMessages":[],"meta":{}},{"ancestorTitles":["WishListController - Simple Tests"],"fullName":"WishListController - Simple Tests should export getUserWishList function","status":"passed","title":"should export getUserWishList function","duration":36.878600000000006,"failureMessages":[],"meta":{}},{"ancestorTitles":["WishListController - Simple Tests"],"fullName":"WishListController - Simple Tests should export addToWishList function","status":"passed","title":"should export addToWishList function","duration":14.894400000000132,"failureMessages":[],"meta":{}},{"ancestorTitles":["WishListController - Simple Tests"],"fullName":"WishListController - Simple Tests should export removeFromWishList function","status":"passed","title":"should export removeFromWishList function","duration":14.4375,"failureMessages":[],"meta":{}},{"ancestorTitles":["WishListController - Simple Tests"],"fullName":"WishListController - Simple Tests should export clearWishList function","status":"passed","title":"should export clearWishList function","duration":13.856800000000476,"failureMessages":[],"meta":{}},{"ancestorTitles":["WishListController - Simple Tests"],"fullName":"WishListController - Simple Tests should export checkProductInWishList function","status":"passed","title":"should export checkProductInWishList function","duration":14.231999999999971,"failureMessages":[],"meta":{}},{"ancestorTitles":["WishListController - Simple Tests"],"fullName":"WishListController - Simple Tests should export moveToCart function","status":"passed","title":"should export moveToCart function","duration":13.633499999999913,"failureMessages":[],"meta":{}}],"startTime":1775068220448,"endTime":1775068221494.6335,"status":"failed","message":"","name":"C:/Users/ASUS TUF GAMING/Desktop/FullStack 2024/Proyecto-Final/ecommerce-api/src/controllers/__tests__/controllers.test.js"},{"assertionResults":[{"ancestorTitles":["Notification Controller"],"fullName":"Notification Controller getNotifications is a function","status":"passed","title":"getNotifications is a function","duration":26.631399999999758,"failureMessages":[],"meta":{}},{"ancestorTitles":["Notification Controller"],"fullName":"Notification Controller getNotificationById is a function","status":"passed","title":"getNotificationById is a function","duration":3.601599999999962,"failureMessages":[],"meta":{}},{"ancestorTitles":["Notification Controller"],"fullName":"Notification Controller createNotification is a function","status":"passed","title":"createNotification is a function","duration":2.672700000000077,"failureMessages":[],"meta":{}},{"ancestorTitles":["Notification Controller"],"fullName":"Notification Controller updateNotification is a function","status":"passed","title":"updateNotification is a function","duration":2.786000000000058,"failureMessages":[],"meta":{}},{"ancestorTitles":["Notification Controller"],"fullName":"Notification Controller deleteNotification is a function","status":"passed","title":"deleteNotification is a function","duration":2.9080000000003565,"failureMessages":[],"meta":{}}],"startTime":1775068223447,"endTime":1775068223485.908,"status":"passed","message":"","name":"C:/Users/ASUS TUF GAMING/Desktop/FullStack 2024/Proyecto-Final/ecommerce-api/src/controllers/__tests__/notificationController.test.js"},{"assertionResults":[{"ancestorTitles":["OrderController","getOrders"],"fullName":"OrderController getOrders OR-01 Obtener todas las órdenes","status":"passed","title":"OR-01 Obtener todas las órdenes","duration":7.5987999999997555,"failureMessages":[],"meta":{}},{"ancestorTitles":["OrderController","getOrderById"],"fullName":"OrderController getOrderById OR-02 Obtener orden por ID válido","status":"failed","title":"OR-02 Obtener orden por ID válido","duration":23.146300000000338,"failureMessages":["AssertionError: expected \"vi.fn()\" to be called with arguments: [ { _id: 'o1', user: 'u1', …(3) } ]\u001b[90m\n\nNumber of calls: \u001b[1m0\u001b[22m\n\u001b[39m\n    at Proxy.<anonymous> (file:///C:/Users/ASUS%20TUF%20GAMING/Desktop/FullStack%202024/Proyecto-Final/ecommerce-api/node_modules/@vitest/expect/dist/index.js:1420:10)\n    at Proxy.<anonymous> (file:///C:/Users/ASUS%20TUF%20GAMING/Desktop/FullStack%202024/Proyecto-Final/ecommerce-api/node_modules/@vitest/expect/dist/index.js:1090:14)\n    at Proxy.methodWrapper (file:///C:/Users/ASUS%20TUF%20GAMING/Desktop/FullStack%202024/Proyecto-Final/ecommerce-api/node_modules/chai/index.js:1700:25)\n    at C:/Users/ASUS TUF GAMING/Desktop/FullStack 2024/Proyecto-Final/ecommerce-api/src/controllers/__tests__/orderController.test.js:93:12\n    at processTicksAndRejections (node:internal/process/task_queues:105:5)\n    at file:///C:/Users/ASUS%20TUF%20GAMING/Desktop/FullStack%202024/Proyecto-Final/ecommerce-api/node_modules/@vitest/runner/dist/index.js:915:20"],"meta":{}},{"ancestorTitles":["OrderController","getOrderById"],"fullName":"OrderController getOrderById OR-03 Orden no encontrada","status":"failed","title":"OR-03 Orden no encontrada","duration":4.41780000000017,"failureMessages":["AssertionError: expected \"vi.fn()\" to be called with arguments: [ 404 ]\u001b[90m\n\nNumber of calls: \u001b[1m0\u001b[22m\n\u001b[39m\n    at Proxy.<anonymous> (file:///C:/Users/ASUS%20TUF%20GAMING/Desktop/FullStack%202024/Proyecto-Final/ecommerce-api/node_modules/@vitest/expect/dist/index.js:1420:10)\n    at Proxy.<anonymous> (file:///C:/Users/ASUS%20TUF%20GAMING/Desktop/FullStack%202024/Proyecto-Final/ecommerce-api/node_modules/@vitest/expect/dist/index.js:1090:14)\n    at Proxy.methodWrapper (file:///C:/Users/ASUS%20TUF%20GAMING/Desktop/FullStack%202024/Proyecto-Final/ecommerce-api/node_modules/chai/index.js:1700:25)\n    at C:/Users/ASUS TUF GAMING/Desktop/FullStack 2024/Proyecto-Final/ecommerce-api/src/controllers/__tests__/orderController.test.js:101:30\n    at processTicksAndRejections (node:internal/process/task_queues:105:5)\n    at file:///C:/Users/ASUS%20TUF%20GAMING/Desktop/FullStack%202024/Proyecto-Final/ecommerce-api/node_modules/@vitest/runner/dist/index.js:915:20"],"meta":{}},{"ancestorTitles":["OrderController","getOrdersByUser"],"fullName":"OrderController getOrdersByUser OR-06 Obtener órdenes del usuario","status":"failed","title":"OR-06 Obtener órdenes del usuario","duration":2.1976999999997133,"failureMessages":["AssertionError: expected \"vi.fn()\" to be called with arguments: [ [ { _id: 'o1', user: 'u1', …(3) } ] ]\u001b[90m\n\nNumber of calls: \u001b[1m0\u001b[22m\n\u001b[39m\n    at Proxy.<anonymous> (file:///C:/Users/ASUS%20TUF%20GAMING/Desktop/FullStack%202024/Proyecto-Final/ecommerce-api/node_modules/@vitest/expect/dist/index.js:1420:10)\n    at Proxy.<anonymous> (file:///C:/Users/ASUS%20TUF%20GAMING/Desktop/FullStack%202024/Proyecto-Final/ecommerce-api/node_modules/@vitest/expect/dist/index.js:1090:14)\n    at Proxy.methodWrapper (file:///C:/Users/ASUS%20TUF%20GAMING/Desktop/FullStack%202024/Proyecto-Final/ecommerce-api/node_modules/chai/index.js:1700:25)\n    at C:/Users/ASUS TUF GAMING/Desktop/FullStack 2024/Proyecto-Final/ecommerce-api/src/controllers/__tests__/orderController.test.js:112:12\n    at processTicksAndRejections (node:internal/process/task_queues:105:5)\n    at file:///C:/Users/ASUS%20TUF%20GAMING/Desktop/FullStack%202024/Proyecto-Final/ecommerce-api/node_modules/@vitest/runner/dist/index.js:915:20"],"meta":{}},{"ancestorTitles":["OrderController","createOrder"],"fullName":"OrderController createOrder OR-04 Creación exitosa","status":"failed","title":"OR-04 Creación exitosa","duration":4.078000000000429,"failureMessages":["AssertionError: expected \"vi.fn()\" to be called at least once\n    at Proxy.<anonymous> (file:///C:/Users/ASUS%20TUF%20GAMING/Desktop/FullStack%202024/Proyecto-Final/ecommerce-api/node_modules/@vitest/expect/dist/index.js:1400:10)\n    at Proxy.<anonymous> (file:///C:/Users/ASUS%20TUF%20GAMING/Desktop/FullStack%202024/Proyecto-Final/ecommerce-api/node_modules/@vitest/expect/dist/index.js:1090:14)\n    at Proxy.methodWrapper (file:///C:/Users/ASUS%20TUF%20GAMING/Desktop/FullStack%202024/Proyecto-Final/ecommerce-api/node_modules/chai/index.js:1700:25)\n    at C:/Users/ASUS TUF GAMING/Desktop/FullStack 2024/Proyecto-Final/ecommerce-api/src/controllers/__tests__/orderController.test.js:132:32\n    at processTicksAndRejections (node:internal/process/task_queues:105:5)\n    at file:///C:/Users/ASUS%20TUF%20GAMING/Desktop/FullStack%202024/Proyecto-Final/ecommerce-api/node_modules/@vitest/runner/dist/index.js:915:20"],"meta":{}},{"ancestorTitles":["OrderController","createOrder"],"fullName":"OrderController createOrder OR-05 Stock insuficiente","status":"failed","title":"OR-05 Stock insuficiente","duration":1.8208999999997104,"failureMessages":["AssertionError: expected \"vi.fn()\" to be called with arguments: [ 400 ]\u001b[90m\n\nNumber of calls: \u001b[1m0\u001b[22m\n\u001b[39m\n    at Proxy.<anonymous> (file:///C:/Users/ASUS%20TUF%20GAMING/Desktop/FullStack%202024/Proyecto-Final
[...]
.0521000000003369,"failureMessages":[],"meta":{}},{"ancestorTitles":["UserController","changePassword"],"fullName":"UserController changePassword should return 404 if user not found","status":"passed","title":"should return 404 if user not found","duration":0.6466000000000349,"failureMessages":[],"meta":{}},{"ancestorTitles":["UserController","changePassword"],"fullName":"UserController changePassword should return 400 if current password is incorrect","status":"passed","title":"should return 400 if current password is incorrect","duration":0.8654999999998836,"failureMessages":[],"meta":{}},{"ancestorTitles":["UserController","changePassword"],"fullName":"UserController changePassword US-16 ChangePassword BD falla → next(error)","status":"passed","title":"US-16 ChangePassword BD falla → next(error)","duration":0.6012999999998101,"failureMessages":[],"meta":{}},{"ancestorTitles":["UserController","updateUser"],"fullName":"UserController updateUser should update user by admin successfully","status":"passed","title":"should update user by admin successfully","duration":1.0250999999998385,"failureMessages":[],"meta":{}},{"ancestorTitles":["UserController","updateUser"],"fullName":"UserController updateUser should return 404 if user not found","status":"passed","title":"should return 404 if user not found","duration":0.6134000000001834,"failureMessages":[],"meta":{}},{"ancestorTitles":["UserController","deactivateUser"],"fullName":"UserController deactivateUser should deactivate user account","status":"passed","title":"should deactivate user account","duration":1.0592999999998938,"failureMessages":[],"meta":{}},{"ancestorTitles":["UserController","deactivateUser"],"fullName":"UserController deactivateUser should return 404 if user not found","status":"passed","title":"should return 404 if user not found","duration":0.6447000000002845,"failureMessages":[],"meta":{}},{"ancestorTitles":["UserController","toggleUserStatus"],"fullName":"UserController toggleUserStatus should toggle user status from active to inactive","status":"passed","title":"should toggle user status from active to inactive","duration":0.8491000000003623,"failureMessages":[],"meta":{}},{"ancestorTitles":["UserController","toggleUserStatus"],"fullName":"UserController toggleUserStatus should toggle user status from inactive to active","status":"passed","title":"should toggle user status from inactive to active","duration":0.7134000000000924,"failureMessages":[],"meta":{}},{"ancestorTitles":["UserController","deleteUser"],"fullName":"UserController deleteUser should soft delete user","status":"passed","title":"should soft delete user","duration":0.7377999999998792,"failureMessages":[],"meta":{}},{"ancestorTitles":["UserController","deleteUser"],"fullName":"UserController deleteUser should return 404 if user not found","status":"passed","title":"should return 404 if user not found","duration":0.5643000000000029,"failureMessages":[],"meta":{}},{"ancestorTitles":["UserController","searchUser"],"fullName":"UserController searchUser should search users by query string","status":"passed","title":"should search users by query string","duration":4.874699999999848,"failureMessages":[],"meta":{}},{"ancestorTitles":["UserController","searchUser"],"fullName":"UserController searchUser should filter by role","status":"passed","title":"should filter by role","duration":0.7645000000002256,"failureMessages":[],"meta":{}},{"ancestorTitles":["UserController","createUser"],"fullName":"UserController createUser should create new user successfully","status":"passed","title":"should create new user successfully","duration":1.4935999999997875,"failureMessages":[],"meta":{}},{"ancestorTitles":["UserController","createUser"],"fullName":"UserController createUser should call next with error when creation fails","status":"passed","title":"should call next with error when creation fails","duration":0.573699999999917,"failureMessages":[],"meta":{}}],"startTime":1775068223368,"endTime":1775068223419.5737,"status":"passed","message":"","name":"C:/Users/ASUS TUF GAMING/Desktop/FullStack 2024/Proyecto-Final/ecommerce-api/src/controllers/__tests__/userController.test.js"},{"assertionResults":[{"ancestorTitles":["WishListController - Unit Tests (Error Paths)","getUserWishList"],"fullName":"WishListController - Unit Tests (Error Paths) getUserWishList should return empty wishlist when none exists","status":"passed","title":"should return empty wishlist when none exists","duration":28.724299999999857,"failureMessages":[],"meta":{}},{"ancestorTitles":["WishListController - Unit Tests (Error Paths)","getUserWishList"],"fullName":"WishListController - Unit Tests (Error Paths) getUserWishList should call next on DB error","status":"passed","title":"should call next on DB error","duration":13.059499999999844,"failureMessages":[],"meta":{}},{"ancestorTitles":["WishListController - Unit Tests (Error Paths)","addToWishList"],"fullName":"WishListController - Unit Tests (Error Paths) addToWishList should return 404 when product does not exist","status":"passed","title":"should return 404 when product does not exist","duration":14.705199999999877,"failureMessages":[],"meta":{}},{"ancestorTitles":["WishListController - Unit Tests (Error Paths)","addToWishList"],"fullName":"WishListController - Unit Tests (Error Paths) addToWishList should call next on DB error in Product.findById","status":"passed","title":"should call next on DB error in Product.findById","duration":7.935399999999845,"failureMessages":[],"meta":{}},{"ancestorTitles":["WishListController - Unit Tests (Error Paths)","addToWishList"],"fullName":"WishListController - Unit Tests (Error Paths) addToWishList should call next on DB error in WishList.findOneAndUpdate","status":"passed","title":"should call next on DB error in WishList.findOneAndUpdate","duration":7.104400000000169,"failureMessages":[],"meta":{}},{"ancestorTitles":["WishListController - Unit Tests (Error Paths)","removeFromWishList"],"fullName":"WishListController - Unit Tests (Error Paths) removeFromWishList should return 404 when wishlist not found","status":"passed","title":"should return 404 when wishlist not found","duration":6.822200000000066,"failureMessages":[],"meta":{}},{"ancestorTitles":["WishListController - Unit Tests (Error Paths)","removeFromWishList"],"fullName":"WishListController - Unit Tests (Error Paths) removeFromWishList should call next on DB error","status":"passed","title":"should call next on DB error","duration":6.366500000000087,"failureMessages":[],"meta":{}},{"ancestorTitles":["WishListController - Unit Tests (Error Paths)","clearWishList"],"fullName":"WishListController - Unit Tests (Error Paths) clearWishList should create empty wishlist if none existed","status":"passed","title":"should create empty wishlist if none existed","duration":6.887499999999818,"failureMessages":[],"meta":{}},{"ancestorTitles":["WishListController - Unit Tests (Error Paths)","clearWishList"],"fullName":"WishListController - Unit Tests (Error Paths) clearWishList should call next on DB error","status":"passed","title":"should call next on DB error","duration":7.230399999999918,"failureMessages":[],"meta":{}},{"ancestorTitles":["WishListController - Unit Tests (Error Paths)","checkProductInWishList"],"fullName":"WishListController - Unit Tests (Error Paths) checkProductInWishList should return inWishList: false when wishlist is empty","status":"passed","title":"should return inWishList: false when wishlist is empty","duration":5.676300000000083,"failureMessages":[],"meta":{}},{"ancestorTitles":["WishListController - Unit Tests (Error Paths)","checkProductInWishList"],"fullName":"WishListController - Unit Tests (Error Paths) checkProductInWishList should return inWishList: true when product is found","status":"passed","title":"should return inWishList: true when product is found","duration":6.130900000000111,"failureMessages":[],"meta":{}},{"ancestorTitles":["WishListController - Unit Tests (Error Paths)","checkProductInWishList"],"fullName":"WishListController - Unit Tests (Error Paths) checkProductInWishList should call next on DB error","status":"passed","title":"should call next on DB error","duration":6.061000000000149,"failureMessages":[],"meta":{}}],"startTime":1775068224355,"endTime":1775068224474.061,"status":"passed","message":"","name":"C:/Users/ASUS TUF GAMING/Desktop/FullStack 2024/Proyecto-Final/ecommerce-api/src/controllers/__tests__/wishListController.test.js"},{"assertionResults":[{"ancestorTitles":["authMiddleware"],"fullName":"authMiddleware Token válido → popula req.user y llama next()","status":"failed","title":"Token válido → popula req.user y llama next()","duration":63.19459999999981,"failureMessages":["AssertionError: expected \"vi.fn()\" to be called with arguments: [ 'validtoken', undefined, …(1) ]\u001b[90m\n\nNumber of calls: \u001b[1m0\u001b[22m\n\u001b[39m\n    at Proxy.<anonymous> (file:///C:/Users/ASUS%20TUF%20GAMING/Desktop/FullStack%202024/Proyecto-Final/ecommerce-api/node_modules/@vitest/expect/dist/index.js:1420:10)\n    at Proxy.<anonymous> (file:///C:/Users/ASUS%20TUF%20GAMING/Desktop/FullStack%202024/Proyecto-Final/ecommerce-api/node_modules/@vitest/expect/dist/index.js:1090:14)\n    at Proxy.methodWrapper (file:///C:/Users/ASUS%20TUF%20GAMING/Desktop/FullStack%202024/Proyecto-Final/ecommerce-api/node_modules/chai/index.js:1700:25)\n    at C:/Users/ASUS TUF GAMING/Desktop/FullStack 2024/Proyecto-Final/ecommerce-api/src/middlewares/__tests__/middleware.test.js:63:26\n    at file:///C:/Users/ASUS%20TUF%20GAMING/Desktop/FullStack%202024/Proyecto-Final/ecommerce-api/node_modules/@vitest/runner/dist/index.js:145:11\n    at file:///C:/Users/ASUS%20TUF%20GAMING/Desktop/FullStack%202024/Proyecto-Final/ecommerce-api/node_modules/@vitest/runner/dist/index.js:915:26\n    at file:///C:/Users/ASUS%20TUF%20GAMING/Desktop/FullStack%202024/Proyecto-Final/ecommerce-api/node_modules/@vitest/runner/dist/index.js:1243:20\n    at new Promise (<anonymous>)\n    at runWithTimeout (file:///C:/Users/ASUS%20TUF%20GAMING/Desktop/FullStack%202024/Proyecto-Final/ecommerce-api/node_modules/@vitest/runner/dist/index.js:1209:10)\n    at file:///C:/Users/ASUS%20TUF%20GAMING/Desktop/FullStack%202024/Proyecto-Final/ecommerce-api/node_modules/@vitest/runner/dist/index.js:1653:37"],"meta":{}},{"ancestorTitles":["authMiddleware"],"fullName":"authMiddleware Sin header Authorization → 401 Unauthorized","status":"passed","title":"Sin header Authorization → 401 Unauthorized","duration":15.195399999999609,"failureMessages":[],"meta":{}},{"ancestorTitles":["authMiddleware"],"fullName":"authMiddleware Header Authorization sin esquema Bearer → 401","status":"failed","title":"Header Authorization sin esquema Bearer → 401","duration":11.625999999999294,"failureMessages":["AssertionError: expected \"vi.fn()\" to be called with arguments: [ 403 ]\u001b[90m\n\nNumber of calls: \u001b[1m0\u001b[22m\n\u001b[39m\n    at Proxy.<anonymous> (file:///C:/Users/ASUS%20TUF%20GAMING/Desktop/FullStack%202024/Proyecto-Final/ecommerce-api/node_modules/@vitest/expect/dist/index.js:1420:10)\n    at Proxy.<anonymous> (file:///C:/Users/ASUS%20TUF%20GAMING/Desktop/FullStack%202024/Proyecto-Final/ecommerce-api/node_modules/@vitest/expect/dist/index.js:1090:14)\n    at Proxy.methodWrapper (file:///C:/Users/ASUS%20TUF%20GAMING/Desktop/FullStack%202024/Proyecto-Final/ecommerce-api/node_modules/chai/index.js:1700:25)\n    at C:/Users/ASUS TUF GAMING/Desktop/FullStack 2024/Proyecto-Final/ecommerce-api/src/middlewares/__tests__/middleware.test.js:97:26\n    at file:///C:/Users/ASUS%20TUF%20GAMING/Desktop/FullStack%202024/Proyecto-Final/ecommerce-api/node_modules/@vitest/runner/dist/index.js:145:11\n    at file:///C:/Users/ASUS%20TUF%20GAMING/Desktop/FullStack%202024/Proyecto-Final/ecommerce-api/node_modules/@vitest/runner/dist/index.js:915:26\n    at file:///C:/Users/ASUS%20TUF%20GAMING/Desktop/FullStack%202024/Proyecto-Final/ecommerce-api/node_modules/@vitest/runner/dist/index.js:1243:20\n    at new Promise (<anonymous>)\n    at runWithTimeout (file:///C:/Users/ASUS%20TUF%20GAMING/Desktop/FullStack%202024/Proyecto-Final/ecommerce-api/node_modules/@vitest/runner/dist/index.js:1209:10)\n    at file:///C:/Users/ASUS%20TUF%20GAMING/Desktop/FullStack%202024/Proyecto-Final/ecommerce-api/node_modules/@vitest/runner/dist/index.js:1653:37"],"meta":{}},{"ancestorTitles":["authMiddleware"],"fullName":"authMiddleware Token malformado → 403 Forbidden","status":"failed","title":"Token malformado → 403 Forbidden","duration":6.781100000000151,"failureMessages":["AssertionError: expected \"vi.fn()\" to be called with arguments: [ 403 ]\u001b[90m\n\nNumber of calls: \u001b[1m0\u001b[22m\n\u001b[39m\n    at Proxy.<anonymous> (file:///C:/Users/ASUS%20TUF%20GAMING/Desktop/FullStack%202024/Proyecto-Final/ecommerce-api/node_modules/@vitest/expect/dist/index.js:1420:10)\n    at Proxy.<anonymous> (file:///C:/Users/ASUS%20TUF%20GAMING/Desktop/FullStack%202024/Proyecto-Final/ecommerce-api/node_modules/@vitest/expect/dist/index.js:1090:14)\n    at Proxy.methodWrapper (file:///C:/Users/ASUS%20TUF%20GAMING/Desktop/FullStack%202024/Proyecto-Final/ecommerce-api/node_modules/chai/index.js:1700:25)\n    at C:/Users/ASUS TUF GAMING/Desktop/FullStack 2024/Proyecto-Final/ecommerce-api/src/middlewares/__tests__/middleware.test.js:111:26\n    at file:///C:/Users/ASUS%20TUF%20GAMING/Desktop/FullStack%202024/Proyecto-Final/ecommerce-api/node_modules/@vitest/runner/dist/index.js:145:11\n    at file:///C:/Users/ASUS%20TUF%20GAMING/Desktop/FullStack%202024/Proyecto-Final/ecommerce-api/node_modules/@vitest/runner/dist/index.js:915:26\n    at file:///C:/Users/ASUS%20TUF%20GAMING/Desktop/FullStack%202024/Proyecto-Final/ecommerce-api/node_modules/@vitest/runner/dist/index.js:1243:20\n    at new Promise (<anonymous>)\n    at runWithTimeout (file:///C:/Users/ASUS%20TUF%20GAMING/Desktop/FullStack%202024/Proyecto-Final/ecommerce-api/node_modules/@vitest/runner/dist/index.js:1209:10)\n    at file:///C:/Users/ASUS%20TUF%20GAMING/Desktop/FullStack%202024/Proyecto-Final/ecommerce-api/node_modules/@vitest/runner/dist/index.js:1653:37"],"meta":{}},{"ancestorTitles":["authMiddleware"],"fullName":"authMiddleware Token expirado → 403 Forbidden","status":"failed","title":"Token expirado → 403 Forbidden","duration":27.5641999999998,"failureMessages":["AssertionError: expected \"vi.fn()\" to be called with arguments: [ 403 ]\u001b[90m\n\nNumber of calls: \u001b[1m0\u001b[22m\n\u001b[39m\n    at Proxy.<anonymous> (file:///C:/Users/ASUS%20TUF%20GAMING/Desktop/FullStack%202024/Proyecto-Final/ecommerce-api/node_modules/@vitest/expect/dist/index.js:1420:10)\n    at Proxy.<anonymous> (file:///C:/Users/ASUS%20TUF%20GAMING/Desktop/FullStack%202024/Proyecto-Final/ecommerce-api/node_modules/@vitest/expect/dist/index.js:1090:14)\n    at Proxy.methodWrapper (file:///C:/Users/ASUS%20TUF%20GAMING/Desktop/FullStack%202024/Proyecto-Final/ecommerce-api/node_modules/chai/index.js:1700:25)\n    at C:/Users/ASUS TUF GAMING/Desktop/FullStack 2024/Proyecto-Final/ecommerce-api/src/middlewares/__tests__/middleware.test.js:126:26\n    at file:///C:/Users/ASUS%20TUF%20GAMING/Desktop/FullStack%202024/Proyecto-Final/ecommerce-api/node_modules/@vitest/runner/dist/index.js:145:11\n    at file:///C:/Users/ASUS%20TUF%20GAMING/Desktop/FullStack%202024/Proyecto-Final/ecommerce-api/node_modules/@vitest/runner/dist/index.js:915:26\n    at file:///C:/Users/ASUS%20TUF%20GAMING/Desktop/FullStack%202024/Proyecto-Final/ecommerce-api/node_modules/@vitest/runner/dist/index.js:1243:20\n    at new Promise (<anonymous>)\n    at runWithTimeout (file:///C:/Users/ASUS%20TUF%20GAMING/Desktop/FullStack%202024/Proyecto-Final/ecommerce-api/node_modules/@vitest/runner/dist/index.js:1209:10)\n    at file:///C:/Users/ASUS%20TUF%20GAMING/Desktop/FullStack%202024/Proyecto-Final/ecommerce-api/node_modules/@vitest/runner/dist/index.js:1653:37"],"meta":{}},{"ancestorTitles":["isAdmin"],"fullName":"isAdmin Usuario admin → llama next()","status":"passed","title":"Usuario admin → llama next()","duration":16.79610000000048,"failureMessages":[],"meta":{}},{"ancestorTitles":["isAdmin"],"fullName":"isAdmin Usuario customer → 403 Admin access required","status":"passed","title":"Usuario customer → 403 Admin access required","duration":11.570999999999913,"failureMessages":[],"meta":{}},{"ancestorTitles":["isAdmin"],"fullName":"isAdmin Sin req.user → 401 Authentication required","status":"passed","title":"Sin req.user → 401 Authentication required","duration":4.000699999999597,"failureMessages":[],"meta":{}},{"ancestorTitles":["isAdmin"],"fullName":"isAdmin Usuario guest → 403 Admin access required","status":"passed","title":"Usuario guest → 403 Admin access required","duration":3.171400000000176,"failureMessages":[],"meta":{}},{"ancestorTitles":["validate middleware"],"fullName":"validate middleware Sin errores de validación → llama next()","status":"passed","title":"Sin errores de validación → llama next()","duration":2.8374000000003434,"failureMessages":[],"meta":{}},{"ancestorTitles":["validate middleware"],"fullName":"validate middleware Con errores de validación → 422 con array de errores","status":"passed","title":"Con errores de validación → 422 con array de errores","duration":3.39429999999993,"failureMessages":[],"meta":{}},{"ancestorTitles":["errorHandler"],"fullName":"errorHandler Error genérico sin statusCode → 500 Internal Server Error","status":"passed","title":"Error genérico sin statusCode → 500 Internal Server Error","duration":4.775700000000143,"failureMessages":[],"meta":{}},{"ancestorTitles":["errorHandler"],"fullName":"errorHandler Error con statusCode 404 → usa el statusCode y el mensaje original","status":"passed","title":"Error con statusCode 404 → usa el statusCode y el mensaje original","duration":2.7750999999998385,"failureMessages":[],"meta":{}},{"ancestorTitles":["errorHandler"],"fullName":"errorHandler Error con err.status (no statusCode) → usa err.status","status":"passed","title":"Error con err.status (no statusCode) → usa err.status","duration":2.9997000000003027,"failureMessages":[],"meta":{}},{"ancestorTitles":["errorHandler"],"fullName":"errorHandler Si res.headersSent → llama next(err) sin responder","status":"passed","title":"Si res.headersSent → llama next(err) sin responder","duration":3.0910000000003492,"failureMessages":[],"meta":{}},{"ancestorTitles":["errorHandler"],"fullName":"errorHandler Error 4xx con campo errors → lo incluye en la respuesta","status":"passed","title":"Error 4xx con campo errors → lo incluye en la respuesta","duration":3.2479000000002998,"failureMessages":[],"meta":{}}],"startTime":1775068220556,"endTime":1775068220741.2478,"status":"failed","message":"","name":"C:/Users/ASUS TUF GAMING/Desktop/FullStack 2024/Proyecto-Final/ecommerce-api/src/middlewares/__tests__/middleware.test.js"},{"assertionResults":[{"ancestorTitles":["RateLimiter Middlewares (test env skips)"],"fullName":"RateLimiter Middlewares (test env skips) authLimiter should be skipped in test env","status":"passed","title":"authLimiter should be skipped in test env","duration":30.0953999999997,"failureMessages":[],"meta":{}},{"ancestorTitles":["RateLimiter Middlewares (test env skips)"],"fullName":"RateLimiter Middlewares (test env skips) apiLimiter should be skipped in test env","status":"passed","title":"apiLimiter should be skipped in test env","duration":8.240200000000186,"failureMessages":[],"meta":{}},{"ancestorTitles":["RateLimiter Middlewares (test env skips)"],"fullName":"RateLimiter Middlewares (test env skips) strictLimiter should be skipped in test env","status":"passed","title":"strictLimiter should be skipped in test env","duration":5.703499999999622,"failureMessages":[],"meta":{}}],"startTime":1775068223997,"endTime":1775068224041.7036,"status":"passed","message":"","name":"C:/Users/ASUS TUF GAMING/Desktop/FullStack 2024/Proyecto-Final/ecommerce-api/src/middlewares/__tests__/rateLimiter.test.js"}]}
