{"C:\\Users\\ASUS TUF GAMING\\Desktop\\FullStack 2024\\Proyecto-Final\\ecommerce-api\\server.js": {"path":"C:\\Users\\ASUS TUF GAMING\\Desktop\\FullStack 2024\\Proyecto-Final\\ecommerce-api\\server.js","statementMap":{"0":{"start":{"line":10,"column":0},"end":{"line":10,"column":null}},"1":{"start":{"line":12,"column":0},"end":{"line":12,"column":null}},"2":{"start":{"line":14,"column":13},"end":{"line":14,"column":null}},"3":{"start":{"line":16,"column":0},"end":{"line":18,"column":null}},"4":{"start":{"line":17,"column":2},"end":{"line":17,"column":null}},"5":{"start":{"line":20,"column":0},"end":{"line":20,"column":null}},"6":{"start":{"line":21,"column":0},"end":{"line":21,"column":null}},"7":{"start":{"line":22,"column":0},"end":{"line":22,"column":null}},"8":{"start":{"line":24,"column":0},"end":{"line":26,"column":null}},"9":{"start":{"line":25,"column":2},"end":{"line":25,"column":null}},"10":{"start":{"line":28,"column":0},"end":{"line":28,"column":null}},"11":{"start":{"line":30,"column":0},"end":{"line":33,"column":null}},"12":{"start":{"line":31,"column":2},"end":{"line":31,"column":null}},"13":{"start":{"line":32,"column":2},"end":{"line":32,"column":null}},"14":{"start":{"line":34,"column":0},"end":{"line":34,"column":null}},"15":{"start":{"line":36,"column":0},"end":{"line":40,"column":null}},"16":{"start":{"line":37,"column":2},"end":{"line":39,"column":null}},"17":{"start":{"line":38,"column":4},"end":{"line":38,"column":null}}},"fnMap":{"0":{"name":"(anonymous_0)","decl":{"start":{"line":24,"column":13},"end":{"line":24,"column":14}},"loc":{"start":{"line":24,"column":27},"end":{"line":26,"column":1}},"line":24},"1":{"name":"(anonymous_1)","decl":{"start":{"line":30,"column":11},"end":{"line":30,"column":12}},"loc":{"start":{"line":30,"column":25},"end":{"line":33,"column":1}},"line":30},"2":{"name":"(anonymous_2)","decl":{"start":{"line":37,"column":31},"end":{"line":37,"column":37}},"loc":{"start":{"line":37,"column":37},"end":{"line":39,"column":3}},"line":37}},"branchMap":{"0":{"loc":{"start":{"line":16,"column":0},"end":{"line":18,"column":null}},"type":"if","locations":[{"start":{"line":16,"column":0},"end":{"line":18,"column":null}},{"start":{},"end":{}}],"line":16},"1":{"loc":{"start":{"line":36,"column":0},"end":{"line":40,"column":null}},"type":"if","locations":[{"start":{"line":36,"column":0},"end":{"line":40,"column":null}},{"start":{},"end":{}}],"line":36}},"s":{"0":4,"1":4,"2":4,"3":4,"4":0,"5":4,"6":4,"7":4,"8":4,"9":0,"10":4,"11":4,"12":0,"13":0,"14":4,"15":4,"16":0,"17":0},"f":{"0":0,"1":0,"2":0},"b":{"0":[0,4],"1":[0,4]},"meta":{"lastBranch":2,"lastFunction":3,"lastStatement":18,"seen":{"s:10:0:10:Infinity":0,"s:12:0:12:Infinity":1,"s:14:13:14:Infinity":2,"b:16:0:18:Infinity:undefined:undefined:undefined:undefined":0,"s:16:0:18:Infinity":3,"s:17:2:17:Infinity":4,"s:20:0:20:Infinity":5,"s:21:0:21:Infinity":6,"s:22:0:22:Infinity":7,"s:24:0:26:Infinity":8,"f:24:13:24:14":0,"s:25:2:25:Infinity":9,"s:28:0:28:Infinity":10,"s:30:0:33:Infinity":11,"f:30:11:30:12":1,"s:31:2:31:Infinity":12,"s:32:2:32:Infinity":13,"s:34:0:34:Infinity":14,"b:36:0:40:Infinity:undefined:undefined:undefined:undefined":1,"s:36:0:40:Infinity":15,"s:37:2:39:Infinity":16,"f:37:31:37:37":2,"s:38:4:38:Infinity":17}}}
,"C:\\Users\\ASUS TUF GAMING\\Desktop\\FullStack 2024\\Proyecto-Final\\ecommerce-api\\src\\config\\database.js": {"path":"C:\\Users\\ASUS TUF GAMING\\Desktop\\FullStack 2024\\Proyecto-Final\\ecommerce-api\\src\\config\\database.js","statementMap":{"0":{"start":{"line":4,"column":0},"end":{"line":4,"column":16}},"1":{"start":{"line":6,"column":21},"end":{"line":21,"column":1}},"2":{"start":{"line":7,"column":2},"end":{"line":20,"column":3}},"3":{"start":{"line":8,"column":18},"end":{"line":8,"column":41}},"4":{"start":{"line":10,"column":4},"end":{"line":14,"column":7}},"5":{"start":{"line":16,"column":4},"end":{"line":16,"column":40}},"6":{"start":{"line":18,"column":4},"end":{"line":18,"column":23}},"7":{"start":{"line":19,"column":4},"end":{"line":19,"column":20}}},"fnMap":{"0":{"name":"(anonymous_0)","decl":{"start":{"line":6,"column":21},"end":{"line":6,"column":26}},"loc":{"start":{"line":6,"column":33},"end":{"line":21,"column":1}},"line":6}},"branchMap":{},"s":{"0":4,"1":4,"2":0,"3":0,"4":0,"5":0,"6":0,"7":0},"f":{"0":0},"b":{},"meta":{"lastBranch":0,"lastFunction":1,"lastStatement":8,"seen":{"s:4:0:4:16":0,"s:6:21:21:1":1,"f:6:21:6:26":0,"s:7:2:20:3":2,"s:8:18:8:41":3,"s:10:4:14:7":4,"s:16:4:16:40":5,"s:18:4:18:23":6,"s:19:4:19:20":7}}}
,"C:\\Users\\ASUS TUF GAMING\\Desktop\\FullStack 2024\\Proyecto-Final\\ecommerce-api\\src\\controllers\\authController.js": {"path":"C:\\Users\\ASUS TUF GAMING\\Desktop\\FullStack 2024\\Proyecto-Final\\ecommerce-api\\src\\controllers\\authController.js","statementMap":{"0":{"start":{"line":5,"column":22},"end":{"line":9,"column":1}},"1":{"start":{"line":6,"column":2},"end":{"line":8,"column":5}},"2":{"start":{"line":11,"column":29},"end":{"line":19,"column":1}},"3":{"start":{"line":12,"column":2},"end":{"line":18,"column":4}},"4":{"start":{"line":21,"column":25},"end":{"line":24,"column":1}},"5":{"start":{"line":22,"column":21},"end":{"line":22,"column":23}},"6":{"start":{"line":23,"column":2},"end":{"line":23,"column":49}},"7":{"start":{"line":26,"column":23},"end":{"line":29,"column":1}},"8":{"start":{"line":27,"column":15},"end":{"line":27,"column":44}},"9":{"start":{"line":28,"column":2},"end":{"line":28,"column":14}},"10":{"start":{"line":32,"column":2},"end":{"line":57,"column":3}},"11":{"start":{"line":33,"column":51},"end":{"line":33,"column":59}},"12":{"start":{"line":35,"column":22},"end":{"line":35,"column":49}},"13":{"start":{"line":36,"column":4},"end":{"line":38,"column":5}},"14":{"start":{"line":37,"column":6},"end":{"line":37,"column":69}},"15":{"start":{"line":41,"column":23},"end":{"line":41,"column":53}},"16":{"start":{"line":42,"column":21},"end":{"line":42,"column":63}},"17":{"start":{"line":44,"column":25},"end":{"line":44,"column":57}},"18":{"start":{"line":46,"column":20},"end":{"line":51,"column":6}},"19":{"start":{"line":53,"column":4},"end":{"line":53,"column":25}},"20":{"start":{"line":54,"column":4},"end":{"line":54,"column":65}},"21":{"start":{"line":56,"column":4},"end":{"line":56,"column":16}},"22":{"start":{"line":62,"column":2},"end":{"line":87,"column":3}},"23":{"start":{"line":63,"column":32},"end":{"line":63,"column":40}},"24":{"start":{"line":64,"column":22},"end":{"line":64,"column":49}},"25":{"start":{"line":65,"column":4},"end":{"line":69,"column":5}},"26":{"start":{"line":66,"column":6},"end":{"line":68,"column":71}},"27":{"start":{"line":70,"column":20},"end":{"line":70,"column":74}},"28":{"start":{"line":71,"column":4},"end":{"line":73,"column":5}},"29":{"start":{"line":72,"column":6},"end":{"line":72,"column":70}},"30":{"start":{"line":74,"column":18},"end":{"line":78,"column":5}},"31":{"start":{"line":79,"column":25},"end":{"line":83,"column":5}},"32":{"start":{"line":84,"column":4},"end":{"line":84,"column":50}},"33":{"start":{"line":86,"column":4},"end":{"line":86,"column":16}},"34":{"start":{"line":91,"column":2},"end":{"line":100,"column":3}},"35":{"start":{"line":92,"column":18},"end":{"line":94,"column":20}},"36":{"start":{"line":96,"column":17},"end":{"line":96,"column":46}},"37":{"start":{"line":97,"column":4},"end":{"line":97,"column":32}},"38":{"start":{"line":99,"column":4},"end":{"line":99,"column":14}},"39":{"start":{"line":104,"column":2},"end":{"line":132,"column":3}},"40":{"start":{"line":105,"column":18},"end":{"line":105,"column":39}},"41":{"start":{"line":106,"column":4},"end":{"line":107,"column":76}},"42":{"start":{"line":107,"column":6},"end":{"line":107,"column":76}},"43":{"start":{"line":109,"column":4},"end":{"line":129,"column":7}},"44":{"start":{"line":110,"column":6},"end":{"line":111,"column":74}},"45":{"start":{"line":111,"column":8},"end":{"line":111,"column":74}},"46":{"start":{"line":113,"column":29},"end":{"line":117,"column":7}},"47":{"start":{"line":120,"column":30},"end":{"line":124,"column":7}},"48":{"start":{"line":126,"column":6},"end":{"line":128,"column":72}},"49":{"start":{"line":131,"column":4},"end":{"line":131,"column":16}}},"fnMap":{"0":{"name":"(anonymous_0)","decl":{"start":{"line":5,"column":22},"end":{"line":5,"column":23}},"loc":{"start":{"line":5,"column":53},"end":{"line":9,"column":1}},"line":5},"1":{"name":"(anonymous_1)","decl":{"start":{"line":11,"column":29},"end":{"line":11,"column":30}},"loc":{"start":{"line":11,"column":60},"end":{"line":19,"column":1}},"line":11},"2":{"name":"(anonymous_2)","decl":{"start":{"line":21,"column":25},"end":{"line":21,"column":30}},"loc":{"start":{"line":21,"column":45},"end":{"line":24,"column":1}},"line":21},"3":{"name":"(anonymous_3)","decl":{"start":{"line":26,"column":23},"end":{"line":26,"column":28}},"loc":{"start":{"line":26,"column":40},"end":{"line":29,"column":1}},"line":26},"4":{"name":"register","decl":{"start":{"line":31,"column":15},"end":{"line":31,"column":23}},"loc":{"start":{"line":31,"column":40},"end":{"line":58,"column":1}},"line":31},"5":{"name":"login","decl":{"start":{"line":61,"column":15},"end":{"line":61,"column":20}},"loc":{"start":{"line":61,"column":37},"end":{"line":88,"column":1}},"line":61},"6":{"name":"checkEmail","decl":{"start":{"line":90,"column":15},"end":{"line":90,"column":25}},"loc":{"start":{"line":90,"column":42},"end":{"line":101,"column":1}},"line":90},"7":{"name":"refreshToken","decl":{"start":{"line":103,"column":15},"end":{"line":103,"column":27}},"loc":{"start":{"line":103,"column":44},"end":{"line":133,"column":1}},"line":103},"8":{"name":"(anonymous_8)","decl":{"start":{"line":109,"column":56},"end":{"line":109,"column":57}},"loc":{"start":{"line":109,"column":74},"end":{"line":129,"column":5}},"line":109}},"branchMap":{"0":{"loc":{"start":{"line":36,"column":4},"end":{"line":38,"column":5}},"type":"if","locations":[{"start":{"line":36,"column":4},"end":{"line":38,"column":5}},{"start":{},"end":{}}],"line":36},"1":{"loc":{"start":{"line":42,"column":21},"end":{"line":42,"column":63}},"type":"cond-expr","locations":[{"start":{"line":42,"column":49},"end":{"line":42,"column":53}},{"start":{"line":42,"column":56},"end":{"line":42,"column":63}}],"line":42},"2":{"loc":{"start":{"line":65,"column":4},"end":{"line":69,"column":5}},"type":"if","locations":[{"start":{"line":65,"column":4},"end":{"line":69,"column":5}},{"start":{},"end":{}}],"line":65},"3":{"loc":{"start":{"line":71,"column":4},"end":{"line":73,"column":5}},"type":"if","locations":[{"start":{"line":71,"column":4},"end":{"line":73,"column":5}},{"start":{},"end":{}}],"line":71},"4":{"loc":{"start":{"line":92,"column":25},"end":{"line":92,"column":46}},"type":"binary-expr","locations":[{"start":{"line":92,"column":25},"end":{"line":92,"column":40}},{"start":{"line":92,"column":44},"end":{"line":92,"column":46}}],"line":92},"5":{"loc":{"start":{"line":106,"column":4},"end":{"line":107,"column":76}},"type":"if","locations":[{"start":{"line":106,"column":4},"end":{"line":107,"column":76}},{"start":{},"end":{}}],"line":106},"6":{"loc":{"start":{"line":110,"column":6},"end":{"line":111,"column":74}},"type":"if","locations":[{"start":{"line":110,"column":6},"end":{"line":111,"column":74}},{"start":{},"end":{}}],"line":110}},"s":{"0":6,"1":6,"2":6,"3":6,"4":6,"5":6,"6":6,"7":6,"8":17,"9":15,"10":9,"11":9,"12":9,"13":8,"14":2,"15":6,"16":6,"17":9,"18":6,"19":6,"20":6,"21":1,"22":8,"23":8,"24":8,"25":7,"26":1,"27":6,"28":6,"29":2,"30":4,"31":4,"32":4,"33":1,"34":6,"35":6,"36":6,"37":5,"38":1,"39":5,"40":5,"41":5,"42":1,"43":4,"44":4,"45":2,"46":2,"47":2,"48":2,"49":0},"f":{"0":6,"1":6,"2":6,"3":17,"4":9,"5":8,"6":6,"7":5,"8":4},"b":{"0":[2,6],"1":[4,2],"2":[1,6],"3":[2,4],"4":[6,2],"5":[1,4],"6":[2,2]},"meta":{"lastBranch":7,"lastFunction":9,"lastStatement":50,"seen":{"s:5:22:9:1":0,"f:5:22:5:23":0,"s:6:2:8:5":1,"s:11:29:19:1":2,"f:11:29:11:30":1,"s:12:2:18:4":3,"s:21:25:24:1":4,"f:21:25:21:30":2,"s:22:21:22:23":5,"s:23:2:23:49":6,"s:26:23:29:1":7,"f:26:23:26:28":3,"s:27:15:27:44":8,"s:28:2:28:14":9,"f:31:15:31:23":4,"s:32:2:57:3":10,"s:33:51:33:59":11,"s:35:22:35:49":12,"b:36:4:38:5:undefined:undefined:undefined:undefined":0,"s:36:4:38:5":13,"s:37:6:37:69":14,"s:41:23:41:53":15,"s:42:21:42:63":16,"b:42:49:42:53:42:56:42:63":1,"s:44:25:44:57":17,"s:46:20:51:6":18,"s:53:4:53:25":19,"s:54:4:54:65":20,"s:56:4:56:16":21,"f:61:15:61:20":5,"s:62:2:87:3":22,"s:63:32:63:40":23,"s:64:22:64:49":24,"b:65:4:69:5:undefined:undefined:undefined:undefined":2,"s:65:4:69:5":25,"s:66:6:68:71":26,"s:70:20:70:74":27,"b:71:4:73:5:undefined:undefined:undefined:undefined":3,"s:71:4:73:5":28,"s:72:6:72:70":29,"s:74:18:78:5":30,"s:79:25:83:5":31,"s:84:4:84:50":32,"s:86:4:86:16":33,"f:90:15:90:25":6,"s:91:2:100:3":34,"s:92:18:94:20":35,"b:92:25:92:40:92:44:92:46":4,"s:96:17:96:46":36,"s:97:4:97:32":37,"s:99:4:99:14":38,"f:103:15:103:27":7,"s:104:2:132:3":39,"s:105:18:105:39":40,"b:106:4:107:76:undefined:undefined:undefined:undefined":5,"s:106:4:107:76":41,"s:107:6:107:76":42,"s:109:4:129:7":43,"f:109:56:109:57":8,"b:110:6:111:74:undefined:undefined:undefined:undefined":6,"s:110:6:111:74":44,"s:111:8:111:74":45,"s:113:29:117:7":46,"s:120:30:124:7":47,"s:126:6:128:72":48,"s:131:4:131:16":49}}}
,"C:\\Users\\ASUS TUF GAMING\\Desktop\\FullStack 2024\\Proyecto-Final\\ecommerce-api\\src\\controllers\\cartController.js": {"path":"C:\\Users\\ASUS TUF GAMING\\Desktop\\FullStack 2024\\Proyecto-Final\\ecommerce-api\\src\\controllers\\cartController.js","statementMap":{"0":{"start":{"line":4,"column":2},"end":{"line":11,"column":3}},"1":{"start":{"line":5,"column":18},"end":{"line":7,"column":35}},"2":{"start":{"line":8,"column":4},"end":{"line":8,"column":20}},"3":{"start":{"line":10,"column":4},"end":{"line":10,"column":16}},"4":{"start":{"line":15,"column":2},"end":{"line":26,"column":3}},"5":{"start":{"line":16,"column":15},"end":{"line":16,"column":28}},"6":{"start":{"line":17,"column":17},"end":{"line":19,"column":35}},"7":{"start":{"line":20,"column":4},"end":{"line":22,"column":5}},"8":{"start":{"line":21,"column":6},"end":{"line":21,"column":65}},"9":{"start":{"line":23,"column":4},"end":{"line":23,"column":19}},"10":{"start":{"line":25,"column":4},"end":{"line":25,"column":16}},"11":{"start":{"line":30,"column":2},"end":{"line":45,"column":3}},"12":{"start":{"line":31,"column":19},"end":{"line":31,"column":32}},"13":{"start":{"line":32,"column":17},"end":{"line":34,"column":35}},"14":{"start":{"line":36,"column":4},"end":{"line":41,"column":5}},"15":{"start":{"line":37,"column":6},"end":{"line":40,"column":9}},"16":{"start":{"line":42,"column":4},"end":{"line":42,"column":63}},"17":{"start":{"line":44,"column":4},"end":{"line":44,"column":16}},"18":{"start":{"line":49,"column":2},"end":{"line":59,"column":3}},"19":{"start":{"line":50,"column":31},"end":{"line":50,"column":39}},"20":{"start":{"line":52,"column":20},"end":{"line":52,"column":57}},"21":{"start":{"line":53,"column":4},"end":{"line":53,"column":35}},"22":{"start":{"line":54,"column":4},"end":{"line":54,"column":47}},"23":{"start":{"line":56,"column":4},"end":{"line":56,"column":34}},"24":{"start":{"line":58,"column":4},"end":{"line":58,"column":16}},"25":{"start":{"line":63,"column":2},"end":{"line":93,"column":3}},"26":{"start":{"line":64,"column":19},"end":{"line":64,"column":29}},"27":{"start":{"line":65,"column":31},"end":{"line":65,"column":39}},"28":{"start":{"line":68,"column":4},"end":{"line":73,"column":5}},"29":{"start":{"line":69,"column":6},"end":{"line":72,"column":9}},"30":{"start":{"line":76,"column":23},"end":{"line":76,"column":25}},"31":{"start":{"line":77,"column":4},"end":{"line":77,"column":51}},"32":{"start":{"line":77,"column":28},"end":{"line":77,"column":51}},"33":{"start":{"line":78,"column":4},"end":{"line":78,"column":63}},"34":{"start":{"line":78,"column":32},"end":{"line":78,"column":63}},"35":{"start":{"line":80,"column":24},"end":{"line":84,"column":35}},"36":{"start":{"line":86,"column":4},"end":{"line":90,"column":5}},"37":{"start":{"line":87,"column":6},"end":{"line":87,"column":47}},"38":{"start":{"line":89,"column":6},"end":{"line":89,"column":65}},"39":{"start":{"line":92,"column":4},"end":{"line":92,"column":16}},"40":{"start":{"line":97,"column":2},"end":{"line":108,"column":3}},"41":{"start":{"line":98,"column":19},"end":{"line":98,"column":29}},"42":{"start":{"line":99,"column":24},"end":{"line":99,"column":56}},"43":{"start":{"line":101,"column":4},"end":{"line":105,"column":5}},"44":{"start":{"line":102,"column":6},"end":{"line":102,"column":36}},"45":{"start":{"line":104,"column":6},"end":{"line":104,"column":65}},"46":{"start":{"line":107,"column":4},"end":{"line":107,"column":16}},"47":{"start":{"line":112,"column":2},"end":{"line":144,"column":3}},"48":{"start":{"line":113,"column":48},"end":{"line":113,"column":56}},"49":{"start":{"line":114,"column":15},"end":{"line":114,"column":51}},"50":{"start":{"line":116,"column":4},"end":{"line":132,"column":5}},"51":{"start":{"line":117,"column":6},"end":{"line":120,"column":9}},"52":{"start":{"line":123,"column":35},"end":{"line":125,"column":7}},"53":{"start":{"line":124,"column":18},"end":{"line":124,"column":55}},"54":{"start":{"line":127,"column":6},"end":{"line":131,"column":7}},"55":{"start":{"line":128,"column":8},"end":{"line":128,"column":65}},"56":{"start":{"line":130,"column":8},"end":{"line":130,"column":61}},"57":{"start":{"line":134,"column":4},"end":{"line":134,"column":22}},"58":{"start":{"line":135,"column":4},"end":{"line":135,"column":32}},"59":{"start":{"line":136,"column":4},"end":{"line":136,"column":44}},"60":{"start":{"line":138,"column":4},"end":{"line":141,"column":7}},"61":{"start":{"line":143,"column":4},"end":{"line":143,"column":16}},"62":{"start":{"line":148,"column":2},"end":{"line":173,"column":3}},"63":{"start":{"line":149,"column":44},"end":{"line":149,"column":52}},"64":{"start":{"line":150,"column":17},"end":{"line":150,"column":53}},"65":{"start":{"line":152,"column":4},"end":{"line":154,"column":5}},"66":{"start":{"line":153,"column":6},"end":{"line":153,"column":65}},"67":{"start":{"line":156,"column":25},"end":{"line":158,"column":5}},"68":{"start":{"line":157,"column":16},"end":{"line":157,"column":53}},"69":{"start":{"line":160,"column":4},"end":{"line":162,"column":5}},"70":{"start":{"line":161,"column":6},"end":{"line":161,"column":76}},"71":{"start":{"line":164,"column":4},"end":{"line":164,"column":52}},"72":{"start":{"line":166,"column":4},"end":{"line":166,"column":22}},"73":{"start":{"line":167,"column":4},"end":{"line":167,"column":32}},"74":{"start":{"line":168,"column":4},"end":{"line":168,"column":44}},"75":{"start":{"line":170,"column":4},"end":{"line":170,"column":53}},"76":{"start":{"line":172,"column":4},"end":{"line":172,"column":16}},"77":{"start":{"line":177,"column":2},"end":{"line":198,"column":3}},"78":{"start":{"line":178,"column":23},"end":{"line":178,"column":31}},"79":{"start":{"line":179,"column":26},"end":{"line":179,"column":36}},"80":{"start":{"line":181,"column":17},"end":{"line":181,"column":53}},"81":{"start":{"line":183,"column":4},"end":{"line":185,"column":5}},"82":{"start":{"line":184,"column":6},"end":{"line":184,"column":65}},"83":{"start":{"line":187,"column":4},"end":{"line":189,"column":6}},"84":{"start":{"line":188,"column":16},"end":{"line":188,"column":53}},"85":{"start":{"line":191,"column":4},"end":{"line":191,"column":22}},"86":{"start":{"line":192,"column":4},"end":{"line":192,"column":32}},"87":{"start":{"line":193,"column":4},"end":{"line":193,"column":44}},"88":{"start":{"line":195,"column":4},"end":{"line":195,"column":61}},"89":{"start":{"line":197,"column":4},"end":{"line":197,"column":16}},"90":{"start":{"line":202,"column":2},"end":{"line":217,"column":3}},"91":{"start":{"line":203,"column":23},"end":{"line":203,"column":31}},"92":{"start":{"line":205,"column":17},"end":{"line":205,"column":53}},"93":{"start":{"line":207,"column":4},"end":{"line":209,"column":5}},"94":{"start":{"line":208,"column":6},"end":{"line":208,"column":65}},"95":{"start":{"line":210,"column":4},"end":{"line":210,"column":23}},"96":{"start":{"line":211,"column":4},"end":{"line":211,"column":22}},"97":{"start":{"line":212,"column":4},"end":{"line":212,"column":32}},"98":{"start":{"line":214,"column":4},"end":{"line":214,"column":61}},"99":{"start":{"line":216,"column":4},"end":{"line":216,"column":16}}},"fnMap":{"0":{"name":"getCarts","decl":{"start":{"line":3,"column":15},"end":{"line":3,"column":23}},"loc":{"start":{"line":3,"column":40},"end":{"line":12,"column":1}},"line":3},"1":{"name":"getCartById","decl":{"start":{"line":14,"column":15},"end":{"line":14,"column":26}},"loc":{"start":{"line":14,"column":43},"end":{"line":27,"column":1}},"line":14},"2":{"name":"getCartByUser","decl":{"start":{"line":29,"column":15},"end":{"line":29,"column":28}},"loc":{"start":{"line":29,"column":45},"end":{"line":46,"column":1}},"line":29},"3":{"name":"createCart","decl":{"start":{"line":48,"column":15},"end":{"line":48,"column":25}},"loc":{"start":{"line":48,"column":42},"end":{"line":60,"column":1}},"line":48},"4":{"name":"updateCart","decl":{"start":{"line":62,"column":15},"end":{"line":62,"column":25}},"loc":{"start":{"line":62,"column":42},"end":{"line":94,"column":1}},"line":62},"5":{"name":"deleteCart","decl":{"start":{"line":96,"column":15},"end":{"line":96,"column":25}},"loc":{"start":{"line":96,"column":42},"end":{"line":109,"column":1}},"line":96},"6":{"name":"addProductToCart","decl":{"start":{"line":111,"column":15},"end":{"line":111,"column":31}},"loc":{"start":{"line":111,"column":48},"end":{"line":145,"column":1}},"line":111},"7":{"name":"(anonymous_7)","decl":{"start":{"line":124,"column":8},"end":{"line":124,"column":9}},"loc":{"start":{"line":124,"column":18},"end":{"line":124,"column":55}},"line":124},"8":{"name":"updateCartItem","decl":{"start":{"line":147,"column":15},"end":{"line":147,"column":29}},"loc":{"start":{"line":147,"column":46},"end":{"line":174,"column":1}},"line":147},"9":{"name":"(anonymous_9)","decl":{"start":{"line":157,"column":6},"end":{"line":157,"column":7}},"loc":{"start":{"line":157,"column":16},"end":{"line":157,"column":53}},"line":157},"10":{"name":"removeCartItem","decl":{"start":{"line":176,"column":15},"end":{"line":176,"column":29}},"loc":{"start":{"line":176,"column":46},"end":{"line":199,"column":1}},"line":176},"11":{"name":"(anonymous_11)","decl":{"start":{"line":188,"column":6},"end":{"line":188,"column":7}},"loc":{"start":{"line":188,"column":16},"end":{"line":188,"column":53}},"line":188},"12":{"name":"clearCartItems","decl":{"start":{"line":201,"column":15},"end":{"line":201,"column":29}},"loc":{"start":{"line":201,"column":46},"end":{"line":218,"column":1}},"line":201}},"branchMap":{"0":{"loc":{"start":{"line":20,"column":4},"end":{"line":22,"column":5}},"type":"if","locations":[{"start":{"line":20,"column":4},"end":{"line":22,"column":5}},{"start":{},"end":{}}],"line":20},"1":{"loc":{"start":{"line":36,"column":4},"end":{"line":41,"column":5}},"type":"if","locations":[{"start":{"line":36,"column":4},"end":{"line":41,"column":5}},{"start":{},"end":{}}],"line":36},"2":{"loc":{"start":{"line":68,"column":4},"end":{"line":73,"column":5}},"type":"if","locations":[{"start":{"line":68,"column":4},"end":{"line":73,"column":5}},{"start":{},"end":{}}],"line":68},"3":{"loc":{"start":{"line":68,"column":8},"end":{"line":68,"column":52}},"type":"binary-expr","locations":[{"start":{"line":68,"column":8},"end":{"line":68,"column":26}},{"start":{"line":68,"column":30},"end":{"line":68,"column":52}}],"line":68},"4":{"loc":{"start":{"line":77,"column":4},"end":{"line":77,"column":51}},"type":"if","locations":[{"start":{"line":77,"column":4},"end":{"line":77,"column":51}},{"start":{},"end":{}}],"line":77},"5":{"loc":{"start":{"line":78,"column":4},"end":{"line":78,"column":63}},"type":"if","locations":[{"start":{"line":78,"column":4},"end":{"line":78,"column":63}},{"start":{},"end":{}}],"line":78},"6":{"loc":{"start":{"line":86,"column":4},"end":{"line":90,"column":5}},"type":"if","locations":[{"start":{"line":86,"column":4},"end":{"line":90,"column":5}},{"start":{"line":88,"column":11},"end":{"line":90,"column":5}}],"line":86},"7":{"loc":{"start":{"line":101,"column":4},"end":{"line":105,"column":5}},"type":"if","locations":[{"start":{"line":101,"column":4},"end":{"line":105,"column":5}},{"start":{"line":103,"column":11},"end":{"line":105,"column":5}}],"line":101},"8":{"loc":{"start":{"line":113,"column":31},"end":{"line":113,"column":43}},"type":"default-arg","locations":[{"start":{"line":113,"column":42},"end":{"line":113,"column":43}}],"line":113},"9":{"loc":{"start":{"line":116,"column":4},"end":{"line":132,"column":5}},"type":"if","locations":[{"start":{"line":116,"column":4},"end":{"line":132,"column":5}},{"start":{"line":121,"column":11},"end":{"line":132,"column":5}}],"line":116},"10":{"loc":{"start":{"line":127,"column":6},"end":{"line":131,"column":7}},"type":"if","locations":[{"start":{"line":127,"column":6},"end":{"line":131,"column":7}},{"start":{"line":129,"column":13},"end":{"line":131,"column":7}}],"line":127},"11":{"loc":{"start":{"line":152,"column":4},"end":{"line":154,"column":5}},"type":"if","locations":[{"start":{"line":152,"column":4},"end":{"line":154,"column":5}},{"start":{},"end":{}}],"line":152},"12":{"loc":{"start":{"line":160,"column":4},"end":{"line":162,"column":5}},"type":"if","locations":[{"start":{"line":160,"column":4},"end":{"line":162,"column":5}},{"start":{},"end":{}}],"line":160},"13":{"loc":{"start":{"line":183,"column":4},"end":{"line":185,"column":5}},"type":"if","locations":[{"start":{"line":183,"column":4},"end":{"line":185,"column":5}},{"start":{},"end":{}}],"line":183},"14":{"loc":{"start":{"line":207,"column":4},"end":{"line":209,"column":5}},"type":"if","locations":[{"start":{"line":207,"column":4},"end":{"line":209,"column":5}},{"start":{},"end":{}}],"line":207}},"s":{"0":1,"1":1,"2":1,"3":0,"4":2,"5":2,"6":2,"7":2,"8":1,"9":1,"10":0,"11":3,"12":3,"13":3,"14":2,"15":1,"16":1,"17":1,"18":2,"19":2,"20":2,"21":1,"22":1,"23":1,"24":1,"25":3,"26":3,"27":3,"28":3,"29":1,"30":2,"31":2,"32":0,"33":2,"34":2,"35":2,"36":2,"37":1,"38":1,"39":0,"40":3,"41":3,"42":3,"43":2,"44":1,"45":1,"46":1,"47":5,"48":5,"49":5,"50":5,"51":4,"52":1,"53":1,"54":1,"55":1,"56":0,"57":5,"58":5,"59":5,"60":5,"61":0,"62":5,"63":5,"64":5,"65":4,"66":1,"67":3,"68":3,"69":3,"70":1,"71":2,"72":2,"73":2,"74":2,"75":2,"76":1,"77":2,"78":2,"79":2,"80":2,"81":2,"82":1,"83":1,"84":1,"85":1,"86":1,"87":1,"88":1,"89":0,"90":3,"91":3,"92":3,"93":3,"94":1,"95":2,"96":2,"97":2,"98":2,"99":0},"f":{"0":1,"1":2,"2":3,"3":2,"4":3,"5":3,"6":5,"7":1,"8":5,"9":3,"10":2,"11":1,"12":3},"b":{"0":[1,1],"1":[1,1],"2":[1,2],"3":[3,3],"4":[0,2],"5":[2,0],"6":[1,1],"7":[1,1],"8":[5],"9":[4,1],"10":[1,0],"11":[1,3],"12":[1,2],"13":[1,1],"14":[1,2]},"meta":{"lastBranch":15,"lastFunction":13,"lastStatement":100,"seen":{"f:3:15:3:23":0,"s:4:2:11:3":0,"s:5:18:7:35":1,"s:8:4:8:20":2,"s:10:4:10:16":3,"f:14:15:14:26":1,"s:15:2:26:3":4,"s:16:15:16:28":5,"s:17:17:19:35":6,"b:20:4:22:5:undefined:undefined:undefined:undefined":0,"s:20:4:22:5":7,"s:21:6:21:65":8,"s:23:4:23:19":9,"s:25:4:25:16":10,"f:29:15:29:28":2,"s:30:2:45:3":11,"s:31:19:31:32":12,"s:32:17:34:35":13,"b:36:4:41:5:undefined:undefined:undefined:undefined":1,"s:36:4:41:5":14,"s:37:6:40:9":15,"s:42:4:42:63":16,"s:44:4:44:16":17,"f:48:15:48:25":3,"s:49:2:59:3":18,"s:50:31:50:39":19,"s:52:20:52:57":20,"s:53:4:53:35":21,"s:54:4:54:47":22,"s:56:4:56:34":23,"s:58:4:58:16":24,"f:62:15:62:25":4,"s:63:2:93:3":25,"s:64:19:64:29":26,"s:65:31:65:39":27,"b:68:4:73:5:undefined:undefined:undefined:undefined":2,"s:68:4:73:5":28,"b:68:8:68:26:68:30:68:52":3,"s:69:6:72:9":29,"s:76:23:76:25":30,"b:77:4:77:51:undefined:undefined:undefined:undefined":4,"s:77:4:77:51":31,"s:77:28:77:51":32,"b:78:4:78:63:undefined:undefined:undefined:undefined":5,"s:78:4:78:63":33,"s:78:32:78:63":34,"s:80:24:84:35":35,"b:86:4:90:5:88:11:90:5":6,"s:86:4:90:5":36,"s:87:6:87:47":37,"s:89:6:89:65":38,"s:92:4:92:16":39,"f:96:15:96:25":5,"s:97:2:108:3":40,"s:98:19:98:29":41,"s:99:24:99:56":42,"b:101:4:105:5:103:11:105:5":7,"s:101:4:105:5":43,"s:102:6:102:36":44,"s:104:6:104:65":45,"s:107:4:107:16":46,"f:111:15:111:31":6,"s:112:2:144:3":47,"s:113:48:113:56":48,"b:113:42:113:43":8,"s:114:15:114:51":49,"b:116:4:132:5:121:11:132:5":9,"s:116:4:132:5":50,"s:117:6:120:9":51,"s:123:35:125:7":52,"f:124:8:124:9":7,"s:124:18:124:55":53,"b:127:6:131:7:129:13:131:7":10,"s:127:6:131:7":54,"s:128:8:128:65":55,"s:130:8:130:61":56,"s:134:4:134:22":57,"s:135:4:135:32":58,"s:136:4:136:44":59,"s:138:4:141:7":60,"s:143:4:143:16":61,"f:147:15:147:29":8,"s:148:2:173:3":62,"s:149:44:149:52":63,"s:150:17:150:53":64,"b:152:4:154:5:undefined:undefined:undefined:undefined":11,"s:152:4:154:5":65,"s:153:6:153:65":66,"s:156:25:158:5":67,"f:157:6:157:7":9,"s:157:16:157:53":68,"b:160:4:162:5:undefined:undefined:undefined:undefined":12,"s:160:4:162:5":69,"s:161:6:161:76":70,"s:164:4:164:52":71,"s:166:4:166:22":72,"s:167:4:167:32":73,"s:168:4:168:44":74,"s:170:4:170:53":75,"s:172:4:172:16":76,"f:176:15:176:29":10,"s:177:2:198:3":77,"s:178:23:178:31":78,"s:179:26:179:36":79,"s:181:17:181:53":80,"b:183:4:185:5:undefined:undefined:undefined:undefined":13,"s:183:4:185:5":81,"s:184:6:184:65":82,"s:187:4:189:6":83,"f:188:6:188:7":11,"s:188:16:188:53":84,"s:191:4:191:22":85,"s:192:4:192:32":86,"s:193:4:193:44":87,"s:195:4:195:61":88,"s:197:4:197:16":89,"f:201:15:201:29":12,"s:202:2:217:3":90,"s:203:23:203:31":91,"s:205:17:205:53":92,"b:207:4:209:5:undefined:undefined:undefined:undefined":14,"s:207:4:209:5":93,"s:208:6:208:65":94,"s:210:4:210:23":95,"s:211:4:211:22":96,"s:212:4:212:32":97,"s:214:4:214:61":98,"s:216:4:216:16":99}}}
,"C:\\Users\\ASUS TUF GAMING\\Desktop\\FullStack 2024\\Proyecto-Final\\ecommerce-api\\src\\controllers\\categoryController.js": {"path":"C:\\Users\\ASUS TUF GAMING\\Desktop\\FullStack 2024\\Proyecto-Final\\ecommerce-api\\src\\controllers\\categoryController.js","statementMap":{"0":{"start":{"line":4,"column":2},"end":{"line":9,"column":3}},"1":{"start":{"line":5,"column":23},"end":{"line":5,"column":89}},"2":{"start":{"line":6,"column":4},"end":{"line":6,"column":37}},"3":{"start":{"line":8,"column":4},"end":{"line":8,"column":16}},"4":{"start":{"line":12,"column":2},"end":{"line":20,"column":3}},"5":{"start":{"line":13,"column":21},"end":{"line":13,"column":86}},"6":{"start":{"line":14,"column":4},"end":{"line":16,"column":5}},"7":{"start":{"line":15,"column":6},"end":{"line":15,"column":69}},"8":{"start":{"line":17,"column":4},"end":{"line":17,"column":35}},"9":{"start":{"line":19,"column":4},"end":{"line":19,"column":16}},"10":{"start":{"line":23,"column":2},"end":{"line":35,"column":3}},"11":{"start":{"line":24,"column":60},"end":{"line":24,"column":68}},"12":{"start":{"line":25,"column":24},"end":{"line":30,"column":6}},"13":{"start":{"line":31,"column":4},"end":{"line":31,"column":29}},"14":{"start":{"line":32,"column":4},"end":{"line":32,"column":38}},"15":{"start":{"line":34,"column":4},"end":{"line":34,"column":16}},"16":{"start":{"line":38,"column":2},"end":{"line":69,"column":3}},"17":{"start":{"line":39,"column":60},"end":{"line":39,"column":68}},"18":{"start":{"line":40,"column":23},"end":{"line":40,"column":36}},"19":{"start":{"line":43,"column":4},"end":{"line":52,"column":5}},"20":{"start":{"line":49,"column":6},"end":{"line":51,"column":9}},"21":{"start":{"line":55,"column":23},"end":{"line":55,"column":25}},"22":{"start":{"line":56,"column":4},"end":{"line":56,"column":51}},"23":{"start":{"line":56,"column":28},"end":{"line":56,"column":51}},"24":{"start":{"line":57,"column":4},"end":{"line":57,"column":72}},"25":{"start":{"line":57,"column":35},"end":{"line":57,"column":72}},"26":{"start":{"line":58,"column":4},"end":{"line":58,"column":81}},"27":{"start":{"line":58,"column":38},"end":{"line":58,"column":81}},"28":{"start":{"line":59,"column":4},"end":{"line":59,"column":63}},"29":{"start":{"line":59,"column":32},"end":{"line":59,"column":63}},"30":{"start":{"line":61,"column":28},"end":{"line":61,"column":99}},"31":{"start":{"line":63,"column":4},"end":{"line":65,"column":5}},"32":{"start":{"line":64,"column":6},"end":{"line":64,"column":69}},"33":{"start":{"line":66,"column":4},"end":{"line":66,"column":42}},"34":{"start":{"line":68,"column":4},"end":{"line":68,"column":16}},"35":{"start":{"line":72,"column":2},"end":{"line":81,"column":3}},"36":{"start":{"line":73,"column":23},"end":{"line":73,"column":36}},"37":{"start":{"line":74,"column":28},"end":{"line":74,"column":72}},"38":{"start":{"line":75,"column":4},"end":{"line":77,"column":5}},"39":{"start":{"line":76,"column":6},"end":{"line":76,"column":69}},"40":{"start":{"line":78,"column":4},"end":{"line":78,"column":27}},"41":{"start":{"line":80,"column":4},"end":{"line":80,"column":16}},"42":{"start":{"line":85,"column":2},"end":{"line":133,"column":3}},"43":{"start":{"line":86,"column":69},"end":{"line":86,"column":78}},"44":{"start":{"line":88,"column":18},"end":{"line":88,"column":20}},"45":{"start":{"line":90,"column":4},"end":{"line":95,"column":5}},"46":{"start":{"line":91,"column":6},"end":{"line":94,"column":8}},"47":{"start":{"line":96,"column":4},"end":{"line":98,"column":5}},"48":{"start":{"line":97,"column":6},"end":{"line":97,"column":46}},"49":{"start":{"line":99,"column":22},"end":{"line":99,"column":24}},"50":{"start":{"line":100,"column":4},"end":{"line":105,"column":5}},"51":{"start":{"line":101,"column":24},"end":{"line":101,"column":49}},"52":{"start":{"line":102,"column":6},"end":{"line":102,"column":36}},"53":{"start":{"line":104,"column":6},"end":{"line":104,"column":28}},"54":{"start":{"line":107,"column":17},"end":{"line":107,"column":55}},"55":{"start":{"line":108,"column":23},"end":{"line":112,"column":29}},"56":{"start":{"line":114,"column":25},"end":{"line":114,"column":63}},"57":{"start":{"line":115,"column":23},"end":{"line":115,"column":64}},"58":{"start":{"line":117,"column":4},"end":{"line":130,"column":7}},"59":{"start":{"line":132,"column":4},"end":{"line":132,"column":16}}},"fnMap":{"0":{"name":"getCategories","decl":{"start":{"line":3,"column":15},"end":{"line":3,"column":28}},"loc":{"start":{"line":3,"column":45},"end":{"line":10,"column":1}},"line":3},"1":{"name":"getCategoryById","decl":{"start":{"line":11,"column":15},"end":{"line":11,"column":30}},"loc":{"start":{"line":11,"column":47},"end":{"line":21,"column":1}},"line":11},"2":{"name":"createCategory","decl":{"start":{"line":22,"column":15},"end":{"line":22,"column":29}},"loc":{"start":{"line":22,"column":46},"end":{"line":36,"column":1}},"line":22},"3":{"name":"updateCategory","decl":{"start":{"line":37,"column":15},"end":{"line":37,"column":29}},"loc":{"start":{"line":37,"column":46},"end":{"line":70,"column":1}},"line":37},"4":{"name":"deleteCategory","decl":{"start":{"line":71,"column":15},"end":{"line":71,"column":29}},"loc":{"start":{"line":71,"column":46},"end":{"line":82,"column":1}},"line":71},"5":{"name":"searchCategory","decl":{"start":{"line":84,"column":15},"end":{"line":84,"column":29}},"loc":{"start":{"line":84,"column":46},"end":{"line":134,"column":1}},"line":84}},"branchMap":{"0":{"loc":{"start":{"line":14,"column":4},"end":{"line":16,"column":5}},"type":"if","locations":[{"start":{"line":14,"column":4},"end":{"line":16,"column":5}},{"start":{},"end":{}}],"line":14},"1":{"loc":{"start":{"line":28,"column":22},"end":{"line":28,"column":44}},"type":"binary-expr","locations":[{"start":{"line":28,"column":22},"end":{"line":28,"column":36}},{"start":{"line":28,"column":40},"end":{"line":28,"column":44}}],"line":28},"2":{"loc":{"start":{"line":29,"column":16},"end":{"line":29,"column":32}},"type":"binary-expr","locations":[{"start":{"line":29,"column":16},"end":{"line":29,"column":24}},{"start":{"line":29,"column":28},"end":{"line":29,"column":32}}],"line":29},"3":{"loc":{"start":{"line":43,"column":4},"end":{"line":52,"column":5}},"type":"if","locations":[{"start":{"line":43,"column":4},"end":{"line":52,"column":5}},{"start":{},"end":{}}],"line":43},"4":{"loc":{"start":{"line":44,"column":6},"end":{"line":47,"column":28}},"type":"binary-expr","locations":[{"start":{"line":44,"column":6},"end":{"line":44,"column":24}},{"start":{"line":45,"column":6},"end":{"line":45,"column":31}},{"start":{"line":46,"column":6},"end":{"line":46,"column":34}},{"start":{"line":47,"column":6},"end":{"line":47,"column":28}}],"line":44},"5":{"loc":{"start":{"line":56,"column":4},"end":{"line":56,"column":51}},"type":"if","locations":[{"start":{"line":56,"column":4},"end":{"line":56,"column":51}},{"start":{},"end":{}}],"line":56},"6":{"loc":{"start":{"line":57,"column":4},"end":{"line":57,"column":72}},"type":"if","locations":[{"start":{"line":57,"column":4},"end":{"line":57,"column":72}},{"start":{},"end":{}}],"line":57},"7":{"loc":{"start":{"line":58,"column":4},"end":{"line":58,"column":81}},"type":"if","locations":[{"start":{"line":58,"column":4},"end":{"line":58,"column":81}},{"start":{},"end":{}}],"line":58},"8":{"loc":{"start":{"line":59,"column":4},"end":{"line":59,"column":63}},"type":"if","locations":[{"start":{"line":59,"column":4},"end":{"line":59,"column":63}},{"start":{},"end":{}}],"line":59},"9":{"loc":{"start":{"line":63,"column":4},"end":{"line":65,"column":5}},"type":"if","locations":[{"start":{"line":63,"column":4},"end":{"line":65,"column":5}},{"start":{},"end":{}}],"line":63},"10":{"loc":{"start":{"line":75,"column":4},"end":{"line":77,"column":5}},"type":"if","locations":[{"start":{"line":75,"column":4},"end":{"line":77,"column":5}},{"start":{},"end":{}}],"line":75},"11":{"loc":{"start":{"line":86,"column":44},"end":{"line":86,"column":52}},"type":"default-arg","locations":[{"start":{"line":86,"column":51},"end":{"line":86,"column":52}}],"line":86},"12":{"loc":{"start":{"line":86,"column":54},"end":{"line":86,"column":64}},"type":"default-arg","locations":[{"start":{"line":86,"column":62},"end":{"line":86,"column":64}}],"line":86},"13":{"loc":{"start":{"line":90,"column":4},"end":{"line":95,"column":5}},"type":"if","locations":[{"start":{"line":90,"column":4},"end":{"line":95,"column":5}},{"start":{},"end":{}}],"line":90},"14":{"loc":{"start":{"line":96,"column":4},"end":{"line":98,"column":5}},"type":"if","locations":[{"start":{"line":96,"column":4},"end":{"line":98,"column":5}},{"start":{},"end":{}}],"line":96},"15":{"loc":{"start":{"line":100,"column":4},"end":{"line":105,"column":5}},"type":"if","locations":[{"start":{"line":100,"column":4},"end":{"line":105,"column":5}},{"start":{"line":103,"column":11},"end":{"line":105,"column":5}}],"line":100},"16":{"loc":{"start":{"line":101,"column":24},"end":{"line":101,"column":49}},"type":"cond-expr","locations":[{"start":{"line":101,"column":43},"end":{"line":101,"column":45}},{"start":{"line":101,"column":48},"end":{"line":101,"column":49}}],"line":101},"17":{"loc":{"start":{"line":126,"column":18},"end":{"line":126,"column":27}},"type":"binary-expr","locations":[{"start":{"line":126,"column":18},"end":{"line":126,"column":19}},{"start":{"line":126,"column":23},"end":{"line":126,"column":27}}],"line":126},"18":{"loc":{"start":{"line":127,"column":22},"end":{"line":127,"column":44}},"type":"binary-expr","locations":[{"start":{"line":127,"column":22},"end":{"line":127,"column":36}},{"start":{"line":127,"column":40},"end":{"line":127,"column":44}}],"line":127},"19":{"loc":{"start":{"line":128,"column":12},"end":{"line":128,"column":26}},"type":"binary-expr","locations":[{"start":{"line":128,"column":12},"end":{"line":128,"column":16}},{"start":{"line":128,"column":20},"end":{"line":128,"column":26}}],"line":128},"20":{"loc":{"start":{"line":129,"column":13},"end":{"line":129,"column":28}},"type":"binary-expr","locations":[{"start":{"line":129,"column":13},"end":{"line":129,"column":18}},{"start":{"line":129,"column":22},"end":{"line":129,"column":28}}],"line":129}},"s":{"0":2,"1":2,"2":1,"3":1,"4":2,"5":2,"6":2,"7":1,"8":1,"9":0,"10":2,"11":2,"12":2,"13":2,"14":1,"15":1,"16":4,"17":4,"18":4,"19":4,"20":1,"21":3,"22":3,"23":3,"24":3,"25":0,"26":3,"27":3,"28":3,"29":0,"30":3,"31":2,"32":1,"33":1,"34":1,"35":3,"36":3,"37":3,"38":2,"39":1,"40":1,"41":1,"42":3,"43":3,"44":3,"45":3,"46":2,"47":3,"48":0,"49":3,"50":3,"51":0,"52":0,"53":3,"54":3,"55":3,"56":3,"57":3,"58":3,"59":0},"f":{"0":2,"1":2,"2":2,"3":4,"4":3,"5":3},"b":{"0":[1,1],"1":[2,2],"2":[2,2],"3":[1,3],"4":[4,1,1,1],"5":[3,0],"6":[0,3],"7":[0,3],"8":[0,3],"9":[1,1],"10":[1,1],"11":[3],"12":[3],"13":[2,1],"14":[0,3],"15":[0,3],"16":[0,0],"17":[3,1],"18":[3,3],"19":[3,3],"20":[3,3]},"meta":{"lastBranch":21,"lastFunction":6,"lastStatement":60,"seen":{"f:3:15:3:28":0,"s:4:2:9:3":0,"s:5:23:5:89":1,"s:6:4:6:37":2,"s:8:4:8:16":3,"f:11:15:11:30":1,"s:12:2:20:3":4,"s:13:21:13:86":5,"b:14:4:16:5:undefined:undefined:undefined:undefined":0,"s:14:4:16:5":6,"s:15:6:15:69":7,"s:17:4:17:35":8,"s:19:4:19:16":9,"f:22:15:22:29":2,"s:23:2:35:3":10,"s:24:60:24:68":11,"s:25:24:30:6":12,"b:28:22:28:36:28:40:28:44":1,"b:29:16:29:24:29:28:29:32":2,"s:31:4:31:29":13,"s:32:4:32:38":14,"s:34:4:34:16":15,"f:37:15:37:29":3,"s:38:2:69:3":16,"s:39:60:39:68":17,"s:40:23:40:36":18,"b:43:4:52:5:undefined:undefined:undefined:undefined":3,"s:43:4:52:5":19,"b:44:6:44:24:45:6:45:31:46:6:46:34:47:6:47:28":4,"s:49:6:51:9":20,"s:55:23:55:25":21,"b:56:4:56:51:undefined:undefined:undefined:undefined":5,"s:56:4:56:51":22,"s:56:28:56:51":23,"b:57:4:57:72:undefined:undefined:undefined:undefined":6,"s:57:4:57:72":24,"s:57:35:57:72":25,"b:58:4:58:81:undefined:undefined:undefined:undefined":7,"s:58:4:58:81":26,"s:58:38:58:81":27,"b:59:4:59:63:undefined:undefined:undefined:undefined":8,"s:59:4:59:63":28,"s:59:32:59:63":29,"s:61:28:61:99":30,"b:63:4:65:5:undefined:undefined:undefined:undefined":9,"s:63:4:65:5":31,"s:64:6:64:69":32,"s:66:4:66:42":33,"s:68:4:68:16":34,"f:71:15:71:29":4,"s:72:2:81:3":35,"s:73:23:73:36":36,"s:74:28:74:72":37,"b:75:4:77:5:undefined:undefined:undefined:undefined":10,"s:75:4:77:5":38,"s:76:6:76:69":39,"s:78:4:78:27":40,"s:80:4:80:16":41,"f:84:15:84:29":5,"s:85:2:133:3":42,"s:86:69:86:78":43,"b:86:51:86:52":11,"b:86:62:86:64":12,"s:88:18:88:20":44,"b:90:4:95:5:undefined:undefined:undefined:undefined":13,"s:90:4:95:5":45,"s:91:6:94:8":46,"b:96:4:98:5:undefined:undefined:undefined:undefined":14,"s:96:4:98:5":47,"s:97:6:97:46":48,"s:99:22:99:24":49,"b:100:4:105:5:103:11:105:5":15,"s:100:4:105:5":50,"s:101:24:101:49":51,"b:101:43:101:45:101:48:101:49":16,"s:102:6:102:36":52,"s:104:6:104:28":53,"s:107:17:107:55":54,"s:108:23:112:29":55,"s:114:25:114:63":56,"s:115:23:115:64":57,"s:117:4:130:7":58,"b:126:18:126:19:126:23:126:27":17,"b:127:22:127:36:127:40:127:44":18,"b:128:12:128:16:128:20:128:26":19,"b:129:13:129:18:129:22:129:28":20,"s:132:4:132:16":59}}}
,"C:\\Users\\ASUS TUF GAMING\\Desktop\\FullStack 2024\\Proyecto-Final\\ecommerce-api\\src\\controllers\\notificationController.js": {"path":"C:\\Users\\ASUS TUF GAMING\\Desktop\\FullStack 2024\\Proyecto-Final\\ecommerce-api\\src\\controllers\\notificationController.js","statementMap":{"0":{"start":{"line":4,"column":2},"end":{"line":9,"column":3}},"1":{"start":{"line":5,"column":26},"end":{"line":5,"column":89}},"2":{"start":{"line":6,"column":4},"end":{"line":6,"column":28}},"3":{"start":{"line":8,"column":4},"end":{"line":8,"column":16}},"4":{"start":{"line":13,"column":2},"end":{"line":22,"column":3}},"5":{"start":{"line":14,"column":15},"end":{"line":14,"column":28}},"6":{"start":{"line":15,"column":25},"end":{"line":15,"column":73}},"7":{"start":{"line":16,"column":4},"end":{"line":18,"column":5}},"8":{"start":{"line":17,"column":6},"end":{"line":17,"column":73}},"9":{"start":{"line":19,"column":4},"end":{"line":19,"column":27}},"10":{"start":{"line":21,"column":4},"end":{"line":21,"column":16}},"11":{"start":{"line":26,"column":2},"end":{"line":37,"column":3}},"12":{"start":{"line":27,"column":19},"end":{"line":27,"column":36}},"13":{"start":{"line":28,"column":26},"end":{"line":30,"column":27}},"14":{"start":{"line":31,"column":4},"end":{"line":33,"column":5}},"15":{"start":{"line":32,"column":6},"end":{"line":32,"column":87}},"16":{"start":{"line":34,"column":4},"end":{"line":34,"column":28}},"17":{"start":{"line":36,"column":4},"end":{"line":36,"column":16}},"18":{"start":{"line":41,"column":2},"end":{"line":54,"column":3}},"19":{"start":{"line":42,"column":30},"end":{"line":42,"column":38}},"20":{"start":{"line":44,"column":28},"end":{"line":48,"column":6}},"21":{"start":{"line":50,"column":4},"end":{"line":50,"column":43}},"22":{"start":{"line":51,"column":4},"end":{"line":51,"column":42}},"23":{"start":{"line":53,"column":4},"end":{"line":53,"column":16}},"24":{"start":{"line":58,"column":2},"end":{"line":85,"column":3}},"25":{"start":{"line":59,"column":19},"end":{"line":59,"column":29}},"26":{"start":{"line":60,"column":32},"end":{"line":60,"column":40}},"27":{"start":{"line":63,"column":4},"end":{"line":67,"column":5}},"28":{"start":{"line":64,"column":6},"end":{"line":66,"column":9}},"29":{"start":{"line":70,"column":23},"end":{"line":70,"column":25}},"30":{"start":{"line":71,"column":4},"end":{"line":71,"column":60}},"31":{"start":{"line":71,"column":31},"end":{"line":71,"column":60}},"32":{"start":{"line":72,"column":4},"end":{"line":72,"column":57}},"33":{"start":{"line":72,"column":30},"end":{"line":72,"column":57}},"34":{"start":{"line":74,"column":32},"end":{"line":76,"column":23}},"35":{"start":{"line":78,"column":4},"end":{"line":82,"column":5}},"36":{"start":{"line":79,"column":6},"end":{"line":79,"column":55}},"37":{"start":{"line":81,"column":6},"end":{"line":81,"column":73}},"38":{"start":{"line":84,"column":4},"end":{"line":84,"column":16}},"39":{"start":{"line":89,"column":2},"end":{"line":100,"column":3}},"40":{"start":{"line":90,"column":19},"end":{"line":90,"column":29}},"41":{"start":{"line":91,"column":32},"end":{"line":91,"column":72}},"42":{"start":{"line":93,"column":4},"end":{"line":97,"column":5}},"43":{"start":{"line":94,"column":6},"end":{"line":94,"column":36}},"44":{"start":{"line":96,"column":6},"end":{"line":96,"column":73}},"45":{"start":{"line":99,"column":4},"end":{"line":99,"column":16}},"46":{"start":{"line":104,"column":2},"end":{"line":119,"column":3}},"47":{"start":{"line":105,"column":19},"end":{"line":105,"column":29}},"48":{"start":{"line":106,"column":25},"end":{"line":110,"column":22}},"49":{"start":{"line":112,"column":4},"end":{"line":116,"column":5}},"50":{"start":{"line":113,"column":6},"end":{"line":113,"column":48}},"51":{"start":{"line":115,"column":6},"end":{"line":115,"column":73}},"52":{"start":{"line":118,"column":4},"end":{"line":118,"column":16}},"53":{"start":{"line":123,"column":2},"end":{"line":133,"column":3}},"54":{"start":{"line":124,"column":23},"end":{"line":124,"column":33}},"55":{"start":{"line":125,"column":19},"end":{"line":125,"column":99}},"56":{"start":{"line":127,"column":4},"end":{"line":130,"column":7}},"57":{"start":{"line":132,"column":4},"end":{"line":132,"column":16}},"58":{"start":{"line":137,"column":2},"end":{"line":152,"column":3}},"59":{"start":{"line":138,"column":19},"end":{"line":138,"column":36}},"60":{"start":{"line":139,"column":26},"end":{"line":144,"column":27}},"61":{"start":{"line":146,"column":4},"end":{"line":149,"column":7}},"62":{"start":{"line":151,"column":4},"end":{"line":151,"column":16}}},"fnMap":{"0":{"name":"getNotifications","decl":{"start":{"line":3,"column":15},"end":{"line":3,"column":31}},"loc":{"start":{"line":3,"column":48},"end":{"line":10,"column":1}},"line":3},"1":{"name":"getNotificationById","decl":{"start":{"line":12,"column":15},"end":{"line":12,"column":34}},"loc":{"start":{"line":12,"column":51},"end":{"line":23,"column":1}},"line":12},"2":{"name":"getNotificationByUser","decl":{"start":{"line":25,"column":15},"end":{"line":25,"column":36}},"loc":{"start":{"line":25,"column":53},"end":{"line":38,"column":1}},"line":25},"3":{"name":"createNotification","decl":{"start":{"line":40,"column":15},"end":{"line":40,"column":33}},"loc":{"start":{"line":40,"column":50},"end":{"line":55,"column":1}},"line":40},"4":{"name":"updateNotification","decl":{"start":{"line":57,"column":15},"end":{"line":57,"column":33}},"loc":{"start":{"line":57,"column":50},"end":{"line":86,"column":1}},"line":57},"5":{"name":"deleteNotification","decl":{"start":{"line":88,"column":15},"end":{"line":88,"column":33}},"loc":{"start":{"line":88,"column":50},"end":{"line":101,"column":1}},"line":88},"6":{"name":"markAsRead","decl":{"start":{"line":103,"column":15},"end":{"line":103,"column":25}},"loc":{"start":{"line":103,"column":42},"end":{"line":120,"column":1}},"line":103},"7":{"name":"markAllAsReadByUser","decl":{"start":{"line":122,"column":15},"end":{"line":122,"column":34}},"loc":{"start":{"line":122,"column":51},"end":{"line":134,"column":1}},"line":122},"8":{"name":"getUnreadNotificationsByUser","decl":{"start":{"line":136,"column":15},"end":{"line":136,"column":43}},"loc":{"start":{"line":136,"column":60},"end":{"line":153,"column":1}},"line":136}},"branchMap":{"0":{"loc":{"start":{"line":16,"column":4},"end":{"line":18,"column":5}},"type":"if","locations":[{"start":{"line":16,"column":4},"end":{"line":18,"column":5}},{"start":{},"end":{}}],"line":16},"1":{"loc":{"start":{"line":31,"column":4},"end":{"line":33,"column":5}},"type":"if","locations":[{"start":{"line":31,"column":4},"end":{"line":33,"column":5}},{"start":{},"end":{}}],"line":31},"2":{"loc":{"start":{"line":63,"column":4},"end":{"line":67,"column":5}},"type":"if","locations":[{"start":{"line":63,"column":4},"end":{"line":67,"column":5}},{"start":{},"end":{}}],"line":63},"3":{"loc":{"start":{"line":63,"column":8},"end":{"line":63,"column":53}},"type":"binary-expr","locations":[{"start":{"line":63,"column":8},"end":{"line":63,"column":29}},{"start":{"line":63,"column":33},"end":{"line":63,"column":53}}],"line":63},"4":{"loc":{"start":{"line":71,"column":4},"end":{"line":71,"column":60}},"type":"if","locations":[{"start":{"line":71,"column":4},"end":{"line":71,"column":60}},{"start":{},"end":{}}],"line":71},"5":{"loc":{"start":{"line":72,"column":4},"end":{"line":72,"column":57}},"type":"if","locations":[{"start":{"line":72,"column":4},"end":{"line":72,"column":57}},{"start":{},"end":{}}],"line":72},"6":{"loc":{"start":{"line":78,"column":4},"end":{"line":82,"column":5}},"type":"if","locations":[{"start":{"line":78,"column":4},"end":{"line":82,"column":5}},{"start":{"line":80,"column":11},"end":{"line":82,"column":5}}],"line":78},"7":{"loc":{"start":{"line":93,"column":4},"end":{"line":97,"column":5}},"type":"if","locations":[{"start":{"line":93,"column":4},"end":{"line":97,"column":5}},{"start":{"line":95,"column":11},"end":{"line":97,"column":5}}],"line":93},"8":{"loc":{"start":{"line":112,"column":4},"end":{"line":116,"column":5}},"type":"if","locations":[{"start":{"line":112,"column":4},"end":{"line":116,"column":5}},{"start":{"line":114,"column":11},"end":{"line":116,"column":5}}],"line":112}},"s":{"0":0,"1":0,"2":0,"3":0,"4":0,"5":0,"6":0,"7":0,"8":0,"9":0,"10":0,"11":0,"12":0,"13":0,"14":0,"15":0,"16":0,"17":0,"18":0,"19":0,"20":0,"21":0,"22":0,"23":0,"24":0,"25":0,"26":0,"27":0,"28":0,"29":0,"30":0,"31":0,"32":0,"33":0,"34":0,"35":0,"36":0,"37":0,"38":0,"39":0,"40":0,"41":0,"42":0,"43":0,"44":0,"45":0,"46":0,"47":0,"48":0,"49":0,"50":0,"51":0,"52":0,"53":0,"54":0,"55":0,"56":0,"57":0,"58":0,"59":0,"60":0,"61":0,"62":0},"f":{"0":0,"1":0,"2":0,"3":0,"4":0,"5":0,"6":0,"7":0,"8":0},"b":{"0":[0,0],"1":[0,0],"2":[0,0],"3":[0,0],"4":[0,0],"5":[0,0],"6":[0,0],"7":[0,0],"8":[0,0]},"meta":{"lastBranch":9,"lastFunction":9,"lastStatement":63,"seen":{"f:3:15:3:31":0,"s:4:2:9:3":0,"s:5:26:5:89":1,"s:6:4:6:28":2,"s:8:4:8:16":3,"f:12:15:12:34":1,"s:13:2:22:3":4,"s:14:15:14:28":5,"s:15:25:15:73":6,"b:16:4:18:5:undefined:undefined:undefined:undefined":0,"s:16:4:18:5":7,"s:17:6:17:73":8,"s:19:4:19:27":9,"s:21:4:21:16":10,"f:25:15:25:36":2,"s:26:2:37:3":11,"s:27:19:27:36":12,"s:28:26:30:27":13,"b:31:4:33:5:undefined:undefined:undefined:undefined":1,"s:31:4:33:5":14,"s:32:6:32:87":15,"s:34:4:34:28":16,"s:36:4:36:16":17,"f:40:15:40:33":3,"s:41:2:54:3":18,"s:42:30:42:38":19,"s:44:28:48:6":20,"s:50:4:50:43":21,"s:51:4:51:42":22,"s:53:4:53:16":23,"f:57:15:57:33":4,"s:58:2:85:3":24,"s:59:19:59:29":25,"s:60:32:60:40":26,"b:63:4:67:5:undefined:undefined:undefined:undefined":2,"s:63:4:67:5":27,"b:63:8:63:29:63:33:63:53":3,"s:64:6:66:9":28,"s:70:23:70:25":29,"b:71:4:71:60:undefined:undefined:undefined:undefined":4,"s:71:4:71:60":30,"s:71:31:71:60":31,"b:72:4:72:57:undefined:undefined:undefined:undefined":5,"s:72:4:72:57":32,"s:72:30:72:57":33,"s:74:32:76:23":34,"b:78:4:82:5:80:11:82:5":6,"s:78:4:82:5":35,"s:79:6:79:55":36,"s:81:6:81:73":37,"s:84:4:84:16":38,"f:88:15:88:33":5,"s:89:2:100:3":39,"s:90:19:90:29":40,"s:91:32:91:72":41,"b:93:4:97:5:95:11:97:5":7,"s:93:4:97:5":42,"s:94:6:94:36":43,"s:96:6:96:73":44,"s:99:4:99:16":45,"f:103:15:103:25":6,"s:104:2:119:3":46,"s:105:19:105:29":47,"s:106:25:110:22":48,"b:112:4:116:5:114:11:116:5":8,"s:112:4:116:5":49,"s:113:6:113:48":50,"s:115:6:115:73":51,"s:118:4:118:16":52,"f:122:15:122:34":7,"s:123:2:133:3":53,"s:124:23:124:33":54,"s:125:19:125:99":55,"s:127:4:130:7":56,"s:132:4:132:16":57,"f:136:15:136:43":8,"s:137:2:152:3":58,"s:138:19:138:36":59,"s:139:26:144:27":60,"s:146:4:149:7":61,"s:151:4:151:16":62}}}
,"C:\\Users\\ASUS TUF GAMING\\Desktop\\FullStack 2024\\Proyecto-Final\\ecommerce-api\\src\\controllers\\orderController.js": {"path":"C:\\Users\\ASUS TUF GAMING\\Desktop\\FullStack 2024\\Proyecto-Final\\ecommerce-api\\src\\controllers\\orderController.js","statementMap":{"0":{"start":{"line":5,"column":2},"end":{"line":15,"column":3}},"1":{"start":{"line":6,"column":19},"end":{"line":11,"column":26}},"2":{"start":{"line":12,"column":4},"end":{"line":12,"column":21}},"3":{"start":{"line":14,"column":4},"end":{"line":14,"column":16}},"4":{"start":{"line":19,"column":2},"end":{"line":32,"column":3}},"5":{"start":{"line":20,"column":15},"end":{"line":20,"column":28}},"6":{"start":{"line":21,"column":18},"end":{"line":25,"column":32}},"7":{"start":{"line":26,"column":4},"end":{"line":28,"column":5}},"8":{"start":{"line":27,"column":6},"end":{"line":27,"column":66}},"9":{"start":{"line":29,"column":4},"end":{"line":29,"column":20}},"10":{"start":{"line":31,"column":4},"end":{"line":31,"column":16}},"11":{"start":{"line":36,"column":2},"end":{"line":48,"column":3}},"12":{"start":{"line":37,"column":19},"end":{"line":37,"column":36}},"13":{"start":{"line":38,"column":19},"end":{"line":43,"column":26}},"14":{"start":{"line":45,"column":4},"end":{"line":45,"column":21}},"15":{"start":{"line":47,"column":4},"end":{"line":47,"column":16}},"16":{"start":{"line":52,"column":2},"end":{"line":154,"column":3}},"17":{"start":{"line":53,"column":81},"end":{"line":53,"column":89}},"18":{"start":{"line":56,"column":24},"end":{"line":73,"column":5}},"19":{"start":{"line":58,"column":24},"end":{"line":58,"column":62}},"20":{"start":{"line":59,"column":8},"end":{"line":61,"column":9}},"21":{"start":{"line":60,"column":10},"end":{"line":60,"column":75}},"22":{"start":{"line":62,"column":8},"end":{"line":70,"column":9}},"23":{"start":{"line":63,"column":10},"end":{"line":69,"column":12}},"24":{"start":{"line":71,"column":8},"end":{"line":71,"column":64}},"25":{"start":{"line":76,"column":19},"end":{"line":76,"column":61}},"26":{"start":{"line":76,"column":49},"end":{"line":76,"column":60}},"27":{"start":{"line":77,"column":4},"end":{"line":88,"column":5}},"28":{"start":{"line":78,"column":6},"end":{"line":87,"column":9}},"29":{"start":{"line":80,"column":35},"end":{"line":86,"column":9}},"30":{"start":{"line":91,"column":25},"end":{"line":100,"column":5}},"31":{"start":{"line":93,"column":21},"end":{"line":93,"column":36}},"32":{"start":{"line":94,"column":8},"end":{"line":98,"column":10}},"33":{"start":{"line":103,"column":4},"end":{"line":120,"column":5}},"34":{"start":{"line":103,"column":38},"end":{"line":103,"column":45}},"35":{"start":{"line":105,"column":6},"end":{"line":116,"column":8}},"36":{"start":{"line":107,"column":10},"end":{"line":114,"column":11}},"37":{"start":{"line":108,"column":25},"end":{"line":110,"column":13}},"38":{"start":{"line":109,"column":21},"end":{"line":109,"column":74}},"39":{"start":{"line":111,"column":12},"end":{"line":113,"column":15}},"40":{"start":{"line":117,"column":6},"end":{"line":119,"column":9}},"41":{"start":{"line":122,"column":31},"end":{"line":126,"column":7}},"42":{"start":{"line":122,"column":66},"end":{"line":126,"column":5}},"43":{"start":{"line":129,"column":21},"end":{"line":132,"column":5}},"44":{"start":{"line":130,"column":23},"end":{"line":130,"column":57}},"45":{"start":{"line":133,"column":23},"end":{"line":133,"column":46}},"46":{"start":{"line":135,"column":21},"end":{"line":144,"column":6}},"47":{"start":{"line":146,"column":4},"end":{"line":146,"column":36}},"48":{"start":{"line":147,"column":4},"end":{"line":147,"column":50}},"49":{"start":{"line":148,"column":4},"end":{"line":148,"column":47}},"50":{"start":{"line":149,"column":4},"end":{"line":149,"column":45}},"51":{"start":{"line":151,"column":4},"end":{"line":151,"column":35}},"52":{"start":{"line":153,"column":4},"end":{"line":153,"column":16}},"53":{"start":{"line":158,"column":2},"end":{"line":206,"column":3}},"54":{"start":{"line":159,"column":19},"end":{"line":159,"column":29}},"55":{"start":{"line":160,"column":23},"end":{"line":160,"column":31}},"56":{"start":{"line":163,"column":26},"end":{"line":163,"column":69}},"57":{"start":{"line":164,"column":27},"end":{"line":164,"column":29}},"58":{"start":{"line":166,"column":4},"end":{"line":170,"column":5}},"59":{"start":{"line":167,"column":6},"end":{"line":169,"column":7}},"60":{"start":{"line":168,"column":8},"end":{"line":168,"column":50}},"61":{"start":{"line":173,"column":4},"end":{"line":177,"column":5}},"62":{"start":{"line":174,"column":6},"end":{"line":176,"column":9}},"63":{"start":{"line":180,"column":4},"end":{"line":189,"column":5}},"64":{"start":{"line":181,"column":20},"end":{"line":181,"column":44}},"65":{"start":{"line":182,"column":6},"end":{"line":188,"column":7}},"66":{"start":{"line":183,"column":25},"end":{"line":186,"column":9}},"67":{"start":{"line":184,"column":27},"end":{"line":184,"column":61}},"68":{"start":{"line":187,"column":8},"end":{"line":187,"column":75}},"69":{"start":{"line":191,"column":25},"end":{"line":197,"column":32}},"70":{"start":{"line":199,"column":4},"end":{"line":203,"column":5}},"71":{"start":{"line":200,"column":6},"end":{"line":200,"column":48}},"72":{"start":{"line":202,"column":6},"end":{"line":202,"column":66}},"73":{"start":{"line":205,"column":4},"end":{"line":205,"column":16}},"74":{"start":{"line":210,"column":2},"end":{"line":262,"column":3}},"75":{"start":{"line":211,"column":19},"end":{"line":211,"column":29}},"76":{"start":{"line":213,"column":18},"end":{"line":213,"column":73}},"77":{"start":{"line":214,"column":4},"end":{"line":216,"column":5}},"78":{"start":{"line":215,"column":6},"end":{"line":215,"column":66}},"79":{"start":{"line":219,"column":4},"end":{"line":223,"column":5}},"80":{"start":{"line":220,"column":6},"end":{"line":222,"column":9}},"81":{"start":{"line":226,"column":30},"end":{"line":234,"column":5}},"82":{"start":{"line":228,"column":8},"end":{"line":232,"column":10}},"83":{"start":{"line":237,"column":4},"end":{"line":241,"column":5}},"84":{"start":{"line":237,"column":43},"end":{"line":237,"column":50}},"85":{"start":{"line":238,"column":6},"end":{"line":240,"column":9}},"86":{"start":{"line":243,"column":25},"end":{"line":254,"column":32}},"87":{"start":{"line":256,"column":4},"end":{"line":259,"column":7}},"88":{"start":{"line":261,"column":4},"end":{"line":261,"column":16}},"89":{"start":{"line":266,"column":2},"end":{"line":283,"column":3}},"90":{"start":{"line":267,"column":19},"end":{"line":267,"column":29}},"91":{"start":{"line":268,"column":23},"end":{"line":268,"column":31}},"92":{"start":{"line":270,"column":25},"end":{"line":274,"column":32}},"93":{"start":{"line":276,"column":4},"end":{"line":280,"column":5}},"94":{"start":{"line":277,"column":6},"end":{"line":277,"column":48}},"95":{"start":{"line":279,"column":6},"end":{"line":279,"column":66}},"96":{"start":{"line":282,"column":4},"end":{"line":282,"column":16}},"97":{"start":{"line":287,"column":2},"end":{"line":304,"column":3}},"98":{"start":{"line":288,"column":19},"end":{"line":288,"column":29}},"99":{"start":{"line":289,"column":30},"end":{"line":289,"column":38}},"100":{"start":{"line":291,"column":25},"end":{"line":295,"column":32}},"101":{"start":{"line":297,"column":4},"end":{"line":301,"column":5}},"102":{"start":{"line":298,"column":6},"end":{"line":298,"column":48}},"103":{"start":{"line":300,"column":6},"end":{"line":300,"column":66}},"104":{"start":{"line":303,"column":4},"end":{"line":303,"column":16}},"105":{"start":{"line":308,"column":2},"end":{"line":327,"column":3}},"106":{"start":{"line":309,"column":19},"end":{"line":309,"column":29}},"107":{"start":{"line":311,"column":18},"end":{"line":311,"column":42}},"108":{"start":{"line":312,"column":4},"end":{"line":314,"column":5}},"109":{"start":{"line":313,"column":6},"end":{"line":313,"column":66}},"110":{"start":{"line":317,"column":4},"end":{"line":321,"column":5}},"111":{"start":{"line":318,"column":6},"end":{"line":320,"column":9}},"112":{"start":{"line":323,"column":4},"end":{"line":323,"column":38}},"113":{"start":{"line":324,"column":4},"end":{"line":324,"column":27}},"114":{"start":{"line":326,"column":4},"end":{"line":326,"column":16}}},"fnMap":{"0":{"name":"getOrders","decl":{"start":{"line":4,"column":15},"end":{"line":4,"column":24}},"loc":{"start":{"line":4,"column":41},"end":{"line":16,"column":1}},"line":4},"1":{"name":"getOrderById","decl":{"start":{"line":18,"column":15},"end":{"line":18,"column":27}},"loc":{"start":{"line":18,"column":44},"end":{"line":33,"column":1}},"line":18},"2":{"name":"getOrdersByUser","decl":{"start":{"line":35,"column":15},"end":{"line":35,"column":30}},"loc":{"start":{"line":35,"column":47},"end":{"line":49,"column":1}},"line":35},"3":{"name":"createOrder","decl":{"start":{"line":51,"column":15},"end":{"line":51,"column":26}},"loc":{"start":{"line":51,"column":43},"end":{"line":155,"column":1}},"line":51},"4":{"name":"(anonymous_4)","decl":{"start":{"line":57,"column":19},"end":{"line":57,"column":24}},"loc":{"start":{"line":57,"column":35},"end":{"line":72,"column":7}},"line":57},"5":{"name":"(anonymous_5)","decl":{"start":{"line":76,"column":38},"end":{"line":76,"column":39}},"loc":{"start":{"line":76,"column":49},"end":{"line":76,"column":60}},"line":76},"6":{"name":"(anonymous_6)","decl":{"start":{"line":80,"column":27},"end":{"line":80,"column":28}},"loc":{"start":{"line":80,"column":35},"end":{"line":86,"column":9}},"line":80},"7":{"name":"(anonymous_7)","decl":{"start":{"line":92,"column":22},"end":{"line":92,"column":27}},"loc":{"start":{"line":92,"column":46},"end":{"line":99,"column":7}},"line":92},"8":{"name":"(anonymous_8)","decl":{"start":{"line":103,"column":26},"end":{"line":103,"column":27}},"loc":{"start":{"line":103,"column":38},"end":{"line":103,"column":45}},"line":103},"9":{"name":"(anonymous_9)","decl":{"start":{"line":106,"column":24},"end":{"line":106,"column":29}},"loc":{"start":{"line":106,"column":48},"end":{"line":115,"column":9}},"line":106},"10":{"name":"(anonymous_10)","decl":{"start":{"line":109,"column":14},"end":{"line":109,"column":15}},"loc":{"start":{"line":109,"column":21},"end":{"line":109,"column":74}},"line":109},"11":{"name":"(anonymous_11)","decl":{"start":{"line":122,"column":47},"end":{"line":122,"column":48}},"loc":{"start":{"line":122,"column":66},"end":{"line":126,"column":5}},"line":122},"12":{"name":"(anonymous_12)","decl":{"start":{"line":130,"column":6},"end":{"line":130,"column":7}},"loc":{"start":{"line":130,"column":23},"end":{"line":130,"column":57}},"line":130},"13":{"name":"updateOrder","decl":{"start":{"line":157,"column":15},"end":{"line":157,"column":26}},"loc":{"start":{"line":157,"column":43},"end":{"line":207,"column":1}},"line":157},"14":{"name":"(anonymous_14)","decl":{"start":{"line":184,"column":10},"end":{"line":184,"column":11}},"loc":{"start":{"line":184,"column":27},"end":{"line":184,"column":61}},"line":184},"15":{"name":"cancelOrder","decl":{"start":{"line":209,"column":15},"end":{"line":209,"column":26}},"loc":{"start":{"line":209,"column":43},"end":{"line":263,"column":1}},"line":209},"16":{"name":"(anonymous_16)","decl":{"start":{"line":227,"column":25},"end":{"line":227,"column":30}},"loc":{"start":{"line":227,"column":41},"end":{"line":233,"column":7}},"line":227},"17":{"name":"(anonymous_17)","decl":{"start":{"line":237,"column":31},"end":{"line":237,"column":32}},"loc":{"start":{"line":237,"column":43},"end":{"line":237,"column":50}},"line":237},"18":{"name":"updateOrderStatus","decl":{"start":{"line":265,"column":15},"end":{"line":265,"column":32}},"loc":{"start":{"line":265,"column":49},"end":{"line":284,"column":1}},"line":265},"19":{"name":"updatePaymentStatus","decl":{"start":{"line":286,"column":15},"end":{"line":286,"column":34}},"loc":{"start":{"line":286,"column":51},"end":{"line":305,"column":1}},"line":286},"20":{"name":"deleteOrder","decl":{"start":{"line":307,"column":15},"end":{"line":307,"column":26}},"loc":{"start":{"line":307,"column":43},"end":{"line":328,"column":1}},"line":307}},"branchMap":{"0":{"loc":{"start":{"line":26,"column":4},"end":{"line":28,"column":5}},"type":"if","locations":[{"start":{"line":26,"column":4},"end":{"line":28,"column":5}},{"start":{},"end":{}}],"line":26},"1":{"loc":{"start":{"line":53,"column":60},"end":{"line":53,"column":76}},"type":"default-arg","locations":[{"start":{"line":53,"column":75},"end":{"line":53,"column":76}}],"line":53},"2":{"loc":{"start":{"line":59,"column":8},"end":{"line":61,"column":9}},"type":"if","locations":[{"start":{"line":59,"column":8},"end":{"line":61,"column":9}},{"start":{},"end":{}}],"line":59},"3":{"loc":{"start":{"line":62,"column":8},"end":{"line":70,"column":9}},"type":"if","locations":[{"start":{"line":62,"column":8},"end":{"line":70,"column":9}},{"start":{},"end":{}}],"line":62},"4":{"loc":{"start":{"line":77,"column":4},"end":{"line":88,"column":5}},"type":"if","locations":[{"start":{"line":77,"column":4},"end":{"line":88,"column":5}},{"start":{},"end":{}}],"line":77},"5":{"loc":{"start":{"line":103,"column":4},"end":{"line":120,"column":5}},"type":"if","locations":[{"start":{"line":103,"column":4},"end":{"line":120,"column":5}},{"start":{},"end":{}}],"line":103},"6":{"loc":{"start":{"line":107,"column":10},"end":{"line":114,"column":11}},"type":"if","locations":[{"start":{"line":107,"column":10},"end":{"line":114,"column":11}},{"start":{},"end":{}}],"line":107},"7":{"loc":{"start":{"line":167,"column":6},"end":{"line":169,"column":7}},"type":"if","locations":[{"start":{"line":167,"column":6},"end":{"line":169,"column":7}},{"start":{},"end":{}}],"line":167},"8":{"loc":{"start":{"line":173,"column":4},"end":{"line":177,"column":5}},"type":"if","locations":[{"start":{"line":173,"column":4},"end":{"line":177,"column":5}},{"start":{},"end":{}}],"line":173},"9":{"loc":{"start":{"line":180,"column":4},"end":{"line":189,"column":5}},"type":"if","locations":[{"start":{"line":180,"column":4},"end":{"line":189,"column":5}},{"start":{},"end":{}}],"line":180},"10":{"loc":{"start":{"line":182,"column":6},"end":{"line":188,"column":7}},"type":"if","locations":[{"start":{"line":182,"column":6},"end":{"line":188,"column":7}},{"start":{},"end":{}}],"line":182},"11":{"loc":{"start":{"line":199,"column":4},"end":{"line":203,"column":5}},"type":"if","locations":[{"start":{"line":199,"column":4},"end":{"line":203,"column":5}},{"start":{"line":201,"column":11},"end":{"line":203,"column":5}}],"line":199},"12":{"loc":{"start":{"line":214,"column":4},"end":{"line":216,"column":5}},"type":"if","locations":[{"start":{"line":214,"column":4},"end":{"line":216,"column":5}},{"start":{},"end":{}}],"line":214},"13":{"loc":{"start":{"line":219,"column":4},"end":{"line":223,"column":5}},"type":"if","locations":[{"start":{"line":219,"column":4},"end":{"line":223,"column":5}},{"start":{},"end":{}}],"line":219},"14":{"loc":{"start":{"line":219,"column":8},"end":{"line":219,"column":68}},"type":"binary-expr","locations":[{"start":{"line":219,"column":8},"end":{"line":219,"column":36}},{"start":{"line":219,"column":40},"end":{"line":219,"column":68}}],"line":219},"15":{"loc":{"start":{"line":237,"column":4},"end":{"line":241,"column":5}},"type":"if","locations":[{"start":{"line":237,"column":4},"end":{"line":241,"column":5}},{"start":{},"end":{}}],"line":237},"16":{"loc":{"start":{"line":247,"column":23},"end":{"line":247,"column":77}},"type":"cond-expr","locations":[{"start":{"line":247,"column":56},"end":{"line":247,"column":66}},{"start":{"line":247,"column":69},"end":{"line":247,"column":77}}],"line":247},"17":{"loc":{"start":{"line":276,"column":4},"end":{"line":280,"column":5}},"type":"if","locations":[{"start":{"line":276,"column":4},"end":{"line":280,"column":5}},{"start":{"line":278,"column":11},"end":{"line":280,"column":5}}],"line":276},"18":{"loc":{"start":{"line":297,"column":4},"end":{"line":301,"column":5}},"type":"if","locations":[{"start":{"line":297,"column":4},"end":{"line":301,"column":5}},{"start":{"line":299,"column":11},"end":{"line":301,"column":5}}],"line":297},"19":{"loc":{"start":{"line":312,"column":4},"end":{"line":314,"column":5}},"type":"if","locations":[{"start":{"line":312,"column":4},"end":{"line":314,"column":5}},{"start":{},"end":{}}],"line":312},"20":{"loc":{"start":{"line":317,"column":4},"end":{"line":321,"column":5}},"type":"if","locations":[{"start":{"line":317,"column":4},"end":{"line":321,"column":5}},{"start":{},"end":{}}],"line":317}},"s":{"0":1,"1":1,"2":1,"3":0,"4":2,"5":2,"6":2,"7":2,"8":1,"9":1,"10":0,"11":2,"12":2,"13":2,"14":2,"15":0,"16":8,"17":8,"18":8,"19":8,"20":8,"21":0,"22":8,"23":2,"24":6,"25":8,"26":8,"27":8,"28":2,"29":2,"30":6,"31":6,"32":6,"33":6,"34":6,"35":0,"36":0,"37":0,"38":0,"39":0,"40":0,"41":6,"42":6,"43":6,"44":6,"45":6,"46":6,"47":6,"48":6,"49":6,"50":6,"51":6,"52":0,"53":3,"54":3,"55":3,"56":3,"57":3,"58":3,"59":9,"60":2,"61":3,"62":1,"63":2,"64":0,"65":0,"66":0,"67":0,"68":0,"69":2,"70":2,"71":1,"72":1,"73":0,"74":4,"75":4,"76":4,"77":4,"78":1,"79":3,"80":1,"81":2,"82":2,"83":2,"84":2,"85":0,"86":2,"87":2,"88":0,"89":3,"90":3,"91":3,"92":3,"93":3,"94":2,"95":1,"96":0,"97":2,"98":2,"99":2,"100":2,"101":2,"102":1,"103":1,"104":0,"105":3,"106":3,"107":3,"108":3,"109":1,"110":2,"111":1,"112":1,"113":1,"114":0},"f":{"0":1,"1":2,"2":2,"3":8,"4":8,"5":8,"6":2,"7":6,"8":6,"9":0,"10":0,"11":6,"12":6,"13":3,"14":0,"15":4,"16":2,"17":2,"18":3,"19":2,"20":3},"b":{"0":[1,1],"1":[8],"2":[0,8],"3":[2,6],"4":[2,6],"5":[0,6],"6":[0,0],"7":[2,7],"8":[1,2],"9":[0,2],"10":[0,0],"11":[1,1],"12":[1,3],"13":[1,2],"14":[3,3],"15":[0,2],"16":[0,2],"17":[2,1],"18":[1,1],"19":[1,2],"20":[1,1]},"meta":{"lastBranch":21,"lastFunction":21,"lastStatement":115,"seen":{"f:4:15:4:24":0,"s:5:2:15:3":0,"s:6:19:11:26":1,"s:12:4:12:21":2,"s:14:4:14:16":3,"f:18:15:18:27":1,"s:19:2:32:3":4,"s:20:15:20:28":5,"s:21:18:25:32":6,"b:26:4:28:5:undefined:undefined:undefined:undefined":0,"s:26:4:28:5":7,"s:27:6:27:66":8,"s:29:4:29:20":9,"s:31:4:31:16":10,"f:35:15:35:30":2,"s:36:2:48:3":11,"s:37:19:37:36":12,"s:38:19:43:26":13,"s:45:4:45:21":14,"s:47:4:47:16":15,"f:51:15:51:26":3,"s:52:2:154:3":16,"s:53:81:53:89":17,"b:53:75:53:76":1,"s:56:24:73:5":18,"f:57:19:57:24":4,"s:58:24:58:62":19,"b:59:8:61:9:undefined:undefined:undefined:undefined":2,"s:59:8:61:9":20,"s:60:10:60:75":21,"b:62:8:70:9:undefined:undefined:undefined:undefined":3,"s:62:8:70:9":22,"s:63:10:69:12":23,"s:71:8:71:64":24,"s:76:19:76:61":25,"f:76:38:76:39":5,"s:76:49:76:60":26,"b:77:4:88:5:undefined:undefined:undefined:undefined":4,"s:77:4:88:5":27,"s:78:6:87:9":28,"f:80:27:80:28":6,"s:80:35:86:9":29,"s:91:25:100:5":30,"f:92:22:92:27":7,"s:93:21:93:36":31,"s:94:8:98:10":32,"b:103:4:120:5:undefined:undefined:undefined:undefined":5,"s:103:4:120:5":33,"f:103:26:103:27":8,"s:103:38:103:45":34,"s:105:6:116:8":35,"f:106:24:106:29":9,"b:107:10:114:11:undefined:undefined:undefined:undefined":6,"s:107:10:114:11":36,"s:108:25:110:13":37,"f:109:14:109:15":10,"s:109:21:109:74":38,"s:111:12:113:15":39,"s:117:6:119:9":40,"s:122:31:126:7":41,"f:122:47:122:48":11,"s:122:66:126:5":42,"s:129:21:132:5":43,"f:130:6:130:7":12,"s:130:23:130:57":44,"s:133:23:133:46":45,"s:135:21:144:6":46,"s:146:4:146:36":47,"s:147:4:147:50":48,"s:148:4:148:47":49,"s:149:4:149:45":50,"s:151:4:151:35":51,"s:153:4:153:16":52,"f:157:15:157:26":13,"s:158:2:206:3":53,"s:159:19:159:29":54,"s:160:23:160:31":55,"s:163:26:163:69":56,"s:164:27:164:29":57,"s:166:4:170:5":58,"b:167:6:169:7:undefined:undefined:undefined:undefined":7,"s:167:6:169:7":59,"s:168:8:168:50":60,"b:173:4:177:5:undefined:undefined:undefined:undefined":8,"s:173:4:177:5":61,"s:174:6:176:9":62,"b:180:4:189:5:undefined:undefined:undefined:undefined":9,"s:180:4:189:5":63,"s:181:20:181:44":64,"b:182:6:188:7:undefined:undefined:undefined:undefined":10,"s:182:6:188:7":65,"s:183:25:186:9":66,"f:184:10:184:11":14,"s:184:27:184:61":67,"s:187:8:187:75":68,"s:191:25:197:32":69,"b:199:4:203:5:201:11:203:5":11,"s:199:4:203:5":70,"s:200:6:200:48":71,"s:202:6:202:66":72,"s:205:4:205:16":73,"f:209:15:209:26":15,"s:210:2:262:3":74,"s:211:19:211:29":75,"s:213:18:213:73":76,"b:214:4:216:5:undefined:undefined:undefined:undefined":12,"s:214:4:216:5":77,"s:215:6:215:66":78,"b:219:4:223:5:undefined:undefined:undefined:undefined":13,"s:219:4:223:5":79,"b:219:8:219:36:219:40:219:68":14,"s:220:6:222:9":80,"s:226:30:234:5":81,"f:227:25:227:30":16,"s:228:8:232:10":82,"b:237:4:241:5:undefined:undefined:undefined:undefined":15,"s:237:4:241:5":83,"f:237:31:237:32":17,"s:237:43:237:50":84,"s:238:6:240:9":85,"s:243:25:254:32":86,"b:247:56:247:66:247:69:247:77":16,"s:256:4:259:7":87,"s:261:4:261:16":88,"f:265:15:265:32":18,"s:266:2:283:3":89,"s:267:19:267:29":90,"s:268:23:268:31":91,"s:270:25:274:32":92,"b:276:4:280:5:278:11:280:5":17,"s:276:4:280:5":93,"s:277:6:277:48":94,"s:279:6:279:66":95,"s:282:4:282:16":96,"f:286:15:286:34":19,"s:287:2:304:3":97,"s:288:19:288:29":98,"s:289:30:289:38":99,"s:291:25:295:32":100,"b:297:4:301:5:299:11:301:5":18,"s:297:4:301:5":101,"s:298:6:298:48":102,"s:300:6:300:66":103,"s:303:4:303:16":104,"f:307:15:307:26":20,"s:308:2:327:3":105,"s:309:19:309:29":106,"s:311:18:311:42":107,"b:312:4:314:5:undefined:undefined:undefined:undefined":19,"s:312:4:314:5":108,"s:313:6:313:66":109,"b:317:4:321:5:undefined:undefined:undefined:undefined":20,"s:317:4:321:5":110,"s:318:6:320:9":111,"s:323:4:323:38":112,"s:324:4:324:27":113,"s:326:4:326:16":114}}}
,"C:\\Users\\ASUS TUF GAMING\\Desktop\\FullStack 2024\\Proyecto-Final\\ecommerce-api\\src\\controllers\\paymentMethodController.js": {"path":"C:\\Users\\ASUS TUF GAMING\\Desktop\\FullStack 2024\\Proyecto-Final\\ecommerce-api\\src\\controllers\\paymentMethodController.js","statementMap":{"0":{"start":{"line":3,"column":37},"end":{"line":14,"column":1}},"1":{"start":{"line":5,"column":4},"end":{"line":7,"column":38}},"2":{"start":{"line":8,"column":18},"end":{"line":8,"column":41}},"3":{"start":{"line":9,"column":2},"end":{"line":13,"column":3}},"4":{"start":{"line":10,"column":18},"end":{"line":10,"column":80}},"5":{"start":{"line":11,"column":4},"end":{"line":11,"column":27}},"6":{"start":{"line":12,"column":4},"end":{"line":12,"column":16}},"7":{"start":{"line":17,"column":2},"end":{"line":24,"column":3}},"8":{"start":{"line":18,"column":27},"end":{"line":20,"column":23}},"9":{"start":{"line":21,"column":4},"end":{"line":21,"column":29}},"10":{"start":{"line":23,"column":4},"end":{"line":23,"column":16}},"11":{"start":{"line":28,"column":2},"end":{"line":39,"column":3}},"12":{"start":{"line":29,"column":15},"end":{"line":29,"column":28}},"13":{"start":{"line":30,"column":26},"end":{"line":30,"column":75}},"14":{"start":{"line":31,"column":4},"end":{"line":33,"column":5}},"15":{"start":{"line":32,"column":6},"end":{"line":32,"column":75}},"16":{"start":{"line":35,"column":4},"end":{"line":35,"column":58}},"17":{"start":{"line":36,"column":4},"end":{"line":36,"column":28}},"18":{"start":{"line":38,"column":4},"end":{"line":38,"column":16}},"19":{"start":{"line":43,"column":2},"end":{"line":53,"column":3}},"20":{"start":{"line":44,"column":19},"end":{"line":44,"column":34}},"21":{"start":{"line":45,"column":27},"end":{"line":48,"column":23}},"22":{"start":{"line":50,"column":4},"end":{"line":50,"column":29}},"23":{"start":{"line":52,"column":4},"end":{"line":52,"column":16}},"24":{"start":{"line":57,"column":2},"end":{"line":119,"column":3}},"25":{"start":{"line":67,"column":8},"end":{"line":67,"column":16}},"26":{"start":{"line":69,"column":25},"end":{"line":69,"column":81}},"27":{"start":{"line":70,"column":4},"end":{"line":72,"column":5}},"28":{"start":{"line":71,"column":6},"end":{"line":71,"column":76}},"29":{"start":{"line":74,"column":4},"end":{"line":93,"column":5}},"30":{"start":{"line":75,"column":6},"end":{"line":79,"column":7}},"31":{"start":{"line":76,"column":8},"end":{"line":78,"column":11}},"32":{"start":{"line":80,"column":6},"end":{"line":82,"column":7}},"33":{"start":{"line":81,"column":8},"end":{"line":81,"column":86}},"34":{"start":{"line":83,"column":11},"end":{"line":93,"column":5}},"35":{"start":{"line":84,"column":6},"end":{"line":86,"column":7}},"36":{"start":{"line":85,"column":8},"end":{"line":85,"column":95}},"37":{"start":{"line":87,"column":11},"end":{"line":93,"column":5}},"38":{"start":{"line":88,"column":6},"end":{"line":92,"column":7}},"39":{"start":{"line":89,"column":8},"end":{"line":91,"column":11}},"40":{"start":{"line":95,"column":19},"end":{"line":95,"column":34}},"41":{"start":{"line":98,"column":4},"end":{"line":100,"column":5}},"42":{"start":{"line":99,"column":6},"end":{"line":99,"column":94}},"43":{"start":{"line":102,"column":29},"end":{"line":113,"column":6}},"44":{"start":{"line":115,"column":4},"end":{"line":115,"column":44}},"45":{"start":{"line":116,"column":4},"end":{"line":116,"column":43}},"46":{"start":{"line":118,"column":4},"end":{"line":118,"column":16}},"47":{"start":{"line":123,"column":2},"end":{"line":191,"column":3}},"48":{"start":{"line":124,"column":19},"end":{"line":124,"column":29}},"49":{"start":{"line":125,"column":23},"end":{"line":125,"column":31}},"50":{"start":{"line":127,"column":26},"end":{"line":127,"column":58}},"51":{"start":{"line":128,"column":4},"end":{"line":130,"column":5}},"52":{"start":{"line":129,"column":6},"end":{"line":129,"column":75}},"53":{"start":{"line":132,"column":4},"end":{"line":132,"column":58}},"54":{"start":{"line":135,"column":26},"end":{"line":143,"column":5}},"55":{"start":{"line":144,"column":27},"end":{"line":144,"column":29}},"56":{"start":{"line":146,"column":4},"end":{"line":150,"column":5}},"57":{"start":{"line":147,"column":6},"end":{"line":149,"column":7}},"58":{"start":{"line":148,"column":8},"end":{"line":148,"column":50}},"59":{"start":{"line":153,"column":4},"end":{"line":157,"column":5}},"60":{"start":{"line":154,"column":6},"end":{"line":156,"column":9}},"61":{"start":{"line":160,"column":4},"end":{"line":174,"column":5}},"62":{"start":{"line":161,"column":6},"end":{"line":166,"column":7}},"63":{"start":{"line":165,"column":8},"end":{"line":165,"column":86}},"64":{"start":{"line":167,"column":11},"end":{"line":174,"column":5}},"65":{"start":{"line":168,"column":6},"end":{"line":173,"column":7}},"66":{"start":{"line":172,"column":8},"end":{"line":172,"column":78}},"67":{"start":{"line":177,"column":4},"end":{"line":182,"column":5}},"68":{"start":{"line":178,"column":6},"end
[...]
,"C:\\Users\\ASUS TUF GAMING\\Desktop\\FullStack 2024\\Proyecto-Final\\ecommerce-api\\src\\models\\cart.js": {"path":"C:\\Users\\ASUS TUF GAMING\\Desktop\\FullStack 2024\\Proyecto-Final\\ecommerce-api\\src\\models\\cart.js","statementMap":{"0":{"start":{"line":3,"column":19},"end":{"line":23,"column":2}},"1":{"start":{"line":25,"column":13},"end":{"line":25,"column":47}}},"fnMap":{},"branchMap":{},"s":{"0":5,"1":5},"f":{},"b":{},"meta":{"lastBranch":0,"lastFunction":0,"lastStatement":2,"seen":{"s:3:19:23:2":0,"s:25:13:25:47":1}}}
,"C:\\Users\\ASUS TUF GAMING\\Desktop\\FullStack 2024\\Proyecto-Final\\ecommerce-api\\src\\models\\category.js": {"path":"C:\\Users\\ASUS TUF GAMING\\Desktop\\FullStack 2024\\Proyecto-Final\\ecommerce-api\\src\\models\\category.js","statementMap":{"0":{"start":{"line":3,"column":23},"end":{"line":24,"column":2}},"1":{"start":{"line":26,"column":17},"end":{"line":26,"column":59}}},"fnMap":{},"branchMap":{},"s":{"0":5,"1":5},"f":{},"b":{},"meta":{"lastBranch":0,"lastFunction":0,"lastStatement":2,"seen":{"s:3:23:24:2":0,"s:26:17:26:59":1}}}
,"C:\\Users\\ASUS TUF GAMING\\Desktop\\FullStack 2024\\Proyecto-Final\\ecommerce-api\\src\\models\\notification.js": {"path":"C:\\Users\\ASUS TUF GAMING\\Desktop\\FullStack 2024\\Proyecto-Final\\ecommerce-api\\src\\models\\notification.js","statementMap":{"0":{"start":{"line":3,"column":27},"end":{"line":17,"column":2}},"1":{"start":{"line":19,"column":21},"end":{"line":19,"column":71}}},"fnMap":{},"branchMap":{},"s":{"0":6,"1":6},"f":{},"b":{},"meta":{"lastBranch":0,"lastFunction":0,"lastStatement":2,"seen":{"s:3:27:17:2":0,"s:19:21:19:71":1}}}
,"C:\\Users\\ASUS TUF GAMING\\Desktop\\FullStack 2024\\Proyecto-Final\\ecommerce-api\\src\\models\\order.js": {"path":"C:\\Users\\ASUS TUF GAMING\\Desktop\\FullStack 2024\\Proyecto-Final\\ecommerce-api\\src\\models\\order.js","statementMap":{"0":{"start":{"line":3,"column":20},"end":{"line":56,"column":2}},"1":{"start":{"line":58,"column":14},"end":{"line":58,"column":50}}},"fnMap":{},"branchMap":{},"s":{"0":5,"1":5},"f":{},"b":{},"meta":{"lastBranch":0,"lastFunction":0,"lastStatement":2,"seen":{"s:3:20:56:2":0,"s:58:14:58:50":1}}}
,"C:\\Users\\ASUS TUF GAMING\\Desktop\\FullStack 2024\\Proyecto-Final\\ecommerce-api\\src\\models\\paymentMethod.js": {"path":"C:\\Users\\ASUS TUF GAMING\\Desktop\\FullStack 2024\\Proyecto-Final\\ecommerce-api\\src\\models\\paymentMethod.js","statementMap":{"0":{"start":{"line":3,"column":28},"end":{"line":47,"column":2}},"1":{"start":{"line":49,"column":22},"end":{"line":49,"column":74}}},"fnMap":{},"branchMap":{},"s":{"0":6,"1":6},"f":{},"b":{},"meta":{"lastBranch":0,"lastFunction":0,"lastStatement":2,"seen":{"s:3:28:47:2":0,"s:49:22:49:74":1}}}
,"C:\\Users\\ASUS TUF GAMING\\Desktop\\FullStack 2024\\Proyecto-Final\\ecommerce-api\\src\\models\\product.js": {"path":"C:\\Users\\ASUS TUF GAMING\\Desktop\\FullStack 2024\\Proyecto-Final\\ecommerce-api\\src\\models\\product.js","statementMap":{"0":{"start":{"line":3,"column":22},"end":{"line":39,"column":2}},"1":{"start":{"line":41,"column":16},"end":{"line":41,"column":56}}},"fnMap":{},"branchMap":{},"s":{"0":7,"1":7},"f":{},"b":{},"meta":{"lastBranch":0,"lastFunction":0,"lastStatement":2,"seen":{"s:3:22:39:2":0,"s:41:16:41:56":1}}}
,"C:\\Users\\ASUS TUF GAMING\\Desktop\\FullStack 2024\\Proyecto-Final\\ecommerce-api\\src\\models\\review.js": {"path":"C:\\Users\\ASUS TUF GAMING\\Desktop\\FullStack 2024\\Proyecto-Final\\ecommerce-api\\src\\models\\review.js","statementMap":{"0":{"start":{"line":3,"column":21},"end":{"line":24,"column":2}},"1":{"start":{"line":26,"column":15},"end":{"line":26,"column":53}}},"fnMap":{},"branchMap":{},"s":{"0":6,"1":6},"f":{},"b":{},"meta":{"lastBranch":0,"lastFunction":0,"lastStatement":2,"seen":{"s:3:21:24:2":0,"s:26:15:26:53":1}}}
,"C:\\Users\\ASUS TUF GAMING\\Desktop\\FullStack 2024\\Proyecto-Final\\ecommerce-api\\src\\models\\shippingAddress.js": {"path":"C:\\Users\\ASUS TUF GAMING\\Desktop\\FullStack 2024\\Proyecto-Final\\ecommerce-api\\src\\models\\shippingAddress.js","statementMap":{"0":{"start":{"line":3,"column":30},"end":{"line":56,"column":2}},"1":{"start":{"line":58,"column":24},"end":{"line":58,"column":80}}},"fnMap":{},"branchMap":{},"s":{"0":5,"1":5},"f":{},"b":{},"meta":{"lastBranch":0,"lastFunction":0,"lastStatement":2,"seen":{"s:3:30:56:2":0,"s:58:24:58:80":1}}}
,"C:\\Users\\ASUS TUF GAMING\\Desktop\\FullStack 2024\\Proyecto-Final\\ecommerce-api\\src\\models\\user.js": {"path":"C:\\Users\\ASUS TUF GAMING\\Desktop\\FullStack 2024\\Proyecto-Final\\ecommerce-api\\src\\models\\user.js","statementMap":{"0":{"start":{"line":3,"column":19},"end":{"line":36,"column":2}},"1":{"start":{"line":38,"column":13},"end":{"line":38,"column":47}}},"fnMap":{},"branchMap":{},"s":{"0":5,"1":5},"f":{},"b":{},"meta":{"lastBranch":0,"lastFunction":0,"lastStatement":2,"seen":{"s:3:19:36:2":0,"s:38:13:38:47":1}}}
,"C:\\Users\\ASUS TUF GAMING\\Desktop\\FullStack 2024\\Proyecto-Final\\ecommerce-api\\src\\models\\wishList.js": {"path":"C:\\Users\\ASUS TUF GAMING\\Desktop\\FullStack 2024\\Proyecto-Final\\ecommerce-api\\src\\models\\wishList.js","statementMap":{"0":{"start":{"line":3,"column":23},"end":{"line":22,"column":2}},"1":{"start":{"line":24,"column":17},"end":{"line":24,"column":59}}},"fnMap":{},"branchMap":{},"s":{"0":6,"1":6},"f":{},"b":{},"meta":{"lastBranch":0,"lastFunction":0,"lastStatement":2,"seen":{"s:3:23:22:2":0,"s:24:17:24:59":1}}}
,"C:\\Users\\ASUS TUF GAMING\\Desktop\\FullStack 2024\\Proyecto-Final\\ecommerce-api\\src\\routes\\authRoutes.js": {"path":"C:\\Users\\ASUS TUF GAMING\\Desktop\\FullStack 2024\\Proyecto-Final\\ecommerce-api\\src\\routes\\authRoutes.js","statementMap":{"0":{"start":{"line":22,"column":15},"end":{"line":22,"column":31}},"1":{"start":{"line":25,"column":0},"end":{"line":25,"column":24}},"2":{"start":{"line":27,"column":0},"end":{"line":39,"column":2}},"3":{"start":{"line":41,"column":0},"end":{"line":46,"column":2}},"4":{"start":{"line":48,"column":0},"end":{"line":48,"column":38}},"5":{"start":{"line":50,"column":0},"end":{"line":50,"column":75}}},"fnMap":{},"branchMap":{},"s":{"0":4,"1":4,"2":4,"3":4,"4":4,"5":4},"f":{},"b":{},"meta":{"lastBranch":0,"lastFunction":0,"lastStatement":6,"seen":{"s:22:15:22:31":0,"s:25:0:25:24":1,"s:27:0:39:2":2,"s:41:0:46:2":3,"s:48:0:48:38":4,"s:50:0:50:75":5}}}
,"C:\\Users\\ASUS TUF GAMING\\Desktop\\FullStack 2024\\Proyecto-Final\\ecommerce-api\\src\\routes\\cartRoutes.js": {"path":"C:\\Users\\ASUS TUF GAMING\\Desktop\\FullStack 2024\\Proyecto-Final\\ecommerce-api\\src\\routes\\cartRoutes.js","statementMap":{"0":{"start":{"line":24,"column":15},"end":{"line":24,"column":31}},"1":{"start":{"line":26,"column":0},"end":{"line":26,"column":55}},"2":{"start":{"line":28,"column":0},"end":{"line":34,"column":2}},"3":{"start":{"line":36,"column":0},"end":{"line":46,"column":2}},"4":{"start":{"line":48,"column":0},"end":{"line":55,"column":2}},"5":{"start":{"line":57,"column":0},"end":{"line":72,"column":2}},"6":{"start":{"line":74,"column":0},"end":{"line":89,"column":2}},"7":{"start":{"line":91,"column":0},"end":{"line":97,"column":2}},"8":{"start":{"line":100,"column":0},"end":{"line":110,"column":2}},"9":{"start":{"line":112,"column":0},"end":{"line":121,"column":2}},"10":{"start":{"line":123,"column":0},"end":{"line":129,"column":2}}},"fnMap":{},"branchMap":{},"s":{"0":4,"1":4,"2":4,"3":4,"4":4,"5":4,"6":4,"7":4,"8":4,"9":4,"10":4},"f":{},"b":{},"meta":{"lastBranch":0,"lastFunction":0,"lastStatement":11,"seen":{"s:24:15:24:31":0,"s:26:0:26:55":1,"s:28:0:34:2":2,"s:36:0:46:2":3,"s:48:0:55:2":4,"s:57:0:72:2":5,"s:74:0:89:2":6,"s:91:0:97:2":7,"s:100:0:110:2":8,"s:112:0:121:2":9,"s:123:0:129:2":10}}}
,"C:\\Users\\ASUS TUF GAMING\\Desktop\\FullStack 2024\\Proyecto-Final\\ecommerce-api\\src\\routes\\categoryRoutes.js": {"path":"C:\\Users\\ASUS TUF GAMING\\Desktop\\FullStack 2024\\Proyecto-Final\\ecommerce-api\\src\\routes\\categoryRoutes.js","statementMap":{"0":{"start":{"line":27,"column":15},"end":{"line":27,"column":31}},"1":{"start":{"line":29,"column":0},"end":{"line":40,"column":2}},"2":{"start":{"line":41,"column":0},"end":{"line":41,"column":41}},"3":{"start":{"line":42,"column":0},"end":{"line":42,"column":99}},"4":{"start":{"line":43,"column":0},"end":{"line":55,"column":2}},"5":{"start":{"line":56,"column":0},"end":{"line":69,"column":2}},"6":{"start":{"line":70,"column":0},"end":{"line":77,"column":2}}},"fnMap":{},"branchMap":{},"s":{"0":4,"1":4,"2":4,"3":4,"4":4,"5":4,"6":4},"f":{},"b":{},"meta":{"lastBranch":0,"lastFunction":0,"lastStatement":7,"seen":{"s:27:15:27:31":0,"s:29:0:40:2":1,"s:41:0:41:41":2,"s:42:0:42:99":3,"s:43:0:55:2":4,"s:56:0:69:2":5,"s:70:0:77:2":6}}}
,"C:\\Users\\ASUS TUF GAMING\\Desktop\\FullStack 2024\\Proyecto-Final\\ecommerce-api\\src\\routes\\index.js": {"path":"C:\\Users\\ASUS TUF GAMING\\Desktop\\FullStack 2024\\Proyecto-Final\\ecommerce-api\\src\\routes\\index.js","statementMap":{"0":{"start":{"line":15,"column":15},"end":{"line":15,"column":31}},"1":{"start":{"line":17,"column":0},"end":{"line":17,"column":32}},"2":{"start":{"line":18,"column":0},"end":{"line":18,"column":23}},"3":{"start":{"line":19,"column":0},"end":{"line":19,"column":27}},"4":{"start":{"line":20,"column":0},"end":{"line":20,"column":31}},"5":{"start":{"line":21,"column":0},"end":{"line":21,"column":24}},"6":{"start":{"line":22,"column":0},"end":{"line":22,"column":32}},"7":{"start":{"line":23,"column":0},"end":{"line":23,"column":26}},"8":{"start":{"line":24,"column":0},"end":{"line":24,"column":25}},"9":{"start":{"line":25,"column":0},"end":{"line":25,"column":34}},"10":{"start":{"line":26,"column":0},"end":{"line":26,"column":23}},"11":{"start":{"line":27,"column":0},"end":{"line":27,"column":27}}},"fnMap":{},"branchMap":{},"s":{"0":4,"1":4,"2":4,"3":4,"4":4,"5":4,"6":4,"7":4,"8":4,"9":4,"10":4,"11":4},"f":{},"b":{},"meta":{"lastBranch":0,"lastFunction":0,"lastStatement":12,"seen":{"s:15:15:15:31":0,"s:17:0:17:32":1,"s:18:0:18:23":2,"s:19:0:19:27":3,"s:20:0:20:31":4,"s:21:0:21:24":5,"s:22:0:22:32":6,"s:23:0:23:26":7,"s:24:0:24:25":8,"s:25:0:25:34":9,"s:26:0:26:23":10,"s:27:0:27:27":11}}}
,"C:\\Users\\ASUS TUF GAMING\\Desktop\\FullStack 2024\\Proyecto-Final\\ecommerce-api\\src\\routes\\notificationRoutes.js": {"path":"C:\\Users\\ASUS TUF GAMING\\Desktop\\FullStack 2024\\Proyecto-Final\\ecommerce-api\\src\\routes\\notificationRoutes.js","statementMap":{"0":{"start":{"line":24,"column":15},"end":{"line":24,"column":31}},"1":{"start":{"line":27,"column":0},"end":{"line":27,"column":72}},"2":{"start":{"line":30,"column":0},"end":{"line":36,"column":2}},"3":{"start":{"line":39,"column":0},"end":{"line":45,"column":2}},"4":{"start":{"line":48,"column":0},"end":{"line":54,"column":2}},"5":{"start":{"line":57,"column":0},"end":{"line":63,"column":2}},"6":{"start":{"line":66,"column":0},"end":{"line":72,"column":2}},"7":{"start":{"line":75,"column":0},"end":{"line":81,"column":2}},"8":{"start":{"line":84,"column":0},"end":{"line":95,"column":2}},"9":{"start":{"line":98,"column":0},"end":{"line":104,"column":2}}},"fnMap":{},"branchMap":{},"s":{"0":4,"1":4,"2":4,"3":4,"4":4,"5":4,"6":4,"7":4,"8":4,"9":4},"f":{},"b":{},"meta":{"lastBranch":0,"lastFunction":0,"lastStatement":10,"seen":{"s:24:15:24:31":0,"s:27:0:27:72":1,"s:30:0:36:2":2,"s:39:0:45:2":3,"s:48:0:54:2":4,"s:57:0:63:2":5,"s:66:0:72:2":6,"s:75:0:81:2":7,"s:84:0:95:2":8,"s:98:0:104:2":9}}}
,"C:\\Users\\ASUS TUF GAMING\\Desktop\\FullStack 2024\\Proyecto-Final\\ecommerce-api\\src\\routes\\orderRoutes.js": {"path":"C:\\Users\\ASUS TUF GAMING\\Desktop\\FullStack 2024\\Proyecto-Final\\ecommerce-api\\src\\routes\\orderRoutes.js","statementMap":{"0":{"start":{"line":27,"column":15},"end":{"line":27,"column":31}},"1":{"start":{"line":30,"column":0},"end":{"line":30,"column":58}},"2":{"start":{"line":33,"column":0},"end":{"line":39,"column":2}},"3":{"start":{"line":42,"column":0},"end":{"line":48,"column":2}},"4":{"start":{"line":51,"column":0},"end":{"line":70,"column":2}},"5":{"start":{"line":73,"column":0},"end":{"line":80,"column":2}},"6":{"start":{"line":83,"column":0},"end":{"line":90,"column":2}},"7":{"start":{"line":93,"column":0},"end":{"line":100,"column":2}},"8":{"start":{"line":103,"column":0},"end":{"line":115,"column":2}},"9":{"start":{"line":118,"column":0},"end":{"line":125,"column":2}}},"fnMap":{},"branchMap":{},"s":{"0":4,"1":4,"2":4,"3":4,"4":4,"5":4,"6":4,"7":4,"8":4,"9":4},"f":{},"b":{},"meta":{"lastBranch":0,"lastFunction":0,"lastStatement":10,"seen":{"s:27:15:27:31":0,"s:30:0:30:58":1,"s:33:0:39:2":2,"s:42:0:48:2":3,"s:51:0:70:2":4,"s:73:0:80:2":5,"s:83:0:90:2":6,"s:93:0:100:2":7,"s:103:0:115:2":8,"s:118:0:125:2":9}}}
,"C:\\Users\\ASUS TUF GAMING\\Desktop\\FullStack 2024\\Proyecto-Final\\ecommerce-api\\src\\routes\\paymentMethodRoutes.js": {"path":"C:\\Users\\ASUS TUF GAMING\\Desktop\\FullStack 2024\\Proyecto-Final\\ecommerce-api\\src\\routes\\paymentMethodRoutes.js","statementMap":{"0":{"start":{"line":28,"column":15},"end":{"line":28,"column":31}},"1":{"start":{"line":31,"column":0},"end":{"line":31,"column":75}},"2":{"start":{"line":34,"column":0},"end":{"line":34,"column":80}},"3":{"start":{"line":37,"column":0},"end":{"line":37,"column":75}},"4":{"start":{"line":40,"column":0},"end":{"line":46,"column":2}},"5":{"start":{"line":49,"column":0},"end":{"line":64,"column":2}},"6":{"start":{"line":67,"column":0},"end":{"line":73,"column":2}},"7":{"start":{"line":76,"column":0},"end":{"line":82,"column":2}},"8":{"start":{"line":85,"column":0},"end":{"line":100,"column":2}},"9":{"start":{"line":103,"column":0},"end":{"line":109,"column":2}}},"fnMap":{},"branchMap":{},"s":{"0":4,"1":4,"2":4,"3":4,"4":4,"5":4,"6":4,"7":4,"8":4,"9":4},"f":{},"b":{},"meta":{"lastBranch":0,"lastFunction":0,"lastStatement":10,"seen":{"s:28:15:28:31":0,"s:31:0:31:75":1,"s:34:0:34:80":2,"s:37:0:37:75":3,"s:40:0:46:2":4,"s:49:0:64:2":5,"s:67:0:73:2":6,"s:76:0:82:2":7,"s:85:0:100:2":8,"s:103:0:109:2":9}}}
,"C:\\Users\\ASUS TUF GAMING\\Desktop\\FullStack 2024\\Proyecto-Final\\ecommerce-api\\src\\routes\\productRoutes.js": {"path":"C:\\Users\\ASUS TUF GAMING\\Desktop\\FullStack 2024\\Proyecto-Final\\ecommerce-api\\src\\routes\\productRoutes.js","statementMap":{"0":{"start":{"line":33,"column":15},"end":{"line":33,"column":31}},"1":{"start":{"line":36,"column":0},"end":{"line":36,"column":76}},"2":{"start":{"line":38,"column":0},"end":{"line":52,"column":2}},"3":{"start":{"line":54,"column":0},"end":{"line":59,"column":2}},"4":{"start":{"line":61,"column":0},"end":{"line":61,"column":95}},"5":{"start":{"line":63,"column":0},"end":{"line":77,"column":2}},"6":{"start":{"line":79,"column":0},"end":{"line":94,"column":2}},"7":{"start":{"line":96,"column":0},"end":{"line":103,"column":2}}},"fnMap":{},"branchMap":{},"s":{"0":4,"1":4,"2":4,"3":4,"4":4,"5":4,"6":4,"7":4},"f":{},"b":{},"meta":{"lastBranch":0,"lastFunction":0,"lastStatement":8,"seen":{"s:33:15:33:31":0,"s:36:0:36:76":1,"s:38:0:52:2":2,"s:54:0:59:2":3,"s:61:0:61:95":4,"s:63:0:77:2":5,"s:79:0:94:2":6,"s:96:0:103:2":7}}}
,"C:\\Users\\ASUS TUF GAMING\\Desktop\\FullStack 2024\\Proyecto-Final\\ecommerce-api\\src\\routes\\reviewRoutes.js": {"path":"C:\\Users\\ASUS TUF GAMING\\Desktop\\FullStack 2024\\Proyecto-Final\\ecommerce-api\\src\\routes\\reviewRoutes.js","statementMap":{"0":{"start":{"line":19,"column":15},"end":{"line":19,"column":31}},"1":{"start":{"line":22,"column":0},"end":{"line":28,"column":2}},"2":{"start":{"line":31,"column":0},"end":{"line":36,"column":2}},"3":{"start":{"line":39,"column":0},"end":{"line":39,"column":58}},"4":{"start":{"line":42,"column":0},"end":{"line":48,"column":2}},"5":{"start":{"line":51,"column":0},"end":{"line":57,"column":2}}},"fnMap":{},"branchMap":{},"s":{"0":4,"1":4,"2":4,"3":4,"4":4,"5":4},"f":{},"b":{},"meta":{"lastBranch":0,"lastFunction":0,"lastStatement":6,"seen":{"s:19:15:19:31":0,"s:22:0:28:2":1,"s:31:0:36:2":2,"s:39:0:39:58":3,"s:42:0:48:2":4,"s:51:0:57:2":5}}}
,"C:\\Users\\ASUS TUF GAMING\\Desktop\\FullStack 2024\\Proyecto-Final\\ecommerce-api\\src\\routes\\shippingAddressRoutes.js": {"path":"C:\\Users\\ASUS TUF GAMING\\Desktop\\FullStack 2024\\Proyecto-Final\\ecommerce-api\\src\\routes\\shippingAddressRoutes.js","statementMap":{"0":{"start":{"line":33,"column":15},"end":{"line":33,"column":31}},"1":{"start":{"line":36,"column":27},"end":{"line":46,"column":1}},"2":{"start":{"line":49,"column":0},"end":{"line":55,"column":2}},"3":{"start":{"line":58,"column":0},"end":{"line":58,"column":66}},"4":{"start":{"line":61,"column":0},"end":{"line":61,"column":75}},"5":{"start":{"line":64,"column":0},"end":{"line":70,"column":2}},"6":{"start":{"line":73,"column":0},"end":{"line":90,"column":2}},"7":{"start":{"line":93,"column":0},"end":{"line":99,"column":2}},"8":{"start":{"line":102,"column":0},"end":{"line":108,"column":2}}},"fnMap":{},"branchMap":{},"s":{"0":4,"1":4,"2":4,"3":4,"4":4,"5":4,"6":4,"7":4,"8":4},"f":{},"b":{},"meta":{"lastBranch":0,"lastFunction":0,"lastStatement":9,"seen":{"s:33:15:33:31":0,"s:36:27:46:1":1,"s:49:0:55:2":2,"s:58:0:58:66":3,"s:61:0:61:75":4,"s:64:0:70:2":5,"s:73:0:90:2":6,"s:93:0:99:2":7,"s:102:0:108:2":8}}}
,"C:\\Users\\ASUS TUF GAMING\\Desktop\\FullStack 2024\\Proyecto-Final\\ecommerce-api\\src\\routes\\userRoutes.js": {"path":"C:\\Users\\ASUS TUF GAMING\\Desktop\\FullStack 2024\\Proyecto-Final\\ecommerce-api\\src\\routes\\userRoutes.js","statementMap":{"0":{"start":{"line":40,"column":15},"end":{"line":40,"column":31}},"1":{"start":{"line":43,"column":27},"end":{"line":48,"column":1}},"2":{"start":{"line":51,"column":0},"end":{"line":51,"column":61}},"3":{"start":{"line":54,"column":0},"end":{"line":61,"column":2}},"4":{"start":{"line":64,"column":0},"end":{"line":77,"column":2}},"5":{"start":{"line":80,"column":0},"end":{"line":87,"column":2}},"6":{"start":{"line":90,"column":0},"end":{"line":105,"column":2}},"7":{"start":{"line":108,"column":0},"end":{"line":108,"column":94}},"8":{"start":{"line":111,"column":0},"end":{"line":121,"column":2}},"9":{"start":{"line":124,"column":0},"end":{"line":136,"column":2}},"10":{"start":{"line":139,"column":0},"end":{"line":139,"column":66}},"11":{"start":{"line":142,"column":0},"end":{"line":149,"column":2}},"12":{"start":{"line":152,"column":0},"end":{"line":159,"column":2}}},"fnMap":{},"branchMap":{},"s":{"0":4,"1":4,"2":4,"3":4,"4":4,"5":4,"6":4,"7":4,"8":4,"9":4,"10":4,"11":4,"12":4},"f":{},"b":{},"meta":{"lastBranch":0,"lastFunction":0,"lastStatement":13,"seen":{"s:40:15:40:31":0,"s:43:27:48:1":1,"s:51:0:51:61":2,"s:54:0:61:2":3,"s:64:0:77:2":4,"s:80:0:87:2":5,"s:90:0:105:2":6,"s:108:0:108:94":7,"s:111:0:121:2":8,"s:124:0:136:2":9,"s:139:0:139:66":10,"s:142:0:149:2":11,"s:152:0:159:2":12}}}
,"C:\\Users\\ASUS TUF GAMING\\Desktop\\FullStack 2024\\Proyecto-Final\\ecommerce-api\\src\\routes\\wishListRoutes.js": {"path":"C:\\Users\\ASUS TUF GAMING\\Desktop\\FullStack 2024\\Proyecto-Final\\ecommerce-api\\src\\routes\\wishListRoutes.js","statementMap":{"0":{"start":{"line":15,"column":15},"end":{"line":15,"column":31}},"1":{"start":{"line":18,"column":0},"end":{"line":18,"column":57}},"2":{"start":{"line":21,"column":0},"end":{"line":27,"column":2}},"3":{"start":{"line":30,"column":0},"end":{"line":36,"column":2}},"4":{"start":{"line":39,"column":0},"end":{"line":45,"column":2}},"5":{"start":{"line":48,"column":0},"end":{"line":54,"column":2}},"6":{"start":{"line":57,"column":0},"end":{"line":57,"column":64}}},"fnMap":{},"branchMap":{},"s":{"0":4,"1":4,"2":4,"3":4,"4":4,"5":4,"6":4},"f":{},"b":{},"meta":{"lastBranch":0,"lastFunction":0,"lastStatement":7,"seen":{"s:15:15:15:31":0,"s:18:0:18:57":1,"s:21:0:27:2":2,"s:30:0:36:2":3,"s:39:0:45:2":4,"s:48:0:54:2":5,"s:57:0:57:64":6}}}
}
