TN:
SF:server.js
FN:24,(anonymous_0)
FN:30,(anonymous_1)
FN:39,(anonymous_2)
FN:45,(anonymous_3)
FN:48,(anonymous_4)
FN:64,(anonymous_5)
FN:65,(anonymous_6)
FNF:7
FNH:0
FNDA:0,(anonymous_0)
FNDA:0,(anonymous_1)
FNDA:0,(anonymous_2)
FNDA:0,(anonymous_3)
FNDA:0,(anonymous_4)
FNDA:0,(anonymous_5)
FNDA:0,(anonymous_6)
DA:10,9
DA:12,9
DA:14,9
DA:16,9
DA:17,0
DA:20,9
DA:21,9
DA:22,9
DA:24,9
DA:25,0
DA:28,9
DA:30,9
DA:31,0
DA:32,0
DA:34,9
DA:38,9
DA:39,0
DA:40,0
DA:45,9
DA:46,0
DA:47,0
DA:48,0
DA:49,0
DA:50,0
DA:51,0
DA:52,0
DA:53,0
DA:55,0
DA:56,0
DA:60,0
DA:64,9
DA:65,9
LF:32
LH:15
BRDA:16,0,0,0
BRDA:16,0,1,9
BRDA:38,1,0,0
BRDA:38,1,1,9
BRDA:47,2,0,0
BRDA:47,2,1,0
BRF:6
BRH:2
end_of_record
TN:
SF:src\config\database.js
FN:6,(anonymous_0)
FNF:1
FNH:0
FNDA:0,(anonymous_0)
DA:4,9
DA:6,9
DA:7,0
DA:8,0
DA:10,0
DA:16,0
DA:18,0
DA:19,0
LF:8
LH:2
BRF:0
BRH:0
end_of_record
TN:
SF:src\controllers\authController.js
FN:5,(anonymous_0)
FN:11,(anonymous_1)
FN:21,(anonymous_2)
FN:26,(anonymous_3)
FN:31,register
FN:61,login
FN:90,checkEmail
FN:103,refreshToken
FN:109,(anonymous_8)
FNF:9
FNH:9
FNDA:30,(anonymous_0)
FNDA:30,(anonymous_1)
FNDA:6,(anonymous_2)
FNDA:41,(anonymous_3)
FNDA:9,register
FNDA:32,login
FNDA:6,checkEmail
FNDA:5,refreshToken
FNDA:4,(anonymous_8)
DA:5,11
DA:6,30
DA:11,11
DA:12,30
DA:21,11
DA:22,6
DA:23,6
DA:26,11
DA:27,41
DA:28,39
DA:32,9
DA:33,9
DA:35,9
DA:36,8
DA:37,2
DA:41,6
DA:42,6
DA:44,9
DA:46,6
DA:53,6
DA:54,6
DA:56,1
DA:62,32
DA:63,32
DA:64,32
DA:65,31
DA:66,1
DA:70,30
DA:71,30
DA:72,2
DA:74,28
DA:79,28
DA:84,28
DA:86,1
DA:91,6
DA:92,6
DA:96,6
DA:97,5
DA:99,1
DA:104,5
DA:105,5
DA:106,5
DA:107,1
DA:109,4
DA:110,4
DA:111,2
DA:113,2
DA:120,2
DA:126,2
DA:131,0
LF:50
LH:49
BRDA:36,0,0,2
BRDA:36,0,1,6
BRDA:42,1,0,4
BRDA:42,1,1,2
BRDA:65,2,0,1
BRDA:65,2,1,30
BRDA:71,3,0,2
BRDA:71,3,1,28
BRDA:92,4,0,6
BRDA:92,4,1,2
BRDA:106,5,0,1
BRDA:106,5,1,4
BRDA:110,6,0,2
BRDA:110,6,1,2
BRF:14
BRH:14
end_of_record
TN:
SF:src\controllers\cartController.js
FN:3,getCarts
FN:14,getCartById
FN:29,getCartByUser
FN:48,createCart
FN:62,updateCart
FN:96,deleteCart
FN:111,addProductToCart
FN:124,(anonymous_7)
FN:147,updateCartItem
FN:157,(anonymous_9)
FN:176,removeCartItem
FN:188,(anonymous_11)
FN:201,clearCartItems
FNF:13
FNH:13
FNDA:1,getCarts
FNDA:2,getCartById
FNDA:3,getCartByUser
FNDA:2,createCart
FNDA:3,updateCart
FNDA:3,deleteCart
FNDA:5,addProductToCart
FNDA:1,(anonymous_7)
FNDA:5,updateCartItem
FNDA:3,(anonymous_9)
FNDA:2,removeCartItem
FNDA:1,(anonymous_11)
FNDA:3,clearCartItems
DA:4,1
DA:5,1
DA:8,1
DA:10,0
DA:15,2
DA:16,2
DA:17,2
DA:20,2
DA:21,1
DA:23,1
DA:25,0
DA:30,3
DA:31,3
DA:32,3
DA:36,2
DA:37,1
DA:42,1
DA:44,1
DA:49,2
DA:50,2
DA:52,2
DA:53,1
DA:54,1
DA:56,1
DA:58,1
DA:63,3
DA:64,3
DA:65,3
DA:68,3
DA:69,1
DA:76,2
DA:77,2
DA:78,2
DA:80,2
DA:86,2
DA:87,1
DA:89,1
DA:92,0
DA:97,3
DA:98,3
DA:99,3
DA:101,2
DA:102,1
DA:104,1
DA:107,1
DA:112,5
DA:113,5
DA:114,5
DA:116,5
DA:117,4
DA:123,1
DA:124,1
DA:127,1
DA:128,1
DA:130,0
DA:134,5
DA:135,5
DA:136,5
DA:138,5
DA:143,0
DA:148,5
DA:149,5
DA:150,5
DA:152,4
DA:153,1
DA:156,3
DA:157,3
DA:160,3
DA:161,1
DA:164,2
DA:166,2
DA:167,2
DA:168,2
DA:170,2
DA:172,1
DA:177,2
DA:178,2
DA:179,2
DA:181,2
DA:183,2
DA:184,1
DA:187,1
DA:188,1
DA:191,1
DA:192,1
DA:193,1
DA:195,1
DA:197,0
DA:202,3
DA:203,3
DA:205,3
DA:207,3
DA:208,1
DA:210,2
DA:211,2
DA:212,2
DA:214,2
DA:216,0
LF:98
LH:91
BRDA:20,0,0,1
BRDA:20,0,1,1
BRDA:36,1,0,1
BRDA:36,1,1,1
BRDA:68,2,0,1
BRDA:68,2,1,2
BRDA:68,3,0,3
BRDA:68,3,1,3
BRDA:77,4,0,0
BRDA:77,4,1,2
BRDA:78,5,0,2
BRDA:78,5,1,0
BRDA:86,6,0,1
BRDA:86,6,1,1
BRDA:101,7,0,1
BRDA:101,7,1,1
BRDA:113,8,0,5
BRDA:116,9,0,4
BRDA:116,9,1,1
BRDA:127,10,0,1
BRDA:127,10,1,0
BRDA:152,11,0,1
BRDA:152,11,1,3
BRDA:160,12,0,1
BRDA:160,12,1,2
BRDA:183,13,0,1
BRDA:183,13,1,1
BRDA:207,14,0,1
BRDA:207,14,1,2
BRF:29
BRH:26
end_of_record
TN:
SF:src\controllers\categoryController.js
FN:3,getCategories
FN:11,getCategoryById
FN:22,createCategory
FN:37,updateCategory
FN:71,deleteCategory
FN:84,searchCategory
FNF:6
FNH:6
FNDA:3,getCategories
FNDA:3,getCategoryById
FNDA:7,createCategory
FNDA:5,updateCategory
FNDA:4,deleteCategory
FNDA:3,searchCategory
DA:4,3
DA:5,3
DA:6,2
DA:8,1
DA:12,3
DA:13,3
DA:14,3
DA:15,1
DA:17,2
DA:19,0
DA:23,7
DA:24,7
DA:25,7
DA:31,7
DA:32,6
DA:34,1
DA:38,5
DA:39,5
DA:40,5
DA:43,5
DA:49,1
DA:55,4
DA:56,4
DA:57,4
DA:58,4
DA:59,4
DA:61,4
DA:63,3
DA:64,1
DA:66,2
DA:68,1
DA:72,4
DA:73,4
DA:74,4
DA:75,3
DA:76,1
DA:78,2
DA:80,1
DA:85,3
DA:86,3
DA:88,3
DA:90,3
DA:91,2
DA:96,3
DA:97,0
DA:99,3
DA:100,3
DA:101,0
DA:102,0
DA:104,3
DA:107,3
DA:108,3
DA:114,3
DA:115,3
DA:117,3
DA:132,0
LF:56
LH:51
BRDA:14,0,0,1
BRDA:14,0,1,2
BRDA:28,1,0,7
BRDA:28,1,1,7
BRDA:29,2,0,7
BRDA:29,2,1,7
BRDA:43,3,0,1
BRDA:43,3,1,4
BRDA:44,4,0,5
BRDA:44,4,1,1
BRDA:44,4,2,1
BRDA:44,4,3,1
BRDA:56,5,0,4
BRDA:56,5,1,0
BRDA:57,6,0,0
BRDA:57,6,1,4
BRDA:58,7,0,0
BRDA:58,7,1,4
BRDA:59,8,0,0
BRDA:59,8,1,4
BRDA:63,9,0,1
BRDA:63,9,1,2
BRDA:75,10,0,1
BRDA:75,10,1,2
BRDA:86,11,0,3
BRDA:86,12,0,3
BRDA:90,13,0,2
BRDA:90,13,1,1
BRDA:96,14,0,0
BRDA:96,14,1,3
BRDA:100,15,0,0
BRDA:100,15,1,3
BRDA:101,16,0,0
BRDA:101,16,1,0
BRDA:126,17,0,3
BRDA:126,17,1,1
BRDA:127,18,0,3
BRDA:127,18,1,3
BRDA:128,19,0,3
BRDA:128,19,1,3
BRDA:129,20,0,3
BRDA:129,20,1,3
BRF:42
BRH:34
end_of_record
TN:
SF:src\controllers\notificationController.js
FN:3,getNotifications
FN:12,getNotificationById
FN:25,getNotificationByUser
FN:40,createNotification
FN:57,updateNotification
FN:88,deleteNotification
FN:103,markAsRead
FN:122,markAllAsReadByUser
FN:136,getUnreadNotificationsByUser
FNF:9
FNH:0
FNDA:0,getNotifications
FNDA:0,getNotificationById
FNDA:0,getNotificationByUser
FNDA:0,createNotification
FNDA:0,updateNotification
FNDA:0,deleteNotification
FNDA:0,markAsRead
FNDA:0,markAllAsReadByUser
FNDA:0,getUnreadNotificationsByUser
DA:4,0
DA:5,0
DA:6,0
DA:8,0
DA:13,0
DA:14,0
DA:15,0
DA:16,0
DA:17,0
DA:19,0
DA:21,0
DA:26,0
DA:27,0
DA:28,0
DA:31,0
DA:32,0
DA:34,0
DA:36,0
DA:41,0
DA:42,0
DA:44,0
DA:50,0
DA:51,0
DA:53,0
DA:58,0
DA:59,0
DA:60,0
DA:63,0
DA:64,0
DA:70,0
DA:71,0
DA:72,0
DA:74,0
DA:78,0
DA:79,0
DA:81,0
DA:84,0
DA:89,0
DA:90,0
DA:91,0
DA:93,0
DA:94,0
DA:96,0
DA:99,0
DA:104,0
DA:105,0
DA:106,0
DA:112,0
DA:113,0
DA:115,0
DA:118,0
DA:123,0
DA:124,0
DA:125,0
DA:127,0
DA:132,0
DA:137,0
DA:138,0
DA:139,0
DA:146,0
DA:151,0
LF:61
LH:0
BRDA:16,0,0,0
BRDA:16,0,1,0
BRDA:31,1,0,0
BRDA:31,1,1,0
BRDA:63,2,0,0
BRDA:63,2,1,0
BRDA:63,3,0,0
BRDA:63,3,1,0
BRDA:71,4,0,0
BRDA:71,4,1,0
BRDA:72,5,0,0
BRDA:72,5,1,0
BRDA:78,6,0,0
BRDA:78,6,1,0
BRDA:93,7,0,0
BRDA:93,7,1,0
BRDA:112,8,0,0
BRDA:112,8,1,0
BRF:18
BRH:0
end_of_record
TN:
SF:src\controllers\orderController.js
FN:4,getOrders
FN:18,getOrderById
FN:35,getOrdersByUser
FN:51,createOrder
FN:57,(anonymous_4)
FN:76,(anonymous_5)
FN:80,(anonymous_6)
FN:92,(anonymous_7)
FN:103,(anonymous_8)
FN:106,(anonymous_9)
FN:109,(anonymous_10)
FN:122,(anonymous_11)
FN:130,(anonymous_12)
FN:157,updateOrder
FN:184,(anonymous_14)
FN:209,cancelOrder
FN:227,(anonymous_16)
FN:237,(anonymous_17)
FN:265,updateOrderStatus
FN:286,updatePaymentStatus
FN:307,deleteOrder
FNF:21
FNH:18
FNDA:1,getOrders
FNDA:2,getOrderById
FNDA:2,getOrdersByUser
FNDA:8,createOrder
FNDA:8,(anonymous_4)
FNDA:8,(anonymous_5)
FNDA:2,(anonymous_6)
FNDA:6,(anonymous_7)
FNDA:6,(anonymous_8)
FNDA:0,(anonymous_9)
FNDA:0,(anonymous_10)
FNDA:6,(anonymous_11)
FNDA:6,(anonymous_12)
FNDA:3,updateOrder
FNDA:0,(anonymous_14)
FNDA:4,cancelOrder
FNDA:2,(anonymous_16)
FNDA:2,(anonymous_17)
FNDA:3,updateOrderStatus
FNDA:2,updatePaymentStatus
FNDA:3,deleteOrder
DA:5,1
DA:6,1
DA:12,1
DA:14,0
DA:19,2
DA:20,2
DA:21,2
DA:26,2
DA:27,1
DA:29,1
DA:31,0
DA:36,2
DA:37,2
DA:38,2
DA:45,2
DA:47,0
DA:52,8
DA:53,8
DA:56,8
DA:58,8
DA:59,8
DA:60,0
DA:62,8
DA:63,2
DA:71,6
DA:76,8
DA:77,8
DA:78,2
DA:80,2
DA:91,6
DA:93,6
DA:94,6
DA:103,6
DA:105,0
DA:107,0
DA:108,0
DA:109,0
DA:111,0
DA:117,0
DA:122,6
DA:129,6
DA:130,6
DA:133,6
DA:135,6
DA:146,6
DA:147,6
DA:148,6
DA:149,6
DA:151,6
DA:153,0
DA:158,3
DA:159,3
DA:160,3
DA:163,3
DA:164,3
DA:166,3
DA:167,9
DA:168,2
DA:173,3
DA:174,1
DA:180,2
DA:181,0
DA:182,0
DA:183,0
DA:184,0
DA:187,0
DA:191,2
DA:199,2
DA:200,1
DA:202,1
DA:205,0
DA:210,4
DA:211,4
DA:213,4
DA:214,4
DA:215,1
DA:219,3
DA:220,1
DA:226,2
DA:228,2
DA:237,2
DA:238,0
DA:243,2
DA:256,2
DA:261,0
DA:266,3
DA:267,3
DA:268,3
DA:270,3
DA:276,3
DA:277,2
DA:279,1
DA:282,0
DA:287,2
DA:288,2
DA:289,2
DA:291,2
DA:297,2
DA:298,1
DA:300,1
DA:303,0
DA:308,3
DA:309,3
DA:311,3
DA:312,3
DA:313,1
DA:317,2
DA:318,1
DA:323,1
DA:324,1
DA:326,0
LF:111
LH:89
BRDA:26,0,0,1
BRDA:26,0,1,1
BRDA:53,1,0,8
BRDA:59,2,0,0
BRDA:59,2,1,8
BRDA:62,3,0,2
BRDA:62,3,1,6
BRDA:77,4,0,2
BRDA:77,4,1,6
BRDA:103,5,0,0
BRDA:103,5,1,6
BRDA:107,6,0,0
BRDA:107,6,1,0
BRDA:167,7,0,2
BRDA:167,7,1,7
BRDA:173,8,0,1
BRDA:173,8,1,2
BRDA:180,9,0,0
BRDA:180,9,1,2
BRDA:182,10,0,0
BRDA:182,10,1,0
BRDA:199,11,0,1
BRDA:199,11,1,1
BRDA:214,12,0,1
BRDA:214,12,1,3
BRDA:219,13,0,1
BRDA:219,13,1,2
BRDA:219,14,0,3
BRDA:219,14,1,3
BRDA:237,15,0,0
BRDA:237,15,1,2
BRDA:247,16,0,0
BRDA:247,16,1,2
BRDA:276,17,0,2
BRDA:276,17,1,1
BRDA:297,18,0,1
BRDA:297,18,1,1
BRDA:312,19,0,1
BRDA:312,19,1,2
BRDA:317,20,0,1
BRDA:317,20,1,1
BRF:41
BRH:32
end_of_record
TN:
SF:src\controllers\paymentMethodController.js
FN:3,(anonymous_0)
FN:16,getPaymentMethods
FN:27,getPaymentMethodById
FN:42,getPaymentMethodsByUser
FN:56,createPaymentMethod
FN:122,updatePaymentMethod
FN:194,setDefaultPaymentMethod
FN:228,deactivatePaymentMethod
FN:251,deletePaymentMethod
FN:270,getDefaultPaymentMethod
FNF:10
FNH:6
FNDA:3,(anonymous_0)
FNDA:0,getPaymentMethods
FNDA:0,getPaymentMethodById
FNDA:3,getPaymentMethodsByUser
FNDA:9,createPaymentMethod
FNDA:0,updatePaymentMethod
FNDA:4,setDefaultPaymentMethod
FNDA:0,deactivatePaymentMethod
FNDA:3,deletePaymentMethod
FNDA:3,getDefaultPaymentMethod
DA:3,11
DA:5,3
DA:8,3
DA:9,3
DA:10,0
DA:11,0
DA:12,0
DA:17,0
DA:18,0
DA:21,0
DA:23,0
DA:28,0
DA:29,0
DA:30,0
DA:31,0
DA:32,0
DA:35,0
DA:36,0
DA:38,0
DA:43,3
DA:44,3
DA:45,3
DA:50,2
DA:52,1
DA:57,9
DA:67,9
DA:69,9
DA:70,9
DA:71,1
DA:74,8
DA:75,2
DA:76,1
DA:80,1
DA:81,0
DA:83,6
DA:84,4
DA:85,1
DA:87,2
DA:88,2
DA:89,1
DA:95,5
DA:98,5
DA:99,2
DA:102,5
DA:115,4
DA:116,4
DA:118,1
DA:123,0
DA:124,0
DA:125,0
DA:127,0
DA:128,0
DA:129,0
DA:132,0
DA:135,0
DA:144,0
DA:146,0
DA:147,0
DA:148,0
DA:153,0
DA:154,0
DA:160,0
DA:161,0
DA:165,0
DA:167,0
DA:168,0
DA:172,0
DA:177,0
DA:178,0
DA:184,0
DA:188,0
DA:190,0
DA:195,4
DA:196,4
DA:198,4
DA:199,3
DA:200,1
DA:203,2
DA:205,2
DA:206,1
DA:210,1
DA:216,1
DA:222,1
DA:224,1
DA:229,0
DA:230,0
DA:232,0
DA:233,0
DA:234,0
DA:237,0
DA:239,0
DA:245,0
DA:247,0
DA:252,3
DA:253,3
DA:255,3
DA:256,2
DA:257,1
DA:260,1
DA:262,1
DA:264,1
DA:266,1
DA:271,3
DA:272,3
DA:273,3
DA:279,2
DA:281,1
LF:107
LH:57
BRDA:5,0,0,2
BRDA:5,0,1,1
BRDA:5,1,0,3
BRDA:5,1,1,2
BRDA:9,2,0,0
BRDA:9,2,1,3
BRDA:9,3,0,3
BRDA:9,3,1,0
BRDA:31,4,0,0
BRDA:31,4,1,0
BRDA:66,5,0,9
BRDA:70,6,0,1
BRDA:70,6,1,8
BRDA:74,7,0,2
BRDA:74,7,1,6
BRDA:74,8,0,8
BRDA:74,8,1,6
BRDA:75,9,0,1
BRDA:75,9,1,1
BRDA:75,10,0,2
BRDA:75,10,1,1
BRDA:75,10,2,1
BRDA:80,11,0,0
BRDA:80,11,1,1
BRDA:83,12,0,4
BRDA:83,12,1,2
BRDA:84,13,0,1
BRDA:84,13,1,3
BRDA:87,14,0,2
BRDA:87,14,1,0
BRDA:88,15,0,1
BRDA:88,15,1,1
BRDA:88,16,0,2
BRDA:88,16,1,1
BRDA:98,17,0,2
BRDA:98,17,1,3
BRDA:105,18,0,1
BRDA:105,18,1,4
BRDA:105,19,0,5
BRDA:105,19,1,4
BRDA:106,20,0,1
BRDA:106,20,1,4
BRDA:106,21,0,9
BRDA:106,21,1,4
BRDA:107,22,0,1
BRDA:107,22,1,4
BRDA:107,23,0,9
BRDA:107,23,1,4
BRDA:108,24,0,3
BRDA:108,24,1,2
BRDA:109,25,0,1
BRDA:109,25,1,4
BRDA:110,26,0,1
BRDA:110,26,1,4
BRDA:128,27,0,0
BRDA:128,27,1,0
BRDA:147,28,0,0
BRDA:147,28,1,0
BRDA:153,29,0,0
BRDA:153,29,1,0
BRDA:160,30,0,0
BRDA:160,30,1,0
BRDA:160,31,0,0
BRDA:160,31,1,0
BRDA:161,32,0,0
BRDA:161,32,1,0
BRDA:162,33,0,0
BRDA:162,33,1,0
BRDA:167,34,0,0
BRDA:167,34,1,0
BRDA:168,35,0,0
BRDA:168,35,1,0
BRDA:169,36,0,0
BRDA:169,36,1,0
BRDA:177,37,0,0
BRDA:177,37,1,0
BRDA:199,38,0,1
BRDA:199,38,1,2
BRDA:205,39,0,1
BRDA:205,39,1,1
BRDA:233,40,0,0
BRDA:233,40,1,0
BRDA:256,41,0,1
BRDA:256,41,1,1
BRDA:279,42,0,2
BRDA:279,42,1,1
BRF:86
BRH:56
end_of_record
TN:
SF:src\controllers\productController.js
FN:6,getProducts
FN:37,getProductById
FN:50,getProductByCategory
FN:66,createProduct
FN:83,updateProduct
FN:108,deleteProduct
FN:122,searchProducts
FNF:7
FNH:7
FNDA:3,getProducts
FNDA:3,getProductById
FNDA:2,getProductByCategory
FNDA:5,createProduct
FNDA:4,updateProduct
FNDA:3,deleteProduct
FNDA:8,searchProducts
DA:7,3
DA:10,3
DA:11,3
DA:12,3
DA:14,3
DA:20,2
DA:21,2
DA:23,2
DA:34,1
DA:38,3
DA:39,3
DA:40,3
DA:41,2
DA:42,1
DA:44,1
DA:46,1
DA:51,2
DA:52,2
DA:53,2
DA:57,2
DA:58,1
DA:60,1
DA:62,0
DA:67,5
DA:68,5
DA:70,5
DA:71,4
DA:72,4
DA:73,4
DA:74,3
DA:75,2
DA:77,2
DA:78,1
DA:80,1
DA:84,4
DA:85,4
DA:86,4
DA:88,4
DA:89,3
DA:90,3
DA:91,3
DA:92,3
DA:93,3
DA:95,3
DA:100,2
DA:101,1
DA:103,1
DA:105,1
DA:109,3
DA:110,3
DA:111,3
DA:112,2
DA:113,1
DA:115,1
DA:117,1
DA:123,8
DA:134,8
DA:135,8
DA:137,8
DA:139,8
DA:140,1
DA:146,8
DA:147,1
DA:151,8
DA:152,1
DA:153,1
DA:154,1
DA:156,8
DA:157,8
DA:158,1
DA:160,7
DA:163,8
DA:164,8
DA:165,1
DA:166,1
DA:168,7
DA:171,8
DA:173,8
DA:179,7
DA:180,7
DA:182,7
DA:204,1
LF:82
LH:81
BRDA:10,0,0,3
BRDA:10,0,1,1
BRDA:11,1,0,3
BRDA:11,1,1,1
BRDA:41,2,0,1
BRDA:41,2,1,1
BRDA:57,3,0,1
BRDA:57,3,1,1
BRDA:70,4,0,1
BRDA:70,4,1,4
BRDA:71,5,0,0
BRDA:71,5,1,4
BRDA:72,6,0,0
BRDA:72,6,1,4
BRDA:73,7,0,1
BRDA:73,7,1,3
BRDA:74,8,0,1
BRDA:74,8,1,2
BRDA:75,9,0,0
BRDA:75,9,1,2
BRDA:88,10,0,1
BRDA:88,10,1,3
BRDA:89,11,0,0
BRDA:89,11,1,3
BRDA:90,12,0,0
BRDA:90,12,1,3
BRDA:91,13,0,0
BRDA:91,13,1,3
BRDA:92,14,0,0
BRDA:92,14,1,3
BRDA:93,15,0,0
BRDA:93,15,1,3
BRDA:100,16,0,1
BRDA:100,16,1,1
BRDA:112,17,0,1
BRDA:112,17,1,1
BRDA:132,18,0,8
BRDA:133,19,0,8
BRDA:139,20,0,1
BRDA:139,20,1,7
BRDA:146,21,0,1
BRDA:146,21,1,7
BRDA:151,22,0,1
BRDA:151,22,1,7
BRDA:151,23,0,8
BRDA:151,23,1,7
BRDA:153,24,0,1
BRDA:153,24,1,0
BRDA:154,25,0,1
BRDA:154,25,1,0
BRDA:157,26,0,1
BRDA:157,26,1,7
BRDA:164,27,0,1
BRDA:164,27,1,7
BRDA:165,28,0,1
BRDA:165,28,1,0
BRDA:192,29,0,7
BRDA:192,29,1,6
BRDA:193,30,0,8
BRDA:193,30,1,6
BRDA:195,31,0,1
BRDA:195,31,1,6
BRDA:196,32,0,1
BRDA:196,32,1,6
BRDA:199,33,0,8
BRDA:199,33,1,6
BRDA:200,34,0,8
BRDA:200,34,1,6
BRF:68
BRH:57
end_of_record
TN:
SF:src\controllers\reviewController.js
FN:5,(anonymous_0)
FN:44,(anonymous_1)
FN:63,(anonymous_2)
FN:82,(anonymous_3)
FN:122,(anonymous_4)
FNF:5
FNH:5
FNDA:8,(anonymous_0)
FNDA:3,(anonymous_1)
FNDA:2,(anonymous_2)
FNDA:5,(anonymous_3)
FNDA:4,(anonymous_4)
DA:5,11
DA:6,8
DA:7,8
DA:8,8
DA:11,8
DA:12,7
DA:13,1
DA:17,6
DA:18,6
DA:19,1
DA:22,5
DA:29,5
DA:32,5
DA:34,5
DA:39,1
DA:44,11
DA:45,3
DA:46,3
DA:48,3
DA:52,2
DA:58,1
DA:63,11
DA:64,2
DA:65,2
DA:67,2
DA:71,1
DA:77,1
DA:82,11
DA:83,5
DA:84,5
DA:85,5
DA:86,5
DA:89,5
DA:90,1
DA:95,4
DA:96,3
DA:97,1
DA:101,2
DA:102,1
DA:106,1
DA:107,1
DA:109,1
DA:110,1
DA:112,1
DA:117,1
DA:122,11
DA:123,4
DA:124,4
DA:125,4
DA:127,4
DA:128,3
DA:129,1
DA:133,2
DA:134,1
DA:137,1
DA:139,1
DA:143,1
LF:57
LH:57
BRDA:12,0,0,1
BRDA:12,0,1,6
BRDA:18,1,0,1
BRDA:18,1,1,5
BRDA:89,2,0,1
BRDA:89,2,1,4
BRDA:89,3,0,5
BRDA:89,3,1,1
BRDA:96,4,0,1
BRDA:96,4,1,2
BRDA:101,5,0,1
BRDA:101,5,1,1
BRDA:106,6,0,1
BRDA:106,6,1,0
BRDA:107,7,0,1
BRDA:107,7,1,0
BRDA:128,8,0,1
BRDA:128,8,1,2
BRDA:133,9,0,1
BRDA:133,9,1,1
BRF:20
BRH:18
end_of_record
TN:
SF:src\controllers\shippingAddressController.js
FN:4,(anonymous_0)
FN:40,(anonymous_1)
FN:57,(anonymous_2)
FN:78,(anonymous_3)
FN:98,(anonymous_4)
FN:162,(anonymous_5)
FN:193,(anonymous_6)
FNF:7
FNH:7
FNDA:9,(anonymous_0)
FNDA:3,(anonymous_1)
FNDA:2,(anonymous_2)
FNDA:3,(anonymous_3)
FNDA:5,(anonymous_4)
FNDA:4,(anonymous_5)
FNDA:4,(anonymous_6)
DA:4,11
DA:5,9
DA:7,9
DA:8,9
DA:11,9
DA:12,3
DA:15,8
DA:28,9
DA:30,7
DA:35,2
DA:40,11
DA:41,3
DA:42,3
DA:44,3
DA:46,2
DA:52,1
DA:57,11
DA:58,2
DA:59,2
DA:60,2
DA:62,2
DA:64,1
DA:65,1
DA:68,0
DA:73,1
DA:78,11
DA:79,3
DA:80,3
DA:82,3
DA:84,2
DA:85,1
DA:88,1
DA:93,1
DA:98,11
DA:99,5
DA:100,5
DA:102,5
DA:103,5
DA:106,5
DA:117,1
DA:122,4
DA:127,4
DA:128,1
DA:132,3
DA:133,1
DA:140,3
DA:141,3
DA:142,3
DA:143,3
DA:144,3
DA:145,3
DA:146,3
DA:147,3
DA:148,3
DA:150,3
DA:152,2
DA:157,1
DA:162,11
DA:163,4
DA:164,4
DA:165,4
DA:167,4
DA:172,3
DA:173,1
DA:177,2
DA:180,2
DA:181,2
DA:183,2
DA:188,1
DA:193,11
DA:194,4
DA:195,4
DA:196,4
DA:198,4
DA:203,3
DA:204,1
DA:207,2
DA:209,2
DA:213,1
LF:79
LH:78
BRDA:11,0,0,3
BRDA:11,0,1,6
BRDA:22,1,0,8
BRDA:22,1,1,3
BRDA:24,2,0,9
BRDA:24,2,1,6
BRDA:25,3,0,9
BRDA:25,3,1,3
BRDA:64,4,0,1
BRDA:64,4,1,0
BRDA:84,5,0,1
BRDA:84,5,1,1
BRDA:106,6,0,1
BRDA:106,6,1,4
BRDA:107,7,0,5
BRDA:107,7,1,2
BRDA:107,7,2,2
BRDA:107,7,3,1
BRDA:107,7,4,1
BRDA:107,7,5,1
BRDA:107,7,6,1
BRDA:107,7,7,1
BRDA:107,7,8,1
BRDA:127,8,0,1
BRDA:127,8,1,3
BRDA:132,9,0,1
BRDA:132,9,1,2
BRDA:132,10,0,3
BRDA:132,10,1,1
BRDA:140,11,0,2
BRDA:140,11,1,1
BRDA:141,12,0,0
BRDA:141,12,1,3
BRDA:142,13,0,1
BRDA:142,13,1,2
BRDA:143,14,0,0
BRDA:143,14,1,3
BRDA:144,15,0,0
BRDA:144,15,1,3
BRDA:145,16,0,0
BRDA:145,16,1,3
BRDA:146,17,0,0
BRDA:146,17,1,3
BRDA:147,18,0,1
BRDA:147,18,1,2
BRDA:148,19,0,1
BRDA:148,19,1,2
BRDA:172,20,0,1
BRDA:172,20,1,2
BRDA:203,21,0,1
BRDA:203,21,1,2
BRF:51
BRH:45
end_of_record
TN:
SF:src\controllers\userController.js
FN:5,(anonymous_0)
FN:25,(anonymous_1)
FN:61,(anonymous_2)
FN:81,(anonymous_3)
FN:127,(anonymous_4)
FN:159,(anonymous_5)
FN:213,(anonymous_6)
FN:234,(anonymous_7)
FN:258,(anonymous_8)
FN:279,(anonymous_9)
FN:362,(anonymous_10)
FNF:11
FNH:11
FNDA:4,(anonymous_0)
FNDA:5,(anonymous_1)
FNDA:2,(anonymous_2)
FNDA:4,(anonymous_3)
FNDA:4,(anonymous_4)
FNDA:2,(anonymous_5)
FNDA:2,(anonymous_6)
FNDA:2,(anonymous_7)
FNDA:2,(anonymous_8)
FNDA:2,(anonymous_9)
FNDA:2,(anonymous_10)
DA:5,11
DA:6,4
DA:7,4
DA:9,4
DA:11,3
DA:12,1
DA:15,2
DA:20,1
DA:25,11
DA:26,5
DA:27,5
DA:30,5
DA:31,5
DA:32,5
DA:34,5
DA:35,5
DA:37,5
DA:43,4
DA:45,4
DA:56,1
DA:61,11
DA:62,2
DA:63,2
DA:65,2
DA:67,2
DA:68,1
DA:71,1
DA:76,0
DA:81,11
DA:82,4
DA:83,4
DA:84,4
DA:87,4
DA:88,0
DA:94,4
DA:95,4
DA:96,1
DA:99,3
DA:100,1
DA:101,1
DA:102,1
DA:107,2
DA:108,2
DA:109,2
DA:110,2
DA:112,2
DA:115,2
DA:117,2
DA:122,0
DA:127,11
DA:128,4
DA:129,4
DA:130,4
DA:132,4
DA:133,3
DA:134,1
DA:138,2
DA:139,2
DA:140,1
DA:144,1
DA:145,1
DA:147,1
DA:148,1
DA:150,1
DA:154,1
DA:159,11
DA:160,2
DA:161,2
DA:162,2
DA:165,2
DA:173,0
DA:178,2
DA:179,2
DA:180,1
DA:184,1
DA:185,0
DA:186,0
DA:187,0
DA:192,1
DA:193,1
DA:194,1
DA:195,1
DA:196,1
DA:197,1
DA:199,1
DA:201,1
DA:203,1
DA:208,0
DA:213,11
DA:214,2
DA:215,2
DA:217,2
DA:218,2
DA:219,1
DA:222,1
DA:223,1
DA:225,1
DA:229,0
DA:234,11
DA:235,2
DA:236,2
DA:238,2
DA:239,2
DA:240,0
DA:243,2
DA:244,2
DA:246,2
DA:248,2
DA:253,0
DA:258,11
DA:259,2
DA:260,2
DA:262,2
DA:263,2
DA:264,1
DA:268,1
DA:269,1
DA:271,1
DA:275,0
DA:279,11
DA:280,2
DA:292,2
DA:294,2
DA:296,2
DA:297,0
DA:299,2
DA:300,1
DA:308,2
DA:309,1
DA:311,2
DA:312,0
DA:313,2
DA:314,0
DA:317,2
DA:319,2
DA:320,0
DA:321,0
DA:323,2
DA:326,2
DA:327,2
DA:328,2
DA:330,2
DA:336,2
DA:337,2
DA:339,2
DA:358,0
DA:362,11
DA:363,2
DA:364,2
DA:365,2
DA:366,2
DA:367,2
DA:376,2
DA:377,1
DA:378,1
DA:380,1
LF:156
LH:138
BRDA:11,0,0,1
BRDA:11,0,1,2
BRDA:27,1,0,5
BRDA:27,2,0,5
BRDA:31,3,0,1
BRDA:31,3,1,4
BRDA:32,4,0,1
BRDA:32,4,1,4
BRDA:34,5,0,5
BRDA:34,5,1,0
BRDA:35,6,0,5
BRDA:35,6,1,0
BRDA:50,7,0,4
BRDA:50,7,1,2
BRDA:67,8,0,1
BRDA:67,8,1,1
BRDA:87,9,0,0
BRDA:87,9,1,4
BRDA:87,10,0,4
BRDA:87,10,1,1
BRDA:87,10,2,0
BRDA:87,10,3,0
BRDA:95,11,0,1
BRDA:95,11,1,3
BRDA:99,12,0,1
BRDA:99,12,1,2
BRDA:99,13,0,3
BRDA:99,13,1,1
BRDA:101,14,0,1
BRDA:101,14,1,0
BRDA:107,15,0,2
BRDA:107,15,1,0
BRDA:108,16,0,0
BRDA:108,16,1,2
BRDA:109,17,0,1
BRDA:109,17,1,1
BRDA:110,18,0,0
BRDA:110,18,1,2
BRDA:133,19,0,1
BRDA:133,19,1,2
BRDA:139,20,0,1
BRDA:139,20,1,1
BRDA:165,21,0,0
BRDA:165,21,1,2
BRDA:166,22,0,2
BRDA:166,22,1,0
BRDA:166,22,2,0
BRDA:166,22,3,0
BRDA:166,22,4,0
BRDA:166,22,5,0
BRDA:179,23,0,1
BRDA:179,23,1,1
BRDA:184,24,0,0
BRDA:184,24,1,1
BRDA:184,25,0,1
BRDA:184,25,1,0
BRDA:186,26,0,0
BRDA:186,26,1,0
BRDA:192,27,0,1
BRDA:192,27,1,0
BRDA:193,28,0,0
BRDA:193,28,1,1
BRDA:194,29,0,0
BRDA:194,29,1,1
BRDA:195,30,0,0
BRDA:195,30,1,1
BRDA:196,31,0,1
BRDA:196,31,1,0
BRDA:197,32,0,1
BRDA:197,32,1,0
BRDA:218,33,0,1
BRDA:218,33,1,1
BRDA:239,34,0,0
BRDA:239,34,1,2
BRDA:249,35,0,1
BRDA:249,35,1,1
BRDA:263,36,0,1
BRDA:263,36,1,1
BRDA:290,37,0,2
BRDA:291,38,0,2
BRDA:296,39,0,0
BRDA:296,39,1,2
BRDA:299,40,0,1
BRDA:299,40,1,1
BRDA:308,41,0,1
BRDA:308,41,1,1
BRDA:311,42,0,0
BRDA:311,42,1,2
BRDA:313,43,0,0
BRDA:313,43,1,2
BRDA:319,44,0,0
BRDA:319,44,1,2
BRDA:320,45,0,0
BRDA:320,45,1,0
BRDA:326,46,0,2
BRDA:326,46,1,0
BRDA:327,47,0,2
BRDA:327,47,1,0
BRDA:337,48,0,2
BRDA:337,48,1,1
BRDA:351,49,0,2
BRDA:351,49,1,1
BRDA:352,50,0,2
BRDA:352,50,1,1
BRDA:353,51,0,0
BRDA:353,51,1,2
BRDA:353,52,0,0
BRDA:353,52,1,2
BRDA:354,53,0,2
BRDA:354,53,1,2
BRF:110
BRH:74
end_of_record
TN:
SF:src\controllers\wishListController.js
FN:5,(anonymous_0)
FN:33,(anonymous_1)
FN:53,(anonymous_2)
FN:72,(anonymous_3)
FN:98,(anonymous_4)
FN:132,(anonymous_5)
FN:143,(anonymous_6)
FN:155,(anonymous_7)
FNF:8
FNH:7
FNDA:3,(anonymous_0)
FNDA:7,(anonymous_1)
FNDA:4,(anonymous_2)
FNDA:3,(anonymous_3)
FNDA:3,(anonymous_4)
FNDA:4,(anonymous_5)
FNDA:2,(anonymous_6)
FNDA:0,(anonymous_7)
DA:5,11
DA:6,3
DA:7,3
DA:9,3
DA:13,2
DA:15,2
DA:22,0
DA:28,1
DA:33,11
DA:34,7
DA:35,7
DA:36,7
DA:39,7
DA:40,6
DA:41,1
DA:45,5
DA:52,4
DA:53,4
DA:56,4
DA:58,0
DA:61,4
DA:67,2
DA:72,11
DA:73,3
DA:74,3
DA:75,3
DA:77,3
DA:83,2
DA:84,1
DA:87,1
DA:93,1
DA:98,11
DA:99,3
DA:100,3
DA:102,3
DA:108,2
DA:110,1
DA:114,1
DA:121,1
DA:127,1
DA:132,11
DA:133,4
DA:134,4
DA:135,4
DA:137,4
DA:139,3
DA:140,1
DA:143,2
DA:145,2
DA:150,1
DA:155,11
DA:156,0
DA:157,0
DA:158,0
DA:161,0
DA:167,0
DA:170,0
DA:175,0
LF:58
LH:49
BRDA:13,0,0,2
BRDA:13,0,1,0
BRDA:24,1,0,0
BRDA:24,1,1,0
BRDA:40,2,0,1
BRDA:40,2,1,5
BRDA:53,3,0,4
BRDA:53,3,1,4
BRDA:56,4,0,0
BRDA:56,4,1,4
BRDA:83,5,0,1
BRDA:83,5,1,1
BRDA:108,6,0,1
BRDA:108,6,1,1
BRDA:139,7,0,1
BRDA:139,7,1,2
BRDA:139,8,0,3
BRDA:139,8,1,2
BRDA:139,8,2,2
BRDA:146,9,0,2
BRDA:146,9,1,0
BRDA:167,10,0,0
BRDA:167,10,1,0
BRF:23
BRH:16
end_of_record
TN:
SF:src\middlewares\authMiddleware.js
FN:3,(anonymous_0)
FN:10,(anonymous_1)
FNF:2
FNH:2
FNDA:66,(anonymous_0)
FNDA:64,(anonymous_1)
DA:3,10
DA:4,66
DA:6,66
DA:7,2
DA:10,64
DA:11,64
DA:12,3
DA:14,61
DA:15,61
LF:9
LH:9
BRDA:6,0,0,2
BRDA:6,0,1,64
BRDA:11,1,0,3
BRDA:11,1,1,61
BRF:4
BRH:4
end_of_record
TN:
SF:src\middlewares\errorHandler.js
FN:8,(anonymous_0)
FN:19,(anonymous_1)
FNF:2
FNH:2
FNDA:5,(anonymous_0)
FNDA:5,(anonymous_1)
DA:5,11
DA:6,11
DA:8,11
DA:9,5
DA:10,5
DA:11,5
DA:14,5
DA:15,5
DA:16,0
DA:19,5
DA:20,5
DA:21,0
DA:25,5
DA:26,1
DA:29,4
DA:30,5
DA:31,5
DA:36,5
DA:37,1
DA:40,4
LF:20
LH:18
BRDA:15,0,0,0
BRDA:15,0,1,5
BRDA:20,1,0,0
BRDA:20,1,1,5
BRDA:25,2,0,1
BRDA:25,2,1,4
BRDA:29,3,0,4
BRDA:29,3,1,2
BRDA:29,3,2,1
BRDA:33,4,0,1
BRDA:33,4,1,3
BRDA:33,5,0,3
BRDA:33,5,1,0
BRDA:36,6,0,1
BRDA:36,6,1,4
BRDA:36,7,0,5
BRDA:36,7,1,1
BRF:17
BRH:14
end_of_record
TN:
SF:src\middlewares\globalErrorHandler.js
FN:8,(anonymous_0)
FN:18,(anonymous_1)
FN:27,(anonymous_2)
FNF:3
FNH:1
FNDA:9,(anonymous_0)
FNDA:0,(anonymous_1)
FNDA:0,(anonymous_2)
DA:5,9
DA:6,9
DA:8,9
DA:9,9
DA:12,9
DA:13,9
DA:14,0
DA:18,9
DA:19,0
DA:20,0
DA:22,0
DA:23,0
DA:27,9
DA:28,0
DA:29,0
DA:31,0
DA:32,0
LF:17
LH:8
BRDA:13,0,0,0
BRDA:13,0,1,9
BRF:2
BRH:1
end_of_record
TN:
SF:src\middlewares\isAdminMiddleware.js
FN:1,(anonymous_0)
FNF:1
FNH:1
FNDA:16,(anonymous_0)
DA:1,10
DA:2,16
DA:3,1
DA:6,15
DA:7,4
DA:10,11
LF:6
LH:6
BRDA:2,0,0,1
BRDA:2,0,1,15
BRDA:6,1,0,4
BRDA:6,1,1,11
BRF:4
BRH:4
end_of_record
TN:
SF:src\middlewares\logger.js
FN:3,(anonymous_0)
FN:15,(anonymous_1)
FNF:2
FNH:2
FNDA:87,(anonymous_0)
FNDA:99,(anonymous_1)
DA:1,9
DA:3,9
DA:4,87
DA:5,87
DA:6,235
DA:7,37
DA:8,198
DA:9,12
DA:12,87
DA:15,9
DA:16,99
DA:17,99
DA:20,99
DA:21,75
DA:25,99
LF:15
LH:15
BRDA:6,0,0,37
BRDA:6,0,1,198
BRDA:8,1,0,12
BRDA:8,1,1,186
BRDA:8,2,0,198
BRDA:8,2,1,12
BRDA:20,3,0,75
BRDA:20,3,1,24
BRDA:20,4,0,99
BRDA:20,4,1,76
BRF:10
BRH:10
end_of_record
TN:
SF:src\middlewares\rateLimiter.js
FN:12,(anonymous_0)
FN:24,(anonymous_1)
FN:36,(anonymous_2)
FNF:3
FNH:3
FNDA:36,(anonymous_0)
FNDA:1,(anonymous_1)
FNDA:1,(anonymous_2)
DA:4,10
DA:12,36
DA:16,10
DA:24,1
DA:28,10
DA:36,1
LF:6
LH:6
BRF:0
BRH:0
end_of_record
TN:
SF:src\middlewares\validation.js
FN:3,(anonymous_0)
FNF:1
FNH:1
FNDA:87,(anonymous_0)
DA:3,10
DA:4,87
DA:5,87
DA:6,1
DA:8,86
LF:5
LH:5
BRDA:5,0,0,1
BRDA:5,0,1,86
BRF:2
BRH:2
end_of_record
TN:
SF:src\middlewares\validators.js
FN:3,(anonymous_0)
FN:13,(anonymous_1)
FN:22,(anonymous_2)
FN:34,(anonymous_3)
FN:42,(anonymous_4)
FN:47,(anonymous_5)
FN:55,(anonymous_6)
FN:58,(anonymous_7)
FN:64,(anonymous_8)
FN:72,(anonymous_9)
FN:76,(anonymous_10)
FN:83,(anonymous_11)
FN:90,(anonymous_12)
FN:94,(anonymous_13)
FN:103,(anonymous_14)
FN:112,(anonymous_15)
FN:122,(anonymous_16)
FN:130,(anonymous_17)
FN:139,(anonymous_18)
FN:150,(anonymous_19)
FN:157,(anonymous_20)
FN:164,(anonymous_21)
FN:171,(anonymous_22)
FN:179,(anonymous_23)
FN:186,(anonymous_24)
FN:195,(anonymous_25)
FN:204,(anonymous_26)
FN:215,(anonymous_27)
FN:226,(anonymous_28)
FN:236,(anonymous_29)
FN:246,(anonymous_30)
FN:253,(anonymous_31)
FN:264,(anonymous_32)
FN:273,(anonymous_33)
FN:277,(anonymous_34)
FN:285,(anonymous_35)
FN:292,(anonymous_36)
FN:296,(anonymous_37)
FN:306,(anonymous_38)
FN:310,(anonymous_39)
FN:319,(anonymous_40)
FN:323,(anonymous_41)
FN:327,(anonymous_42)
FN:336,(anonymous_43)
FN:340,(anonymous_44)
FN:344,(anonymous_45)
FN:348,(anonymous_46)
FN:375,(anonymous_47)
FN:385,(anonymous_48)
FN:397,(anonymous_49)
FN:405,(anonymous_50)
FN:413,(anonymous_51)
FN:423,(anonymous_52)
FN:433,(anonymous_53)
FN:442,(anonymous_54)
FN:452,(anonymous_55)
FN:467,(anonymous_56)
FN:480,(anonymous_57)
FN:490,(anonymous_58)
FN:491,(anonymous_59)
FN:499,(anonymous_60)
FN:506,(anonymous_61)
FNF:62
FNH:61
FNDA:36,(anonymous_0)
FNDA:9,(anonymous_1)
FNDA:9,(anonymous_2)
FNDA:27,(anonymous_3)
FNDA:396,(anonymous_4)
FNDA:45,(anonymous_5)
FNDA:18,(anonymous_6)
FNDA:9,(anonymous_7)
FNDA:18,(anonymous_8)
FNDA:45,(anonymous_9)
FNDA:198,(anonymous_10)
FNDA:45,(anonymous_11)
FNDA:72,(anonymous_12)
FNDA:18,(anonymous_13)
FNDA:18,(anonymous_14)
FNDA:18,(anonymous_15)
FNDA:9,(anonymous_16)
FNDA:18,(anonymous_17)
FNDA:18,(anonymous_18)
FNDA:18,(anonymous_19)
FNDA:9,(anonymous_20)
FNDA:18,(anonymous_21)
FNDA:9,(anonymous_22)
FNDA:27,(anonymous_23)
FNDA:9,(anonymous_24)
FNDA:9,(anonymous_25)
FNDA:9,(anonymous_26)
FNDA:9,(anonymous_27)
FNDA:9,(anonymous_28)
FNDA:18,(anonymous_29)
FNDA:18,(anonymous_30)
FNDA:9,(anonymous_31)
FNDA:9,(anonymous_32)
FNDA:9,(anonymous_33)
FNDA:27,(anonymous_34)
FNDA:27,(anonymous_35)
FNDA:27,(anonymous_36)
FNDA:18,(anonymous_37)
FNDA:18,(anonymous_38)
FNDA:18,(anonymous_39)
FNDA:18,(anonymous_40)
FNDA:18,(anonymous_41)
FNDA:18,(anonymous_42)
FNDA:18,(anonymous_43)
FNDA:9,(anonymous_44)
FNDA:9,(anonymous_45)
FNDA:18,(anonymous_46)
FNDA:18,(anonymous_47)
FNDA:18,(anonymous_48)
FNDA:9,(anonymous_49)
FNDA:9,(anonymous_50)
FNDA:9,(anonymous_51)
FNDA:9,(anonymous_52)
FNDA:9,(anonymous_53)
FNDA:9,(anonymous_54)
FNDA:18,(anonymous_55)
FNDA:9,(anonymous_56)
FNDA:9,(anonymous_57)
FNDA:9,(anonymous_58)
FNDA:0,(anonymous_59)
FNDA:18,(anonymous_60)
FNDA:18,(anonymous_61)
DA:3,9
DA:4,36
DA:10,36
DA:13,9
DA:14,9
DA:22,9
DA:23,9
DA:29,9
DA:34,9
DA:35,27
DA:42,9
DA:43,396
DA:44,396
DA:47,45
DA:55,9
DA:56,18
DA:58,9
DA:59,9
DA:64,9
DA:65,18
DA:72,9
DA:73,45
DA:76,9
DA:77,198
DA:79,198
DA:83,9
DA:84,45
DA:86,45
DA:90,9
DA:91,72
DA:94,9
DA:95,18
DA:99,18
DA:103,9
DA:104,18
DA:112,9
DA:113,18
DA:122,9
DA:123,9
DA:130,9
DA:131,18
DA:135,18
DA:139,9
DA:140,18
DA:144,18
DA:150,9
DA:151,18
DA:157,9
DA:158,9
DA:164,9
DA:165,18
DA:171,9
DA:172,9
DA:179,9
DA:180,27
DA:186,9
DA:187,9
DA:195,9
DA:196,9
DA:204,9
DA:205,9
DA:215,9
DA:216,9
DA:226,9
DA:227,9
DA:236,9
DA:237,18
DA:246,9
DA:247,18
DA:253,9
DA:254,9
DA:264,9
DA:265,9
DA:273,9
DA:274,9
DA:277,9
DA:278,27
DA:285,9
DA:286,27
DA:292,9
DA:293,27
DA:296,9
DA:297,18
DA:302,18
DA:306,9
DA:307,18
DA:310,9
DA:311,18
DA:319,9
DA:320,18
DA:323,9
DA:324,18
DA:327,9
DA:328,18
DA:336,9
DA:337,18
DA:340,9
DA:341,9
DA:344,9
DA:345,9
DA:348,9
DA:349,18
DA:354,18
DA:355,9
DA:361,9
DA:365,9
DA:371,18
DA:375,9
DA:376,18
DA:381,18
DA:385,9
DA:386,18
DA:391,18
DA:397,9
DA:398,9
DA:405,9
DA:406,9
DA:413,9
DA:414,9
DA:423,9
DA:424,9
DA:433,9
DA:434,9
DA:442,9
DA:443,9
DA:452,9
DA:453,18
DA:461,18
DA:467,9
DA:468,9
DA:476,9
DA:480,9
DA:481,9
DA:490,9
DA:491,9
DA:492,0
DA:493,0
DA:495,0
DA:499,9
DA:500,18
DA:506,9
DA:507,18
LF:142
LH:139
BRDA:3,0,0,36
BRDA:10,1,0,9
BRDA:10,1,1,27
BRDA:22,2,0,9
BRDA:29,3,0,0
BRDA:29,3,1,9
BRDA:42,4,0,396
BRDA:42,5,0,396
BRDA:43,6,0,396
BRDA:43,6,1,0
BRDA:55,7,0,18
BRDA:58,8,0,9
BRDA:64,9,0,18
BRDA:72,10,0,45
BRDA:76,11,0,198
BRDA:79,12,0,45
BRDA:79,12,1,153
BRDA:83,13,0,45
BRDA:83,14,0,45
BRDA:86,15,0,27
BRDA:86,15,1,18
BRDA:94,16,0,18
BRDA:99,17,0,9
BRDA:99,17,1,9
BRDA:103,18,0,18
BRDA:103,19,0,18
BRDA:112,20,0,18
BRDA:130,21,0,18
BRDA:135,22,0,9
BRDA:135,22,1,9
BRDA:139,23,0,18
BRDA:144,24,0,9
BRDA:144,24,1,9
BRDA:186,25,0,9
BRDA:277,26,0,27
BRDA:277,27,0,27
BRDA:277,28,0,27
BRDA:285,29,0,27
BRDA:296,30,0,18
BRDA:296,31,0,18
BRDA:296,32,0,18
BRDA:302,33,0,9
BRDA:302,33,1,9
BRDA:348,34,0,18
BRDA:354,35,0,9
BRDA:354,35,1,9
BRDA:375,36,0,18
BRDA:381,37,0,9
BRDA:381,37,1,9
BRDA:385,38,0,18
BRDA:391,39,0,9
BRDA:391,39,1,9
BRDA:452,40,0,18
BRDA:461,41,0,9
BRDA:461,41,1,9
BRDA:467,42,0,9
BRDA:476,43,0,9
BRDA:476,43,1,0
BRDA:492,44,0,0
BRDA:492,44,1,0
BRF:60
BRH:55
end_of_record
TN:
SF:src\models\cart.js
FNF:0
FNH:0
DA:3,10
DA:25,10
LF:2
LH:2
BRF:0
BRH:0
end_of_record
TN:
SF:src\models\category.js
FNF:0
FNH:0
DA:3,10
DA:26,10
LF:2
LH:2
BRF:0
BRH:0
end_of_record
TN:
SF:src\models\notification.js
FNF:0
FNH:0
DA:3,11
DA:19,11
LF:2
LH:2
BRF:0
BRH:0
end_of_record
TN:
SF:src\models\order.js
FNF:0
FNH:0
DA:3,10
DA:58,10
LF:2
LH:2
BRF:0
BRH:0
end_of_record
TN:
SF:src\models\paymentMethod.js
FNF:0
FNH:0
DA:3,10
DA:49,10
LF:2
LH:2
BRF:0
BRH:0
end_of_record
TN:
SF:src\models\product.js
FNF:0
FNH:0
DA:3,10
DA:41,10
LF:2
LH:2
BRF:0
BRH:0
end_of_record
TN:
SF:src\models\review.js
FNF:0
FNH:0
DA:3,10
DA:26,10
LF:2
LH:2
BRF:0
BRH:0
end_of_record
TN:
SF:src\models\shippingAddress.js
FNF:0
FNH:0
DA:3,10
DA:58,10
LF:2
LH:2
BRF:0
BRH:0
end_of_record
TN:
SF:src\models\user.js
FNF:0
FNH:0
DA:3,10
DA:38,10
LF:2
LH:2
BRF:0
BRH:0
end_of_record
TN:
SF:src\models\wishList.js
FNF:0
FNH:0
DA:3,10
DA:24,10
LF:2
LH:2
BRF:0
BRH:0
end_of_record
TN:
SF:src\routes\authRoutes.js
FNF:0
FNH:0
DA:22,9
DA:25,9
DA:27,9
DA:41,9
DA:48,9
DA:50,9
LF:6
LH:6
BRF:0
BRH:0
end_of_record
TN:
SF:src\routes\cartRoutes.js
FNF:0
FNH:0
DA:24,9
DA:26,9
DA:28,9
DA:36,9
DA:48,9
DA:57,9
DA:74,9
DA:91,9
DA:100,9
DA:112,9
DA:123,9
LF:11
LH:11
BRF:0
BRH:0
end_of_record
TN:
SF:src\routes\categoryRoutes.js
FNF:0
FNH:0
DA:27,9
DA:29,9
DA:41,9
DA:42,9
DA:43,9
DA:56,9
DA:70,9
LF:7
LH:7
BRF:0
BRH:0
end_of_record
TN:
SF:src\routes\index.js
FNF:0
FNH:0
DA:15,9
DA:17,9
DA:18,9
DA:19,9
DA:20,9
DA:21,9
DA:22,9
DA:23,9
DA:24,9
DA:25,9
DA:26,9
DA:27,9
LF:12
LH:12
BRF:0
BRH:0
end_of_record
TN:
SF:src\routes\notificationRoutes.js
FNF:0
FNH:0
DA:24,9
DA:27,9
DA:30,9
DA:39,9
DA:48,9
DA:57,9
DA:66,9
DA:75,9
DA:84,9
DA:98,9
LF:10
LH:10
BRF:0
BRH:0
end_of_record
TN:
SF:src\routes\orderRoutes.js
FNF:0
FNH:0
DA:27,9
DA:30,9
DA:33,9
DA:42,9
DA:51,9
DA:73,9
DA:83,9
DA:93,9
DA:103,9
DA:118,9
LF:10
LH:10
BRF:0
BRH:0
end_of_record
TN:
SF:src\routes\paymentMethodRoutes.js
FNF:0
FNH:0
DA:28,9
DA:31,9
DA:34,9
DA:37,9
DA:40,9
DA:49,9
DA:67,9
DA:76,9
DA:85,9
DA:103,9
LF:10
LH:10
BRF:0
BRH:0
end_of_record
TN:
SF:src\routes\productRoutes.js
FNF:0
FNH:0
DA:33,9
DA:36,9
DA:38,9
DA:54,9
DA:61,9
DA:63,9
DA:79,9
DA:96,9
LF:8
LH:8
BRF:0
BRH:0
end_of_record
TN:
SF:src\routes\reviewRoutes.js
FNF:0
FNH:0
DA:19,9
DA:22,9
DA:31,9
DA:39,9
DA:42,9
DA:51,9
LF:6
LH:6
BRF:0
BRH:0
end_of_record
TN:
SF:src\routes\shippingAddressRoutes.js
FNF:0
FNH:0
DA:33,9
DA:36,9
DA:49,9
DA:58,9
DA:61,9
DA:64,9
DA:73,9
DA:93,9
DA:102,9
LF:9
LH:9
BRF:0
BRH:0
end_of_record
TN:
SF:src\routes\userRoutes.js
FNF:0
FNH:0
DA:40,9
DA:43,9
DA:51,9
DA:54,9
DA:64,9
DA:80,9
DA:90,9
DA:108,9
DA:111,9
DA:124,9
DA:139,9
DA:142,9
DA:152,9
LF:13
LH:13
BRF:0
BRH:0
end_of_record
TN:
SF:src\routes\wishListRoutes.js
FNF:0
FNH:0
DA:15,9
DA:18,9
DA:21,9
DA:30,9
DA:39,9
DA:48,9
DA:57,9
LF:7
LH:7
BRF:0
BRH:0
end_of_record
