TN:
SF:server.js
FN:24,(anonymous_0)
FN:30,(anonymous_1)
FN:37,(anonymous_2)
FNF:3
FNH:0
FNDA:0,(anonymous_0)
FNDA:0,(anonymous_1)
FNDA:0,(anonymous_2)
DA:10,5
DA:12,5
DA:14,5
DA:16,5
DA:17,0
DA:20,5
DA:21,5
DA:22,5
DA:24,5
DA:25,0
DA:28,5
DA:30,5
DA:31,0
DA:32,0
DA:34,5
DA:36,5
DA:37,0
DA:38,0
LF:18
LH:12
BRDA:16,0,0,0
BRDA:16,0,1,5
BRDA:36,1,0,0
BRDA:36,1,1,5
BRF:4
BRH:2
end_of_record
TN:
SF:src\config\database.js
FN:6,(anonymous_0)
FNF:1
FNH:0
FNDA:0,(anonymous_0)
DA:4,5
DA:6,5
DA:7,0
DA:8,0
DA:10,0
DA:16,0
DA:18,0
DA:19,0
LF:8
LH:2
BRF:0
BRH:0
end_of_record
TN:
SF:src\controllers\authController.js
FN:5,(anonymous_0)
FN:11,(anonymous_1)
FN:21,(anonymous_2)
FN:26,(anonymous_3)
FN:31,register
FN:61,login
FN:90,checkEmail
FN:103,refreshToken
FN:109,(anonymous_8)
FNF:9
FNH:9
FNDA:6,(anonymous_0)
FNDA:6,(anonymous_1)
FNDA:6,(anonymous_2)
FNDA:17,(anonymous_3)
FNDA:9,register
FNDA:8,login
FNDA:6,checkEmail
FNDA:5,refreshToken
FNDA:4,(anonymous_8)
DA:5,7
DA:6,6
DA:11,7
DA:12,6
DA:21,7
DA:22,6
DA:23,6
DA:26,7
DA:27,17
DA:28,15
DA:32,9
DA:33,9
DA:35,9
DA:36,8
DA:37,2
DA:41,6
DA:42,6
DA:44,9
DA:46,6
DA:53,6
DA:54,6
DA:56,1
DA:62,8
DA:63,8
DA:64,8
DA:65,7
DA:66,1
DA:70,6
DA:71,6
DA:72,2
DA:74,4
DA:79,4
DA:84,4
DA:86,1
DA:91,6
DA:92,6
DA:96,6
DA:97,5
DA:99,1
DA:104,5
DA:105,5
DA:106,5
DA:107,1
DA:109,4
DA:110,4
DA:111,2
DA:113,2
DA:120,2
DA:126,2
DA:131,0
LF:50
LH:49
BRDA:36,0,0,2
BRDA:36,0,1,6
BRDA:42,1,0,4
BRDA:42,1,1,2
BRDA:65,2,0,1
BRDA:65,2,1,6
BRDA:71,3,0,2
BRDA:71,3,1,4
BRDA:92,4,0,6
BRDA:92,4,1,2
BRDA:106,5,0,1
BRDA:106,5,1,4
BRDA:110,6,0,2
BRDA:110,6,1,2
BRF:14
BRH:14
end_of_record
TN:
SF:src\controllers\cartController.js
FN:3,getCarts
FN:14,getCartById
FN:29,getCartByUser
FN:48,createCart
FN:62,updateCart
FN:96,deleteCart
FN:111,addProductToCart
FN:124,(anonymous_7)
FN:147,updateCartItem
FN:157,(anonymous_9)
FN:176,removeCartItem
FN:188,(anonymous_11)
FN:201,clearCartItems
FNF:13
FNH:13
FNDA:1,getCarts
FNDA:2,getCartById
FNDA:2,getCartByUser
FNDA:2,createCart
FNDA:3,updateCart
FNDA:2,deleteCart
FNDA:5,addProductToCart
FNDA:1,(anonymous_7)
FNDA:4,updateCartItem
FNDA:3,(anonymous_9)
FNDA:2,removeCartItem
FNDA:1,(anonymous_11)
FNDA:3,clearCartItems
DA:4,1
DA:5,1
DA:8,1
DA:10,0
DA:15,2
DA:16,2
DA:17,2
DA:20,2
DA:21,1
DA:23,1
DA:25,0
DA:30,2
DA:31,2
DA:32,2
DA:36,2
DA:37,1
DA:42,1
DA:44,0
DA:49,2
DA:50,2
DA:52,2
DA:53,1
DA:54,1
DA:56,1
DA:58,1
DA:63,3
DA:64,3
DA:65,3
DA:68,3
DA:69,1
DA:76,2
DA:77,2
DA:78,2
DA:80,2
DA:86,2
DA:87,1
DA:89,1
DA:92,0
DA:97,2
DA:98,2
DA:99,2
DA:101,2
DA:102,1
DA:104,1
DA:107,0
DA:112,5
DA:113,5
DA:114,5
DA:116,5
DA:117,4
DA:123,1
DA:124,1
DA:127,1
DA:128,1
DA:130,0
DA:134,5
DA:135,5
DA:136,5
DA:138,5
DA:143,0
DA:148,4
DA:149,4
DA:150,4
DA:152,4
DA:153,1
DA:156,3
DA:157,3
DA:160,3
DA:161,1
DA:164,2
DA:166,2
DA:167,2
DA:168,2
DA:170,2
DA:172,0
DA:177,2
DA:178,2
DA:179,2
DA:181,2
DA:183,2
DA:184,1
DA:187,1
DA:188,1
DA:191,1
DA:192,1
DA:193,1
DA:195,1
DA:197,0
DA:202,3
DA:203,3
DA:205,3
DA:207,3
DA:208,1
DA:210,2
DA:211,2
DA:212,2
DA:214,2
DA:216,0
LF:98
LH:88
BRDA:20,0,0,1
BRDA:20,0,1,1
BRDA:36,1,0,1
BRDA:36,1,1,1
BRDA:68,2,0,1
BRDA:68,2,1,2
BRDA:68,3,0,3
BRDA:68,3,1,3
BRDA:77,4,0,0
BRDA:77,4,1,2
BRDA:78,5,0,2
BRDA:78,5,1,0
BRDA:86,6,0,1
BRDA:86,6,1,1
BRDA:101,7,0,1
BRDA:101,7,1,1
BRDA:113,8,0,5
BRDA:116,9,0,4
BRDA:116,9,1,1
BRDA:127,10,0,1
BRDA:127,10,1,0
BRDA:152,11,0,1
BRDA:152,11,1,3
BRDA:160,12,0,1
BRDA:160,12,1,2
BRDA:183,13,0,1
BRDA:183,13,1,1
BRDA:207,14,0,1
BRDA:207,14,1,2
BRF:29
BRH:26
end_of_record
TN:
SF:src\controllers\categoryController.js
FN:3,getCategories
FN:11,getCategoryById
FN:22,createCategory
FN:37,updateCategory
FN:71,deleteCategory
FN:84,searchCategory
FNF:6
FNH:6
FNDA:2,getCategories
FNDA:2,getCategoryById
FNDA:2,createCategory
FNDA:3,updateCategory
FNDA:2,deleteCategory
FNDA:2,searchCategory
DA:4,2
DA:5,2
DA:6,1
DA:8,1
DA:12,2
DA:13,2
DA:14,2
DA:15,1
DA:17,1
DA:19,0
DA:23,2
DA:24,2
DA:25,2
DA:31,2
DA:32,1
DA:34,1
DA:38,3
DA:39,3
DA:40,3
DA:43,3
DA:49,1
DA:55,2
DA:56,2
DA:57,2
DA:58,2
DA:59,2
DA:61,2
DA:63,2
DA:64,1
DA:66,1
DA:68,0
DA:72,2
DA:73,2
DA:74,2
DA:75,2
DA:76,1
DA:78,1
DA:80,0
DA:85,2
DA:86,2
DA:88,2
DA:90,2
DA:91,1
DA:96,2
DA:97,0
DA:99,2
DA:100,2
DA:101,0
DA:102,0
DA:104,2
DA:107,2
DA:108,2
DA:114,2
DA:115,2
DA:117,2
DA:132,0
LF:56
LH:49
BRDA:14,0,0,1
BRDA:14,0,1,1
BRDA:28,1,0,2
BRDA:28,1,1,2
BRDA:29,2,0,2
BRDA:29,2,1,2
BRDA:43,3,0,1
BRDA:43,3,1,2
BRDA:44,4,0,3
BRDA:44,4,1,1
BRDA:44,4,2,1
BRDA:44,4,3,1
BRDA:56,5,0,2
BRDA:56,5,1,0
BRDA:57,6,0,0
BRDA:57,6,1,2
BRDA:58,7,0,0
BRDA:58,7,1,2
BRDA:59,8,0,0
BRDA:59,8,1,2
BRDA:63,9,0,1
BRDA:63,9,1,1
BRDA:75,10,0,1
BRDA:75,10,1,1
BRDA:86,11,0,2
BRDA:86,12,0,2
BRDA:90,13,0,1
BRDA:90,13,1,1
BRDA:96,14,0,0
BRDA:96,14,1,2
BRDA:100,15,0,0
BRDA:100,15,1,2
BRDA:101,16,0,0
BRDA:101,16,1,0
BRDA:126,17,0,2
BRDA:126,17,1,1
BRDA:127,18,0,2
BRDA:127,18,1,2
BRDA:128,19,0,2
BRDA:128,19,1,2
BRDA:129,20,0,2
BRDA:129,20,1,2
BRF:42
BRH:34
end_of_record
TN:
SF:src\controllers\notificationController.js
FN:3,getNotifications
FN:12,getNotificationById
FN:25,getNotificationByUser
FN:40,createNotification
FN:57,updateNotification
FN:88,deleteNotification
FN:103,markAsRead
FN:122,markAllAsReadByUser
FN:136,getUnreadNotificationsByUser
FNF:9
FNH:0
FNDA:0,getNotifications
FNDA:0,getNotificationById
FNDA:0,getNotificationByUser
FNDA:0,createNotification
FNDA:0,updateNotification
FNDA:0,deleteNotification
FNDA:0,markAsRead
FNDA:0,markAllAsReadByUser
FNDA:0,getUnreadNotificationsByUser
DA:4,0
DA:5,0
DA:6,0
DA:8,0
DA:13,0
DA:14,0
DA:15,0
DA:16,0
DA:17,0
DA:19,0
DA:21,0
DA:26,0
DA:27,0
DA:28,0
DA:31,0
DA:32,0
DA:34,0
DA:36,0
DA:41,0
DA:42,0
DA:44,0
DA:50,0
DA:51,0
DA:53,0
DA:58,0
DA:59,0
DA:60,0
DA:63,0
DA:64,0
DA:70,0
DA:71,0
DA:72,0
DA:74,0
DA:78,0
DA:79,0
DA:81,0
DA:84,0
DA:89,0
DA:90,0
DA:91,0
DA:93,0
DA:94,0
DA:96,0
DA:99,0
DA:104,0
DA:105,0
DA:106,0
DA:112,0
DA:113,0
DA:115,0
DA:118,0
DA:123,0
DA:124,0
DA:125,0
DA:127,0
DA:132,0
DA:137,0
DA:138,0
DA:139,0
DA:146,0
DA:151,0
LF:61
LH:0
BRDA:16,0,0,0
BRDA:16,0,1,0
BRDA:31,1,0,0
BRDA:31,1,1,0
BRDA:63,2,0,0
BRDA:63,2,1,0
BRDA:63,3,0,0
BRDA:63,3,1,0
BRDA:71,4,0,0
BRDA:71,4,1,0
BRDA:72,5,0,0
BRDA:72,5,1,0
BRDA:78,6,0,0
BRDA:78,6,1,0
BRDA:93,7,0,0
BRDA:93,7,1,0
BRDA:112,8,0,0
BRDA:112,8,1,0
BRF:18
BRH:0
end_of_record
TN:
SF:src\controllers\orderController.js
FN:4,getOrders
FN:18,getOrderById
FN:35,getOrdersByUser
FN:51,createOrder
FN:57,(anonymous_4)
FN:76,(anonymous_5)
FN:80,(anonymous_6)
FN:92,(anonymous_7)
FN:103,(anonymous_8)
FN:106,(anonymous_9)
FN:109,(anonymous_10)
FN:122,(anonymous_11)
FN:130,(anonymous_12)
FN:157,updateOrder
FN:184,(anonymous_14)
FN:209,cancelOrder
FN:227,(anonymous_16)
FN:237,(anonymous_17)
FN:265,updateOrderStatus
FN:286,updatePaymentStatus
FN:307,deleteOrder
FNF:21
FNH:15
FNDA:1,getOrders
FNDA:0,getOrderById
FNDA:1,getOrdersByUser
FNDA:8,createOrder
FNDA:8,(anonymous_4)
FNDA:8,(anonymous_5)
FNDA:2,(anonymous_6)
FNDA:6,(anonymous_7)
FNDA:6,(anonymous_8)
FNDA:0,(anonymous_9)
FNDA:0,(anonymous_10)
FNDA:6,(anonymous_11)
FNDA:6,(anonymous_12)
FNDA:0,updateOrder
FNDA:0,(anonymous_14)
FNDA:2,cancelOrder
FNDA:2,(anonymous_16)
FNDA:2,(anonymous_17)
FNDA:1,updateOrderStatus
FNDA:0,updatePaymentStatus
FNDA:1,deleteOrder
DA:5,1
DA:6,1
DA:12,1
DA:14,0
DA:19,0
DA:20,0
DA:21,0
DA:26,0
DA:27,0
DA:29,0
DA:31,0
DA:36,1
DA:37,1
DA:38,1
DA:45,1
DA:47,0
DA:52,8
DA:53,8
DA:56,8
DA:58,8
DA:59,8
DA:60,0
DA:62,8
DA:63,2
DA:71,6
DA:76,8
DA:77,8
DA:78,2
DA:80,2
DA:91,6
DA:93,6
DA:94,6
DA:103,6
DA:105,0
DA:107,0
DA:108,0
DA:109,0
DA:111,0
DA:117,0
DA:122,6
DA:129,6
DA:130,6
DA:133,6
DA:135,6
DA:146,6
DA:147,6
DA:148,6
DA:149,6
DA:151,6
DA:153,0
DA:158,0
DA:159,0
DA:160,0
DA:163,0
DA:164,0
DA:166,0
DA:167,0
DA:168,0
DA:173,0
DA:174,0
DA:180,0
DA:181,0
DA:182,0
DA:183,0
DA:184,0
DA:187,0
DA:191,0
DA:199,0
DA:200,0
DA:202,0
DA:205,0
DA:210,2
DA:211,2
DA:213,2
DA:214,2
DA:215,0
DA:219,2
DA:220,0
DA:226,2
DA:228,2
DA:237,2
DA:238,0
DA:243,2
DA:256,2
DA:261,0
DA:266,1
DA:267,1
DA:268,1
DA:270,1
DA:276,1
DA:277,1
DA:279,0
DA:282,0
DA:287,0
DA:288,0
DA:289,0
DA:291,0
DA:297,0
DA:298,0
DA:300,0
DA:303,0
DA:308,1
DA:309,1
DA:311,1
DA:312,1
DA:313,0
DA:317,1
DA:318,1
DA:323,0
DA:324,0
DA:326,0
LF:111
LH:55
BRDA:26,0,0,0
BRDA:26,0,1,0
BRDA:53,1,0,8
BRDA:59,2,0,0
BRDA:59,2,1,8
BRDA:62,3,0,2
BRDA:62,3,1,6
BRDA:77,4,0,2
BRDA:77,4,1,6
BRDA:103,5,0,0
BRDA:103,5,1,6
BRDA:107,6,0,0
BRDA:107,6,1,0
BRDA:167,7,0,0
BRDA:167,7,1,0
BRDA:173,8,0,0
BRDA:173,8,1,0
BRDA:180,9,0,0
BRDA:180,9,1,0
BRDA:182,10,0,0
BRDA:182,10,1,0
BRDA:199,11,0,0
BRDA:199,11,1,0
BRDA:214,12,0,0
BRDA:214,12,1,2
BRDA:219,13,0,0
BRDA:219,13,1,2
BRDA:219,14,0,2
BRDA:219,14,1,2
BRDA:237,15,0,0
BRDA:237,15,1,2
BRDA:247,16,0,0
BRDA:247,16,1,2
BRDA:276,17,0,1
BRDA:276,17,1,0
BRDA:297,18,0,0
BRDA:297,18,1,0
BRDA:312,19,0,0
BRDA:312,19,1,1
BRDA:317,20,0,1
BRDA:317,20,1,0
BRF:41
BRH:16
end_of_record
TN:
SF:src\controllers\paymentMethodController.js
FN:3,(anonymous_0)
FN:16,getPaymentMethods
FN:27,getPaymentMethodById
FN:42,getPaymentMethodsByUser
FN:56,createPaymentMethod
FN:122,updatePaymentMethod
FN:194,setDefaultPaymentMethod
FN:228,deactivatePaymentMethod
FN:251,deletePaymentMethod
FN:270,getDefaultPaymentMethod
FNF:10
FNH:8
FNDA:7,(anonymous_0)
FNDA:0,getPaymentMethods
FNDA:0,getPaymentMethodById
FNDA:2,getPaymentMethodsByUser
FNDA:6,createPaymentMethod
FNDA:2,updatePaymentMethod
FNDA:4,setDefaultPaymentMethod
FNDA:2,deactivatePaymentMethod
FNDA:2,deletePaymentMethod
FNDA:2,getDefaultPaymentMethod
DA:3,7
DA:5,7
DA:8,7
DA:9,7
DA:10,1
DA:11,1
DA:12,1
DA:17,0
DA:18,0
DA:21,0
DA:23,0
DA:28,0
DA:29,0
DA:30,0
DA:31,0
DA:32,0
DA:35,0
DA:36,0
DA:38,0
DA:43,2
DA:44,2
DA:45,2
DA:50,1
DA:52,1
DA:57,6
DA:67,6
DA:69,6
DA:70,6
DA:71,1
DA:74,5
DA:75,3
DA:76,1
DA:80,2
DA:81,1
DA:83,2
DA:84,1
DA:85,1
DA:87,1
DA:88,1
DA:89,1
DA:95,1
DA:98,1
DA:99,0
DA:102,1
DA:115,1
DA:116,1
DA:118,0
DA:123,2
DA:124,2
DA:125,2
DA:127,2
DA:128,2
DA:129,0
DA:132,2
DA:135,2
DA:144,2
DA:146,2
DA:147,14
DA:148,1
DA:153,2
DA:154,1
DA:160,1
DA:161,1
DA:165,0
DA:167,0
DA:168,0
DA:172,0
DA:177,1
DA:178,0
DA:184,1
DA:188,1
DA:190,0
DA:195,4
DA:196,4
DA:198,4
DA:199,4
DA:200,1
DA:203,3
DA:205,3
DA:206,1
DA:210,1
DA:216,1
DA:222,1
DA:224,1
DA:229,2
DA:230,2
DA:232,2
DA:233,2
DA:234,1
DA:237,1
DA:239,1
DA:245,1
DA:247,0
DA:252,2
DA:253,2
DA:255,2
DA:256,2
DA:257,1
DA:260,1
DA:262,1
DA:264,1
DA:266,0
DA:271,2
DA:272,2
DA:273,2
DA:279,2
DA:281,0
LF:107
LH:83
BRDA:5,0,0,7
BRDA:5,0,1,0
BRDA:5,1,0,7
BRDA:5,1,1,7
BRDA:9,2,0,1
BRDA:9,2,1,6
BRDA:9,3,0,7
BRDA:9,3,1,1
BRDA:31,4,0,0
BRDA:31,4,1,0
BRDA:66,5,0,6
BRDA:70,6,0,1
BRDA:70,6,1,5
BRDA:74,7,0,3
BRDA:74,7,1,2
BRDA:74,8,0,5
BRDA:74,8,1,2
BRDA:75,9,0,1
BRDA:75,9,1,2
BRDA:75,10,0,3
BRDA:75,10,1,2
BRDA:75,10,2,2
BRDA:80,11,0,1
BRDA:80,11,1,1
BRDA:83,12,0,1
BRDA:83,12,1,1
BRDA:84,13,0,1
BRDA:84,13,1,0
BRDA:87,14,0,1
BRDA:87,14,1,0
BRDA:88,15,0,1
BRDA:88,15,1,0
BRDA:88,16,0,1
BRDA:88,16,1,0
BRDA:98,17,0,0
BRDA:98,17,1,1
BRDA:105,18,0,1
BRDA:105,18,1,0
BRDA:105,19,0,1
BRDA:105,19,1,0
BRDA:106,20,0,1
BRDA:106,20,1,0
BRDA:106,21,0,6
BRDA:106,21,1,0
BRDA:107,22,0,1
BRDA:107,22,1,0
BRDA:107,23,0,6
BRDA:107,23,1,0
BRDA:108,24,0,0
BRDA:108,24,1,1
BRDA:109,25,0,0
BRDA:109,25,1,1
BRDA:110,26,0,0
BRDA:110,26,1,1
BRDA:128,27,0,0
BRDA:128,27,1,2
BRDA:147,28,0,1
BRDA:147,28,1,13
BRDA:153,29,0,1
BRDA:153,29,1,1
BRDA:160,30,0,1
BRDA:160,30,1,0
BRDA:160,31,0,1
BRDA:160,31,1,0
BRDA:161,32,0,0
BRDA:161,32,1,1
BRDA:162,33,0,1
BRDA:162,33,1,0
BRDA:167,34,0,0
BRDA:167,34,1,0
BRDA:168,35,0,0
BRDA:168,35,1,0
BRDA:169,36,0,0
BRDA:169,36,1,0
BRDA:177,37,0,0
BRDA:177,37,1,1
BRDA:199,38,0,1
BRDA:199,38,1,3
BRDA:205,39,0,1
BRDA:205,39,1,2
BRDA:233,40,0,1
BRDA:233,40,1,1
BRDA:256,41,0,1
BRDA:256,41,1,1
BRDA:279,42,0,2
BRDA:279,42,1,1
BRF:86
BRH:57
end_of_record
TN:
SF:src\controllers\productController.js
FN:6,getProducts
FN:37,getProductById
FN:50,getProductByCategory
FN:66,createProduct
FN:83,updateProduct
FN:108,deleteProduct
FN:122,searchProducts
FNF:7
FNH:7
FNDA:7,getProducts
FNDA:5,getProductById
FNDA:2,getProductByCategory
FNDA:6,createProduct
FNDA:4,updateProduct
FNDA:4,deleteProduct
FNDA:10,searchProducts
DA:7,7
DA:10,7
DA:11,7
DA:12,7
DA:14,7
DA:20,6
DA:21,6
DA:23,6
DA:34,1
DA:38,5
DA:39,5
DA:40,5
DA:41,4
DA:42,2
DA:44,2
DA:46,1
DA:51,2
DA:52,2
DA:53,2
DA:57,2
DA:58,1
DA:60,1
DA:62,0
DA:67,6
DA:68,6
DA:70,6
DA:71,5
DA:72,5
DA:73,5
DA:74,4
DA:75,3
DA:77,3
DA:78,2
DA:80,1
DA:84,4
DA:85,4
DA:86,4
DA:88,4
DA:89,3
DA:90,3
DA:91,3
DA:92,3
DA:93,3
DA:95,3
DA:100,2
DA:101,1
DA:103,1
DA:105,1
DA:109,4
DA:110,4
DA:111,4
DA:112,3
DA:113,1
DA:115,2
DA:117,1
DA:123,10
DA:134,10
DA:135,10
DA:137,10
DA:139,10
DA:140,3
DA:146,10
DA:147,1
DA:151,10
DA:152,1
DA:153,1
DA:154,1
DA:156,10
DA:157,10
DA:158,1
DA:160,9
DA:163,10
DA:164,10
DA:165,1
DA:166,1
DA:168,9
DA:171,10
DA:173,10
DA:179,9
DA:180,9
DA:182,9
DA:204,1
LF:82
LH:81
BRDA:10,0,0,7
BRDA:10,0,1,4
BRDA:11,1,0,7
BRDA:11,1,1,4
BRDA:41,2,0,2
BRDA:41,2,1,2
BRDA:57,3,0,1
BRDA:57,3,1,1
BRDA:70,4,0,1
BRDA:70,4,1,5
BRDA:71,5,0,0
BRDA:71,5,1,5
BRDA:72,6,0,0
BRDA:72,6,1,5
BRDA:73,7,0,1
BRDA:73,7,1,4
BRDA:74,8,0,1
BRDA:74,8,1,3
BRDA:75,9,0,0
BRDA:75,9,1,3
BRDA:88,10,0,1
BRDA:88,10,1,3
BRDA:89,11,0,0
BRDA:89,11,1,3
BRDA:90,12,0,0
BRDA:90,12,1,3
BRDA:91,13,0,0
BRDA:91,13,1,3
BRDA:92,14,0,0
BRDA:92,14,1,3
BRDA:93,15,0,0
BRDA:93,15,1,3
BRDA:100,16,0,1
BRDA:100,16,1,1
BRDA:112,17,0,1
BRDA:112,17,1,2
BRDA:132,18,0,10
BRDA:133,19,0,10
BRDA:139,20,0,3
BRDA:139,20,1,7
BRDA:146,21,0,1
BRDA:146,21,1,9
BRDA:151,22,0,1
BRDA:151,22,1,9
BRDA:151,23,0,10
BRDA:151,23,1,9
BRDA:153,24,0,1
BRDA:153,24,1,0
BRDA:154,25,0,1
BRDA:154,25,1,0
BRDA:157,26,0,1
BRDA:157,26,1,9
BRDA:164,27,0,1
BRDA:164,27,1,9
BRDA:165,28,0,1
BRDA:165,28,1,0
BRDA:192,29,0,9
BRDA:192,29,1,6
BRDA:193,30,0,10
BRDA:193,30,1,8
BRDA:195,31,0,1
BRDA:195,31,1,8
BRDA:196,32,0,1
BRDA:196,32,1,8
BRDA:199,33,0,10
BRDA:199,33,1,8
BRDA:200,34,0,10
BRDA:200,34,1,8
BRF:68
BRH:57
end_of_record
TN:
SF:src\controllers\reviewController.js
FN:5,(anonymous_0)
FN:44,(anonymous_1)
FN:63,(anonymous_2)
FN:82,(anonymous_3)
FN:122,(anonymous_4)
FNF:5
FNH:5
FNDA:4,(anonymous_0)
FNDA:2,(anonymous_1)
FNDA:1,(anonymous_2)
FNDA:4,(anonymous_3)
FNDA:3,(anonymous_4)
DA:5,7
DA:6,4
DA:7,4
DA:8,4
DA:11,4
DA:12,3
DA:13,1
DA:17,2
DA:18,2
DA:19,1
DA:22,1
DA:29,1
DA:32,1
DA:34,1
DA:39,1
DA:44,7
DA:45,2
DA:46,2
DA:48,2
DA:52,2
DA:58,0
DA:63,7
DA:64,1
DA:65,1
DA:67,1
DA:71,1
DA:77,0
DA:82,7
DA:83,4
DA:84,4
DA:85,4
DA:86,4
DA:89,4
DA:90,1
DA:95,3
DA:96,3
DA:97,1
DA:101,2
DA:102,1
DA:106,1
DA:107,1
DA:109,1
DA:110,1
DA:112,1
DA:117,0
DA:122,7
DA:123,3
DA:124,3
DA:125,3
DA:127,3
DA:128,3
DA:129,1
DA:133,2
DA:134,1
DA:137,1
DA:139,1
DA:143,0
LF:57
LH:53
BRDA:12,0,0,1
BRDA:12,0,1,2
BRDA:18,1,0,1
BRDA:18,1,1,1
BRDA:89,2,0,1
BRDA:89,2,1,3
BRDA:89,3,0,4
BRDA:89,3,1,1
BRDA:96,4,0,1
BRDA:96,4,1,2
BRDA:101,5,0,1
BRDA:101,5,1,1
BRDA:106,6,0,1
BRDA:106,6,1,0
BRDA:107,7,0,1
BRDA:107,7,1,0
BRDA:128,8,0,1
BRDA:128,8,1,2
BRDA:133,9,0,1
BRDA:133,9,1,1
BRF:20
BRH:18
end_of_record
TN:
SF:src\controllers\shippingAddressController.js
FN:4,(anonymous_0)
FN:40,(anonymous_1)
FN:57,(anonymous_2)
FN:78,(anonymous_3)
FN:98,(anonymous_4)
FN:162,(anonymous_5)
FN:193,(anonymous_6)
FNF:7
FNH:7
FNDA:2,(anonymous_0)
FNDA:1,(anonymous_1)
FNDA:2,(anonymous_2)
FNDA:2,(anonymous_3)
FNDA:3,(anonymous_4)
FNDA:2,(anonymous_5)
FNDA:2,(anonymous_6)
DA:4,7
DA:5,2
DA:7,2
DA:8,2
DA:11,2
DA:12,1
DA:15,2
DA:28,2
DA:30,2
DA:35,0
DA:40,7
DA:41,1
DA:42,1
DA:44,1
DA:46,1
DA:52,0
DA:57,7
DA:58,2
DA:59,2
DA:60,2
DA:62,2
DA:64,2
DA:65,1
DA:68,1
DA:73,0
DA:78,7
DA:79,2
DA:80,2
DA:82,2
DA:84,2
DA:85,1
DA:88,1
DA:93,0
DA:98,7
DA:99,3
DA:100,3
DA:102,3
DA:103,3
DA:106,3
DA:117,1
DA:122,2
DA:127,2
DA:128,1
DA:132,1
DA:133,0
DA:140,1
DA:141,1
DA:142,1
DA:143,1
DA:144,1
DA:145,1
DA:146,1
DA:147,1
DA:148,1
DA:150,1
DA:152,1
DA:157,0
DA:162,7
DA:163,2
DA:164,2
DA:165,2
DA:167,2
DA:172,2
DA:173,1
DA:177,1
DA:180,1
DA:181,1
DA:183,1
DA:188,0
DA:193,7
DA:194,2
DA:195,2
DA:196,2
DA:198,2
DA:203,2
DA:204,1
DA:207,1
DA:209,1
DA:213,0
LF:79
LH:71
BRDA:11,0,0,1
BRDA:11,0,1,1
BRDA:22,1,0,2
BRDA:22,1,1,2
BRDA:24,2,0,2
BRDA:24,2,1,1
BRDA:25,3,0,2
BRDA:25,3,1,2
BRDA:64,4,0,1
BRDA:64,4,1,1
BRDA:84,5,0,1
BRDA:84,5,1,1
BRDA:106,6,0,1
BRDA:106,6,1,2
BRDA:107,7,0,3
BRDA:107,7,1,3
BRDA:107,7,2,3
BRDA:107,7,3,1
BRDA:107,7,4,1
BRDA:107,7,5,1
BRDA:107,7,6,1
BRDA:107,7,7,1
BRDA:107,7,8,1
BRDA:127,8,0,1
BRDA:127,8,1,1
BRDA:132,9,0,0
BRDA:132,9,1,1
BRDA:132,10,0,1
BRDA:132,10,1,0
BRDA:140,11,0,0
BRDA:140,11,1,1
BRDA:141,12,0,0
BRDA:141,12,1,1
BRDA:142,13,0,1
BRDA:142,13,1,0
BRDA:143,14,0,0
BRDA:143,14,1,1
BRDA:144,15,0,0
BRDA:144,15,1,1
BRDA:145,16,0,0
BRDA:145,16,1,1
BRDA:146,17,0,0
BRDA:146,17,1,1
BRDA:147,18,0,0
BRDA:147,18,1,1
BRDA:148,19,0,0
BRDA:148,19,1,1
BRDA:172,20,0,1
BRDA:172,20,1,1
BRDA:203,21,0,1
BRDA:203,21,1,1
BRF:51
BRH:40
end_of_record
TN:
SF:src\controllers\userController.js
FN:5,(anonymous_0)
FN:25,(anonymous_1)
FN:61,(anonymous_2)
FN:81,(anonymous_3)
FN:127,(anonymous_4)
FN:159,(anonymous_5)
FN:213,(anonymous_6)
FN:234,(anonymous_7)
FN:258,(anonymous_8)
FN:279,(anonymous_9)
FN:362,(anonymous_10)
FNF:11
FNH:11
FNDA:4,(anonymous_0)
FNDA:4,(anonymous_1)
FNDA:2,(anonymous_2)
FNDA:4,(anonymous_3)
FNDA:3,(anonymous_4)
FNDA:2,(anonymous_5)
FNDA:2,(anonymous_6)
FNDA:2,(anonymous_7)
FNDA:2,(anonymous_8)
FNDA:2,(anonymous_9)
FNDA:2,(anonymous_10)
DA:5,7
DA:6,4
DA:7,4
DA:9,4
DA:11,3
DA:12,1
DA:15,2
DA:20,1
DA:25,7
DA:26,4
DA:27,4
DA:30,4
DA:31,4
DA:32,4
DA:34,4
DA:35,4
DA:37,4
DA:43,4
DA:45,4
DA:56,0
DA:61,7
DA:62,2
DA:63,2
DA:65,2
DA:67,2
DA:68,1
DA:71,1
DA:76,0
DA:81,7
DA:82,4
DA:83,4
DA:84,4
DA:87,4
DA:88,0
DA:94,4
DA:95,4
DA:96,1
DA:99,3
DA:100,1
DA:101,1
DA:102,1
DA:107,2
DA:108,2
DA:109,2
DA:110,2
DA:112,2
DA:115,2
DA:117,2
DA:122,0
DA:127,7
DA:128,3
DA:129,3
DA:130,3
DA:132,3
DA:133,3
DA:134,1
DA:138,2
DA:139,2
DA:140,1
DA:144,1
DA:145,1
DA:147,1
DA:148,1
DA:150,1
DA:154,0
DA:159,7
DA:160,2
DA:161,2
DA:162,2
DA:165,2
DA:173,0
DA:178,2
DA:179,2
DA:180,1
DA:184,1
DA:185,0
DA:186,0
DA:187,0
DA:192,1
DA:193,1
DA:194,1
DA:195,1
DA:196,1
DA:197,1
DA:199,1
DA:201,1
DA:203,1
DA:208,0
DA:213,7
DA:214,2
DA:215,2
DA:217,2
DA:218,2
DA:219,1
DA:222,1
DA:223,1
DA:225,1
DA:229,0
DA:234,7
DA:235,2
DA:236,2
DA:238,2
DA:239,2
DA:240,0
DA:243,2
DA:244,2
DA:246,2
DA:248,2
DA:253,0
DA:258,7
DA:259,2
DA:260,2
DA:262,2
DA:263,2
DA:264,1
DA:268,1
DA:269,1
DA:271,1
DA:275,0
DA:279,7
DA:280,2
DA:292,2
DA:294,2
DA:296,2
DA:297,0
DA:299,2
DA:300,1
DA:308,2
DA:309,1
DA:311,2
DA:312,0
DA:313,2
DA:314,0
DA:317,2
DA:319,2
DA:320,0
DA:321,0
DA:323,2
DA:326,2
DA:327,2
DA:328,2
DA:330,2
DA:336,2
DA:337,2
DA:339,2
DA:358,0
DA:362,7
DA:363,2
DA:364,2
DA:365,2
DA:366,2
DA:367,2
DA:376,2
DA:377,1
DA:378,1
DA:380,1
LF:156
LH:136
BRDA:11,0,0,1
BRDA:11,0,1,2
BRDA:27,1,0,4
BRDA:27,2,0,4
BRDA:31,3,0,1
BRDA:31,3,1,3
BRDA:32,4,0,1
BRDA:32,4,1,3
BRDA:34,5,0,4
BRDA:34,5,1,0
BRDA:35,6,0,4
BRDA:35,6,1,0
BRDA:50,7,0,4
BRDA:50,7,1,2
BRDA:67,8,0,1
BRDA:67,8,1,1
BRDA:87,9,0,0
BRDA:87,9,1,4
BRDA:87,10,0,4
BRDA:87,10,1,1
BRDA:87,10,2,0
BRDA:87,10,3,0
BRDA:95,11,0,1
BRDA:95,11,1,3
BRDA:99,12,0,1
BRDA:99,12,1,2
BRDA:99,13,0,3
BRDA:99,13,1,1
BRDA:101,14,0,1
BRDA:101,14,1,0
BRDA:107,15,0,2
BRDA:107,15,1,0
BRDA:108,16,0,0
BRDA:108,16,1,2
BRDA:109,17,0,1
BRDA:109,17,1,1
BRDA:110,18,0,0
BRDA:110,18,1,2
BRDA:133,19,0,1
BRDA:133,19,1,2
BRDA:139,20,0,1
BRDA:139,20,1,1
BRDA:165,21,0,0
BRDA:165,21,1,2
BRDA:166,22,0,2
BRDA:166,22,1,0
BRDA:166,22,2,0
BRDA:166,22,3,0
BRDA:166,22,4,0
BRDA:166,22,5,0
BRDA:179,23,0,1
BRDA:179,23,1,1
BRDA:184,24,0,0
BRDA:184,24,1,1
BRDA:184,25,0,1
BRDA:184,25,1,0
BRDA:186,26,0,0
BRDA:186,26,1,0
BRDA:192,27,0,1
BRDA:192,27,1,0
BRDA:193,28,0,0
BRDA:193,28,1,1
BRDA:194,29,0,0
BRDA:194,29,1,1
BRDA:195,30,0,0
BRDA:195,30,1,1
BRDA:196,31,0,1
BRDA:196,31,1,0
BRDA:197,32,0,1
BRDA:197,32,1,0
BRDA:218,33,0,1
BRDA:218,33,1,1
BRDA:239,34,0,0
BRDA:239,34,1,2
BRDA:249,35,0,1
BRDA:249,35,1,1
BRDA:263,36,0,1
BRDA:263,36,1,1
BRDA:290,37,0,2
BRDA:291,38,0,2
BRDA:296,39,0,0
BRDA:296,39,1,2
BRDA:299,40,0,1
BRDA:299,40,1,1
BRDA:308,41,0,1
BRDA:308,41,1,1
BRDA:311,42,0,0
BRDA:311,42,1,2
BRDA:313,43,0,0
BRDA:313,43,1,2
BRDA:319,44,0,0
BRDA:319,44,1,2
BRDA:320,45,0,0
BRDA:320,45,1,0
BRDA:326,46,0,2
BRDA:326,46,1,0
BRDA:327,47,0,2
BRDA:327,47,1,0
BRDA:337,48,0,2
BRDA:337,48,1,1
BRDA:351,49,0,2
BRDA:351,49,1,1
BRDA:352,50,0,2
BRDA:352,50,1,1
BRDA:353,51,0,0
BRDA:353,51,1,2
BRDA:353,52,0,0
BRDA:353,52,1,2
BRDA:354,53,0,2
BRDA:354,53,1,2
BRF:110
BRH:74
end_of_record
TN:
SF:src\controllers\wishListController.js
FN:5,(anonymous_0)
FN:33,(anonymous_1)
FN:53,(anonymous_2)
FN:72,(anonymous_3)
FN:98,(anonymous_4)
FN:132,(anonymous_5)
FN:143,(anonymous_6)
FN:155,(anonymous_7)
FNF:8
FNH:8
FNDA:3,(anonymous_0)
FNDA:2,(anonymous_1)
FNDA:1,(anonymous_2)
FNDA:2,(anonymous_3)
FNDA:2,(anonymous_4)
FNDA:3,(anonymous_5)
FNDA:2,(anonymous_6)
FNDA:2,(anonymous_7)
DA:5,7
DA:6,3
DA:7,3
DA:9,3
DA:13,2
DA:15,1
DA:22,1
DA:28,1
DA:33,7
DA:34,2
DA:35,2
DA:36,2
DA:39,2
DA:40,2
DA:41,1
DA:45,1
DA:52,1
DA:53,1
DA:56,1
DA:58,0
DA:61,1
DA:67,0
DA:72,7
DA:73,2
DA:74,2
DA:75,2
DA:77,2
DA:83,2
DA:84,1
DA:87,1
DA:93,0
DA:98,7
DA:99,2
DA:100,2
DA:102,2
DA:108,2
DA:110,1
DA:114,1
DA:121,1
DA:127,0
DA:132,7
DA:133,3
DA:134,3
DA:135,3
DA:137,3
DA:139,3
DA:140,1
DA:143,2
DA:145,2
DA:150,0
DA:155,7
DA:156,2
DA:157,2
DA:158,2
DA:161,2
DA:167,2
DA:170,1
DA:175,0
LF:58
LH:52
BRDA:13,0,0,1
BRDA:13,0,1,1
BRDA:24,1,0,1
BRDA:24,1,1,0
BRDA:40,2,0,1
BRDA:40,2,1,1
BRDA:53,3,0,1
BRDA:53,3,1,1
BRDA:56,4,0,0
BRDA:56,4,1,1
BRDA:83,5,0,1
BRDA:83,5,1,1
BRDA:108,6,0,1
BRDA:108,6,1,1
BRDA:139,7,0,1
BRDA:139,7,1,2
BRDA:139,8,0,3
BRDA:139,8,1,2
BRDA:139,8,2,2
BRDA:146,9,0,1
BRDA:146,9,1,1
BRDA:167,10,0,1
BRDA:167,10,1,1
BRF:23
BRH:21
end_of_record
TN:
SF:src\middlewares\authMiddleware.js
FN:3,(anonymous_0)
FN:10,(anonymous_1)
FNF:2
FNH:2
FNDA:29,(anonymous_0)
FNDA:26,(anonymous_1)
DA:3,6
DA:4,29
DA:6,29
DA:7,3
DA:10,26
DA:11,26
DA:12,3
DA:14,23
DA:15,23
LF:9
LH:9
BRDA:6,0,0,3
BRDA:6,0,1,26
BRDA:11,1,0,3
BRDA:11,1,1,23
BRF:4
BRH:4
end_of_record
TN:
SF:src\middlewares\errorHandler.js
FN:8,(anonymous_0)
FN:19,(anonymous_1)
FNF:2
FNH:2
FNDA:5,(anonymous_0)
FNDA:5,(anonymous_1)
DA:5,7
DA:6,7
DA:8,7
DA:9,5
DA:10,5
DA:11,5
DA:14,5
DA:15,5
DA:16,0
DA:19,5
DA:20,5
DA:21,0
DA:25,5
DA:26,1
DA:29,4
DA:30,5
DA:31,5
DA:36,5
DA:37,1
DA:40,4
LF:20
LH:18
BRDA:15,0,0,0
BRDA:15,0,1,5
BRDA:20,1,0,0
BRDA:20,1,1,5
BRDA:25,2,0,1
BRDA:25,2,1,4
BRDA:29,3,0,4
BRDA:29,3,1,2
BRDA:29,3,2,1
BRDA:33,4,0,1
BRDA:33,4,1,3
BRDA:33,5,0,3
BRDA:33,5,1,0
BRDA:36,6,0,1
BRDA:36,6,1,4
BRDA:36,7,0,5
BRDA:36,7,1,1
BRF:17
BRH:14
end_of_record
TN:
SF:src\middlewares\globalErrorHandler.js
FN:8,(anonymous_0)
FN:18,(anonymous_1)
FN:27,(anonymous_2)
FNF:3
FNH:1
FNDA:5,(anonymous_0)
FNDA:0,(anonymous_1)
FNDA:0,(anonymous_2)
DA:5,5
DA:6,5
DA:8,5
DA:9,5
DA:12,5
DA:13,5
DA:14,0
DA:18,5
DA:19,0
DA:20,0
DA:22,0
DA:23,0
DA:27,5
DA:28,0
DA:29,0
DA:31,0
DA:32,0
LF:17
LH:8
BRDA:13,0,0,0
BRDA:13,0,1,5
BRF:2
BRH:1
end_of_record
TN:
SF:src\middlewares\isAdminMiddleware.js
FN:1,(anonymous_0)
FNF:1
FNH:1
FNDA:12,(anonymous_0)
DA:1,6
DA:2,12
DA:3,1
DA:6,11
DA:7,5
DA:10,6
LF:6
LH:6
BRDA:2,0,0,1
BRDA:2,0,1,11
BRDA:6,1,0,5
BRDA:6,1,1,6
BRF:4
BRH:4
end_of_record
TN:
SF:src\middlewares\logger.js
FN:1,(anonymous_0)
FNF:1
FNH:1
FNDA:43,(anonymous_0)
DA:1,5
DA:2,43
DA:3,43
DA:4,43
LF:4
LH:4
BRF:0
BRH:0
end_of_record
TN:
SF:src\middlewares\rateLimiter.js
FN:12,(anonymous_0)
FN:24,(anonymous_1)
FN:36,(anonymous_2)
FNF:3
FNH:1
FNDA:11,(anonymous_0)
FNDA:0,(anonymous_1)
FNDA:0,(anonymous_2)
DA:4,5
DA:12,11
DA:16,5
DA:24,0
DA:28,5
DA:36,0
LF:6
LH:4
BRF:0
BRH:0
end_of_record
TN:
SF:src\middlewares\validation.js
FN:3,(anonymous_0)
FNF:1
FNH:1
FNDA:37,(anonymous_0)
DA:3,6
DA:4,37
DA:5,37
DA:6,1
DA:8,36
LF:5
LH:5
BRDA:5,0,0,1
BRDA:5,0,1,36
BRF:2
BRH:2
end_of_record
TN:
SF:src\middlewares\validators.js
FN:3,(anonymous_0)
FN:13,(anonymous_1)
FN:22,(anonymous_2)
FN:34,(anonymous_3)
FN:42,(anonymous_4)
FN:47,(anonymous_5)
FN:55,(anonymous_6)
FN:58,(anonymous_7)
FN:64,(anonymous_8)
FN:72,(anonymous_9)
FN:76,(anonymous_10)
FN:83,(anonymous_11)
FN:90,(anonymous_12)
FN:94,(anonymous_13)
FN:103,(anonymous_14)
FN:112,(anonymous_15)
FN:122,(anonymous_16)
FN:130,(anonymous_17)
FN:139,(anonymous_18)
FN:150,(anonymous_19)
FN:157,(anonymous_20)
FN:164,(anonymous_21)
FN:171,(anonymous_22)
FN:179,(anonymous_23)
FN:186,(anonymous_24)
FN:195,(anonymous_25)
FN:204,(anonymous_26)
FN:215,(anonymous_27)
FN:226,(anonymous_28)
FN:236,(anonymous_29)
FN:246,(anonymous_30)
FN:253,(anonymous_31)
FN:264,(anonymous_32)
FN:273,(anonymous_33)
FN:277,(anonymous_34)
FN:285,(anonymous_35)
FN:292,(anonymous_36)
FN:296,(anonymous_37)
FN:306,(anonymous_38)
FN:310,(anonymous_39)
FN:319,(anonymous_40)
FN:323,(anonymous_41)
FN:327,(anonymous_42)
FN:336,(anonymous_43)
FN:340,(anonymous_44)
FN:344,(anonymous_45)
FN:348,(anonymous_46)
FN:375,(anonymous_47)
FN:385,(anonymous_48)
FN:397,(anonymous_49)
FN:405,(anonymous_50)
FN:413,(anonymous_51)
FN:423,(anonymous_52)
FN:433,(anonymous_53)
FN:442,(anonymous_54)
FN:452,(anonymous_55)
FN:467,(anonymous_56)
FN:480,(anonymous_57)
FN:490,(anonymous_58)
FN:491,(anonymous_59)
FN:499,(anonymous_60)
FN:506,(anonymous_61)
FNF:62
FNH:61
FNDA:20,(anonymous_0)
FNDA:5,(anonymous_1)
FNDA:5,(anonymous_2)
FNDA:15,(anonymous_3)
FNDA:220,(anonymous_4)
FNDA:25,(anonymous_5)
FNDA:10,(anonymous_6)
FNDA:5,(anonymous_7)
FNDA:10,(anonymous_8)
FNDA:25,(anonymous_9)
FNDA:110,(anonymous_10)
FNDA:25,(anonymous_11)
FNDA:40,(anonymous_12)
FNDA:10,(anonymous_13)
FNDA:10,(anonymous_14)
FNDA:10,(anonymous_15)
FNDA:5,(anonymous_16)
FNDA:10,(anonymous_17)
FNDA:10,(anonymous_18)
FNDA:10,(anonymous_19)
FNDA:5,(anonymous_20)
FNDA:10,(anonymous_21)
FNDA:5,(anonymous_22)
FNDA:15,(anonymous_23)
FNDA:5,(anonymous_24)
FNDA:5,(anonymous_25)
FNDA:5,(anonymous_26)
FNDA:5,(anonymous_27)
FNDA:5,(anonymous_28)
FNDA:10,(anonymous_29)
FNDA:10,(anonymous_30)
FNDA:5,(anonymous_31)
FNDA:5,(anonymous_32)
FNDA:5,(anonymous_33)
FNDA:15,(anonymous_34)
FNDA:15,(anonymous_35)
FNDA:15,(anonymous_36)
FNDA:10,(anonymous_37)
FNDA:10,(anonymous_38)
FNDA:10,(anonymous_39)
FNDA:10,(anonymous_40)
FNDA:10,(anonymous_41)
FNDA:10,(anonymous_42)
FNDA:10,(anonymous_43)
FNDA:5,(anonymous_44)
FNDA:5,(anonymous_45)
FNDA:10,(anonymous_46)
FNDA:10,(anonymous_47)
FNDA:10,(anonymous_48)
FNDA:5,(anonymous_49)
FNDA:5,(anonymous_50)
FNDA:5,(anonymous_51)
FNDA:5,(anonymous_52)
FNDA:5,(anonymous_53)
FNDA:5,(anonymous_54)
FNDA:10,(anonymous_55)
FNDA:5,(anonymous_56)
FNDA:5,(anonymous_57)
FNDA:5,(anonymous_58)
FNDA:0,(anonymous_59)
FNDA:10,(anonymous_60)
FNDA:10,(anonymous_61)
DA:3,5
DA:4,20
DA:10,20
DA:13,5
DA:14,5
DA:22,5
DA:23,5
DA:29,5
DA:34,5
DA:35,15
DA:42,5
DA:43,220
DA:44,220
DA:47,25
DA:55,5
DA:56,10
DA:58,5
DA:59,5
DA:64,5
DA:65,10
DA:72,5
DA:73,25
DA:76,5
DA:77,110
DA:79,110
DA:83,5
DA:84,25
DA:86,25
DA:90,5
DA:91,40
DA:94,5
DA:95,10
DA:99,10
DA:103,5
DA:104,10
DA:112,5
DA:113,10
DA:122,5
DA:123,5
DA:130,5
DA:131,10
DA:135,10
DA:139,5
DA:140,10
DA:144,10
DA:150,5
DA:151,10
DA:157,5
DA:158,5
DA:164,5
DA:165,10
DA:171,5
DA:172,5
DA:179,5
DA:180,15
DA:186,5
DA:187,5
DA:195,5
DA:196,5
DA:204,5
DA:205,5
DA:215,5
DA:216,5
DA:226,5
DA:227,5
DA:236,5
DA:237,10
DA:246,5
DA:247,10
DA:253,5
DA:254,5
DA:264,5
DA:265,5
DA:273,5
DA:274,5
DA:277,5
DA:278,15
DA:285,5
DA:286,15
DA:292,5
DA:293,15
DA:296,5
DA:297,10
DA:302,10
DA:306,5
DA:307,10
DA:310,5
DA:311,10
DA:319,5
DA:320,10
DA:323,5
DA:324,10
DA:327,5
DA:328,10
DA:336,5
DA:337,10
DA:340,5
DA:341,5
DA:344,5
DA:345,5
DA:348,5
DA:349,10
DA:354,10
DA:355,5
DA:361,5
DA:365,5
DA:371,10
DA:375,5
DA:376,10
DA:381,10
DA:385,5
DA:386,10
DA:391,10
DA:397,5
DA:398,5
DA:405,5
DA:406,5
DA:413,5
DA:414,5
DA:423,5
DA:424,5
DA:433,5
DA:434,5
DA:442,5
DA:443,5
DA:452,5
DA:453,10
DA:461,10
DA:467,5
DA:468,5
DA:476,5
DA:480,5
DA:481,5
DA:490,5
DA:491,5
DA:492,0
DA:493,0
DA:495,0
DA:499,5
DA:500,10
DA:506,5
DA:507,10
LF:142
LH:139
BRDA:3,0,0,20
BRDA:10,1,0,5
BRDA:10,1,1,15
BRDA:22,2,0,5
BRDA:29,3,0,0
BRDA:29,3,1,5
BRDA:42,4,0,220
BRDA:42,5,0,220
BRDA:43,6,0,220
BRDA:43,6,1,0
BRDA:55,7,0,10
BRDA:58,8,0,5
BRDA:64,9,0,10
BRDA:72,10,0,25
BRDA:76,11,0,110
BRDA:79,12,0,25
BRDA:79,12,1,85
BRDA:83,13,0,25
BRDA:83,14,0,25
BRDA:86,15,0,15
BRDA:86,15,1,10
BRDA:94,16,0,10
BRDA:99,17,0,5
BRDA:99,17,1,5
BRDA:103,18,0,10
BRDA:103,19,0,10
BRDA:112,20,0,10
BRDA:130,21,0,10
BRDA:135,22,0,5
BRDA:135,22,1,5
BRDA:139,23,0,10
BRDA:144,24,0,5
BRDA:144,24,1,5
BRDA:186,25,0,5
BRDA:277,26,0,15
BRDA:277,27,0,15
BRDA:277,28,0,15
BRDA:285,29,0,15
BRDA:296,30,0,10
BRDA:296,31,0,10
BRDA:296,32,0,10
BRDA:302,33,0,5
BRDA:302,33,1,5
BRDA:348,34,0,10
BRDA:354,35,0,5
BRDA:354,35,1,5
BRDA:375,36,0,10
BRDA:381,37,0,5
BRDA:381,37,1,5
BRDA:385,38,0,10
BRDA:391,39,0,5
BRDA:391,39,1,5
BRDA:452,40,0,10
BRDA:461,41,0,5
BRDA:461,41,1,5
BRDA:467,42,0,5
BRDA:476,43,0,5
BRDA:476,43,1,0
BRDA:492,44,0,0
BRDA:492,44,1,0
BRF:60
BRH:55
end_of_record
TN:
SF:src\models\cart.js
FNF:0
FNH:0
DA:3,6
DA:25,6
LF:2
LH:2
BRF:0
BRH:0
end_of_record
TN:
SF:src\models\category.js
FNF:0
FNH:0
DA:3,6
DA:26,6
LF:2
LH:2
BRF:0
BRH:0
end_of_record
TN:
SF:src\models\notification.js
FNF:0
FNH:0
DA:3,6
DA:19,6
LF:2
LH:2
BRF:0
BRH:0
end_of_record
TN:
SF:src\models\order.js
FNF:0
FNH:0
DA:3,6
DA:58,6
LF:2
LH:2
BRF:0
BRH:0
end_of_record
TN:
SF:src\models\paymentMethod.js
FNF:0
FNH:0
DA:3,6
DA:49,6
LF:2
LH:2
BRF:0
BRH:0
end_of_record
TN:
SF:src\models\product.js
FNF:0
FNH:0
DA:3,6
DA:41,6
LF:2
LH:2
BRF:0
BRH:0
end_of_record
TN:
SF:src\models\review.js
FNF:0
FNH:0
DA:3,6
DA:26,6
LF:2
LH:2
BRF:0
BRH:0
end_of_record
TN:
SF:src\models\shippingAddress.js
FNF:0
FNH:0
DA:3,6
DA:58,6
LF:2
LH:2
BRF:0
BRH:0
end_of_record
TN:
SF:src\models\user.js
FNF:0
FNH:0
DA:3,6
DA:38,6
LF:2
LH:2
BRF:0
BRH:0
end_of_record
TN:
SF:src\models\wishList.js
FNF:0
FNH:0
DA:3,6
DA:24,6
LF:2
LH:2
BRF:0
BRH:0
end_of_record
TN:
SF:src\routes\authRoutes.js
FNF:0
FNH:0
DA:22,5
DA:25,5
DA:27,5
DA:41,5
DA:48,5
DA:50,5
LF:6
LH:6
BRF:0
BRH:0
end_of_record
TN:
SF:src\routes\cartRoutes.js
FNF:0
FNH:0
DA:24,5
DA:26,5
DA:28,5
DA:36,5
DA:48,5
DA:57,5
DA:74,5
DA:91,5
DA:100,5
DA:112,5
DA:123,5
LF:11
LH:11
BRF:0
BRH:0
end_of_record
TN:
SF:src\routes\categoryRoutes.js
FNF:0
FNH:0
DA:27,5
DA:29,5
DA:41,5
DA:42,5
DA:43,5
DA:56,5
DA:70,5
LF:7
LH:7
BRF:0
BRH:0
end_of_record
TN:
SF:src\routes\index.js
FNF:0
FNH:0
DA:15,5
DA:17,5
DA:18,5
DA:19,5
DA:20,5
DA:21,5
DA:22,5
DA:23,5
DA:24,5
DA:25,5
DA:26,5
DA:27,5
LF:12
LH:12
BRF:0
BRH:0
end_of_record
TN:
SF:src\routes\notificationRoutes.js
FNF:0
FNH:0
DA:24,5
DA:27,5
DA:30,5
DA:39,5
DA:48,5
DA:57,5
DA:66,5
DA:75,5
DA:84,5
DA:98,5
LF:10
LH:10
BRF:0
BRH:0
end_of_record
TN:
SF:src\routes\orderRoutes.js
FNF:0
FNH:0
DA:27,5
DA:30,5
DA:33,5
DA:42,5
DA:51,5
DA:73,5
DA:83,5
DA:93,5
DA:103,5
DA:118,5
LF:10
LH:10
BRF:0
BRH:0
end_of_record
TN:
SF:src\routes\paymentMethodRoutes.js
FNF:0
FNH:0
DA:28,5
DA:31,5
DA:34,5
DA:37,5
DA:40,5
DA:49,5
DA:67,5
DA:76,5
DA:85,5
DA:103,5
LF:10
LH:10
BRF:0
BRH:0
end_of_record
TN:
SF:src\routes\productRoutes.js
FNF:0
FNH:0
DA:33,5
DA:36,5
DA:38,5
DA:54,5
DA:61,5
DA:63,5
DA:79,5
DA:96,5
LF:8
LH:8
BRF:0
BRH:0
end_of_record
TN:
SF:src\routes\reviewRoutes.js
FNF:0
FNH:0
DA:19,5
DA:22,5
DA:31,5
DA:39,5
DA:42,5
DA:51,5
LF:6
LH:6
BRF:0
BRH:0
end_of_record
TN:
SF:src\routes\shippingAddressRoutes.js
FNF:0
FNH:0
DA:33,5
DA:36,5
DA:49,5
DA:58,5
DA:61,5
DA:64,5
DA:73,5
DA:93,5
DA:102,5
LF:9
LH:9
BRF:0
BRH:0
end_of_record
TN:
SF:src\routes\userRoutes.js
FNF:0
FNH:0
DA:40,5
DA:43,5
DA:51,5
DA:54,5
DA:64,5
DA:80,5
DA:90,5
DA:108,5
DA:111,5
DA:124,5
DA:139,5
DA:142,5
DA:152,5
LF:13
LH:13
BRF:0
BRH:0
end_of_record
TN:
SF:src\routes\wishListRoutes.js
FNF:0
FNH:0
DA:15,5
DA:18,5
DA:21,5
DA:30,5
DA:39,5
DA:48,5
DA:57,5
LF:7
LH:7
BRF:0
BRH:0
end_of_record
